#
# There is insufficient memory for the Java Runtime Environment to continue.
# Native memory allocation (mmap) failed to map 295698432 bytes for G1 virtual space
# Possible reasons:
#   The system is out of physical RAM or swap space
#   The process is running with CompressedOops enabled, and the Java Heap may be blocking the growth of the native heap
# Possible solutions:
#   Reduce memory load on the system
#   Increase physical memory or swap space
#   Check if swap backing store is full
#   Decrease Java heap size (-Xmx/-Xms)
#   Decrease number of Java threads
#   Decrease Java thread stack sizes (-Xss)
#   Set larger code cache with -XX:ReservedCodeCacheSize=
#   JVM is running with Unscaled Compressed Oops mode in which the Java heap is
#     placed in the first 4GB address space. The Java Heap base address is the
#     maximum limit for the native heap growth. Please use -XX:HeapBaseMinAddress
#     to set the Java Heap base and to place the Java Heap above 4GB virtual address.
# This output file may be truncated or incomplete.
#
#  Out of Memory Error (os_windows.cpp:3535), pid=13664, tid=4352
#
# JRE version: OpenJDK Runtime Environment Temurin-17.0.3+7 (17.0.3+7) (build 17.0.3+7)
# Java VM: OpenJDK 64-Bit Server VM Temurin-17.0.3+7 (17.0.3+7, mixed mode, tiered, compressed oops, compressed class ptrs, g1 gc, windows-amd64)
# No core dump will be written. Minidumps are not enabled by default on client versions of Windows
#

---------------  S U M M A R Y ------------

Command Line: -Dmaven.home=EMBEDDED -Dclassworlds.conf=C:\workspace\.metadata\.plugins\org.eclipse.m2e.launching\launches\m2conf9221140233638526146.tmp -Dmaven.multiModuleProjectDirectory=C:\PTC-AWS\Sprint-boot-aws-dynomo -Djansi.force=true -Djansi.passthrough=true -Djansi.passthrough=true -Dfile.encoding=UTF-8 -XX:+ShowCodeDetailsInExceptionMessages org.codehaus.plexus.classworlds.launcher.Launcher -B clean compile assembly:single -Dstyle.color=always -Dstyle.color=always

Host: AMD EPYC 7452 32-Core Processor                , 2 cores, 7G,  Windows 10 , 64 bit Build 19041 (10.0.19041.1806)
Time: Thu Jul 21 19:29:19 2022 India Standard Time elapsed time: 24.342853 seconds (0d 0h 0m 24s)

---------------  T H R E A D  ---------------

Current thread (0x000001b434e9c380):  VMThread "VM Thread" [stack: 0x00000079c9d00000,0x00000079c9e00000] [id=4352]

Stack: [0x00000079c9d00000,0x00000079c9e00000]
Native frames: (J=compiled Java code, j=interpreted, Vv=VM code, C=native code)
V  [jvm.dll+0x675efa]
V  [jvm.dll+0x830a24]
V  [jvm.dll+0x8321ce]
V  [jvm.dll+0x832833]
V  [jvm.dll+0x2454b5]
V  [jvm.dll+0x672de9]
V  [jvm.dll+0x667732]
V  [jvm.dll+0x3043ab]
V  [jvm.dll+0x30b8f6]
V  [jvm.dll+0x35b62e]
V  [jvm.dll+0x35b85f]
V  [jvm.dll+0x2db248]
V  [jvm.dll+0x2d94fc]
V  [jvm.dll+0x2d8acc]
V  [jvm.dll+0x31ca2b]
V  [jvm.dll+0x836cdb]
V  [jvm.dll+0x837a14]
V  [jvm.dll+0x837f2c]
V  [jvm.dll+0x838304]
V  [jvm.dll+0x8383d0]
V  [jvm.dll+0x7e0cfa]
V  [jvm.dll+0x674d85]
C  [ucrtbase.dll+0x21bb2]
C  [KERNEL32.DLL+0x17034]
C  [ntdll.dll+0x52651]

VM_Operation (0x00000079c97fd670): G1CollectForAllocation, mode: safepoint, requested by thread 0x000001b41ba8d980


---------------  P R O C E S S  ---------------

Threads class SMR info:
_java_thread_list=0x000001b4384efa90, length=12, elements={
0x000001b41ba8d980, 0x000001b434edf0d0, 0x000001b434f27e20, 0x000001b434edde80,
0x000001b434ef1200, 0x000001b434ef1ac0, 0x000001b434ef2380, 0x000001b434ef2c40,
0x000001b43585fb40, 0x000001b435862800, 0x000001b4359696a0, 0x000001b435987010
}

Java Threads: ( => current thread )
  0x000001b41ba8d980 JavaThread "main" [_thread_blocked, id=7672, stack(0x00000079c9700000,0x00000079c9800000)]
  0x000001b434edf0d0 JavaThread "Reference Handler" daemon [_thread_blocked, id=12792, stack(0x00000079c9e00000,0x00000079c9f00000)]
  0x000001b434f27e20 JavaThread "Finalizer" daemon [_thread_blocked, id=9440, stack(0x00000079c9f00000,0x00000079ca000000)]
  0x000001b434edde80 JavaThread "Signal Dispatcher" daemon [_thread_blocked, id=9868, stack(0x00000079ca000000,0x00000079ca100000)]
  0x000001b434ef1200 JavaThread "Attach Listener" daemon [_thread_blocked, id=8800, stack(0x00000079ca100000,0x00000079ca200000)]
  0x000001b434ef1ac0 JavaThread "Service Thread" daemon [_thread_blocked, id=13228, stack(0x00000079ca200000,0x00000079ca300000)]
  0x000001b434ef2380 JavaThread "Monitor Deflation Thread" daemon [_thread_blocked, id=13636, stack(0x00000079ca300000,0x00000079ca400000)]
  0x000001b434ef2c40 JavaThread "C2 CompilerThread0" daemon [_thread_in_native, id=4856, stack(0x00000079ca400000,0x00000079ca500000)]
  0x000001b43585fb40 JavaThread "C1 CompilerThread0" daemon [_thread_blocked, id=13048, stack(0x00000079ca500000,0x00000079ca600000)]
  0x000001b435862800 JavaThread "Sweeper thread" daemon [_thread_blocked, id=840, stack(0x00000079ca600000,0x00000079ca700000)]
  0x000001b4359696a0 JavaThread "Notification Thread" daemon [_thread_blocked, id=14276, stack(0x00000079ca700000,0x00000079ca800000)]
  0x000001b435987010 JavaThread "Common-Cleaner" daemon [_thread_blocked, id=9472, stack(0x00000079ca900000,0x00000079caa00000)]

Other Threads:
=>0x000001b434e9c380 VMThread "VM Thread" [stack: 0x00000079c9d00000,0x00000079c9e00000] [id=4352]
  0x000001b435971b90 WatcherThread [stack: 0x00000079ca800000,0x00000079ca900000] [id=4904]
  0x000001b41baeae00 GCTaskThread "GC Thread#0" [stack: 0x00000079c9800000,0x00000079c9900000] [id=14148]
  0x000001b4360f3da0 GCTaskThread "GC Thread#1" [stack: 0x00000079caa00000,0x00000079cab00000] [id=4900]
  0x000001b41bafcc60 ConcurrentGCThread "G1 Main Marker" [stack: 0x00000079c9900000,0x00000079c9a00000] [id=14272]
  0x000001b41bafde60 ConcurrentGCThread "G1 Conc#0" [stack: 0x00000079c9a00000,0x00000079c9b00000] [id=12828]
  0x000001b41bb6a9b0 ConcurrentGCThread "G1 Refine#0" [stack: 0x00000079c9b00000,0x00000079c9c00000] [id=6192]
  0x000001b437455020 ConcurrentGCThread "G1 Refine#1" [stack: 0x00000079cab00000,0x00000079cac00000] [id=6200]
  0x000001b41bb6bbc0 ConcurrentGCThread "G1 Service" [stack: 0x00000079c9c00000,0x00000079c9d00000] [id=2736]

Threads with active compile tasks:
C2 CompilerThread0    24358 9905       4       org.apache.commons.compress.archivers.zip.ZipArchiveOutputStream::createCentralFileHeader (482 bytes)

VM state: at safepoint (normal execution)

VM Mutex/Monitor currently owned by a thread:  ([mutex/lock_event])
[0x000001b41ba87a10] Threads_lock - owner thread: 0x000001b434e9c380
[0x000001b41ba888b0] Heap_lock - owner thread: 0x000001b41ba8d980

Heap address: 0x0000000080000000, size: 2048 MB, Compressed Oops mode: 32-bit

CDS archive(s) not mapped
Compressed class space mapped at: 0x0000000100000000-0x0000000140000000, reserved size: 1073741824
Narrow klass base: 0x0000000000000000, Narrow klass shift: 3, Narrow klass range: 0x140000000

GC Precious Log:
 CPUs: 2 total, 2 available
 Memory: 8191M
 Large Page Support: Disabled
 NUMA Support: Disabled
 Compressed Oops: Enabled (32-bit)
 Heap Region Size: 1M
 Heap Min Capacity: 8M
 Heap Initial Capacity: 128M
 Heap Max Capacity: 2G
 Pre-touch: Disabled
 Parallel Workers: 2
 Concurrent Workers: 1
 Concurrent Refinement Workers: 2
 Periodic GC: Disabled

Heap:
 garbage-first heap   total 288768K, used 223076K [0x0000000080000000, 0x0000000100000000)
  region size 1024K, 1 young (1024K), 1 survivors (1024K)
 Metaspace       used 53277K, committed 53952K, reserved 1097728K
  class space    used 5823K, committed 6144K, reserved 1048576K

Heap Regions: E=young(eden), S=young(survivor), O=old, HS=humongous(starts), HC=humongous(continues), CS=collection set, F=free, OA=open archive, CA=closed archive, TAMS=top-at-mark-start (previous, next)
|   0|0x0000000080000000, 0x0000000080100000, 0x0000000080100000|100%| O|  |TAMS 0x0000000080100000, 0x0000000080000000| Untracked 
|   1|0x0000000080100000, 0x0000000080200000, 0x0000000080200000|100%| O|  |TAMS 0x0000000080200000, 0x0000000080100000| Untracked 
|   2|0x0000000080200000, 0x0000000080300000, 0x0000000080300000|100%| O|  |TAMS 0x0000000080300000, 0x0000000080200000| Untracked 
|   3|0x0000000080300000, 0x0000000080400000, 0x0000000080400000|100%| O|  |TAMS 0x0000000080400000, 0x0000000080300000| Untracked 
|   4|0x0000000080400000, 0x0000000080500000, 0x0000000080500000|100%| O|  |TAMS 0x0000000080500000, 0x0000000080400000| Untracked 
|   5|0x0000000080500000, 0x0000000080600000, 0x0000000080600000|100%| O|  |TAMS 0x0000000080600000, 0x0000000080500000| Untracked 
|   6|0x0000000080600000, 0x0000000080700000, 0x0000000080700000|100%| O|  |TAMS 0x0000000080700000, 0x0000000080600000| Untracked 
|   7|0x0000000080700000, 0x0000000080800000, 0x0000000080800000|100%| O|  |TAMS 0x0000000080800000, 0x0000000080700000| Untracked 
|   8|0x0000000080800000, 0x0000000080900000, 0x0000000080900000|100%| O|  |TAMS 0x0000000080900000, 0x0000000080800000| Untracked 
|   9|0x0000000080900000, 0x0000000080a00000, 0x0000000080a00000|100%| O|  |TAMS 0x0000000080a00000, 0x0000000080900000| Untracked 
|  10|0x0000000080a00000, 0x0000000080b00000, 0x0000000080b00000|100%| O|  |TAMS 0x0000000080b00000, 0x0000000080a00000| Untracked 
|  11|0x0000000080b00000, 0x0000000080c00000, 0x0000000080c00000|100%| O|  |TAMS 0x0000000080c00000, 0x0000000080b00000| Untracked 
|  12|0x0000000080c00000, 0x0000000080d00000, 0x0000000080d00000|100%| O|  |TAMS 0x0000000080d00000, 0x0000000080c00000| Untracked 
|  13|0x0000000080d00000, 0x0000000080e00000, 0x0000000080e00000|100%| O|  |TAMS 0x0000000080e00000, 0x0000000080d00000| Untracked 
|  14|0x0000000080e00000, 0x0000000080f00000, 0x0000000080f00000|100%| O|  |TAMS 0x0000000080f00000, 0x0000000080e00000| Untracked 
|  15|0x0000000080f00000, 0x0000000081000000, 0x0000000081000000|100%| O|  |TAMS 0x0000000081000000, 0x0000000080f00000| Untracked 
|  16|0x0000000081000000, 0x0000000081100000, 0x0000000081100000|100%| O|  |TAMS 0x0000000081100000, 0x0000000081000000| Untracked 
|  17|0x0000000081100000, 0x0000000081200000, 0x0000000081200000|100%| O|  |TAMS 0x0000000081200000, 0x0000000081100000| Untracked 
|  18|0x0000000081200000, 0x0000000081300000, 0x0000000081300000|100%| O|  |TAMS 0x0000000081300000, 0x0000000081200000| Untracked 
|  19|0x0000000081300000, 0x0000000081400000, 0x0000000081400000|100%| O|  |TAMS 0x0000000081300000, 0x0000000081300000| Untracked 
|  20|0x0000000081400000, 0x0000000081500000, 0x0000000081500000|100%| O|  |TAMS 0x0000000081500000, 0x0000000081400000| Untracked 
|  21|0x0000000081500000, 0x0000000081600000, 0x0000000081600000|100%| O|  |TAMS 0x0000000081500000, 0x0000000081500000| Untracked 
|  22|0x0000000081600000, 0x0000000081700000, 0x0000000081700000|100%| O|  |TAMS 0x0000000081600000, 0x0000000081600000| Untracked 
|  23|0x0000000081700000, 0x0000000081800000, 0x0000000081800000|100%| O|  |TAMS 0x0000000081700000, 0x0000000081700000| Untracked 
|  24|0x0000000081800000, 0x0000000081900000, 0x0000000081900000|100%| O|  |TAMS 0x0000000081800000, 0x0000000081800000| Untracked 
|  25|0x0000000081900000, 0x0000000081a00000, 0x0000000081a00000|100%| O|  |TAMS 0x0000000081900000, 0x0000000081900000| Untracked 
|  26|0x0000000081a00000, 0x0000000081b00000, 0x0000000081b00000|100%| O|  |TAMS 0x0000000081b00000, 0x0000000081a00000| Untracked 
|  27|0x0000000081b00000, 0x0000000081c00000, 0x0000000081c00000|100%| O|  |TAMS 0x0000000081c00000, 0x0000000081b00000| Untracked 
|  28|0x0000000081c00000, 0x0000000081d00000, 0x0000000081d00000|100%| O|  |TAMS 0x0000000081d00000, 0x0000000081c00000| Untracked 
|  29|0x0000000081d00000, 0x0000000081e00000, 0x0000000081e00000|100%| O|  |TAMS 0x0000000081d00000, 0x0000000081d00000| Untracked 
|  30|0x0000000081e00000, 0x0000000081f00000, 0x0000000081f00000|100%|HS|  |TAMS 0x0000000081f00000, 0x0000000081e00000| Complete 
|  31|0x0000000081f00000, 0x0000000082000000, 0x0000000082000000|100%| O|  |TAMS 0x0000000082000000, 0x0000000081f00000| Untracked 
|  32|0x0000000082000000, 0x0000000082100000, 0x0000000082100000|100%| O|  |TAMS 0x0000000082100000, 0x0000000082000000| Untracked 
|  33|0x0000000082100000, 0x0000000082200000, 0x0000000082200000|100%| O|  |TAMS 0x0000000082200000, 0x0000000082100000| Untracked 
|  34|0x0000000082200000, 0x0000000082300000, 0x0000000082300000|100%| O|  |TAMS 0x0000000082300000, 0x0000000082200000| Untracked 
|  35|0x0000000082300000, 0x0000000082400000, 0x0000000082400000|100%|HS|  |TAMS 0x0000000082400000, 0x0000000082300000| Complete 
|  36|0x0000000082400000, 0x0000000082500000, 0x0000000082500000|100%|HC|  |TAMS 0x0000000082500000, 0x0000000082400000| Complete 
|  37|0x0000000082500000, 0x0000000082600000, 0x0000000082600000|100%| O|  |TAMS 0x0000000082600000, 0x0000000082500000| Untracked 
|  38|0x0000000082600000, 0x0000000082700000, 0x0000000082700000|100%| O|  |TAMS 0x0000000082600000, 0x0000000082600000| Untracked 
|  39|0x0000000082700000, 0x0000000082800000, 0x0000000082800000|100%| O|  |TAMS 0x0000000082800000, 0x0000000082700000| Untracked 
|  40|0x0000000082800000, 0x0000000082900000, 0x0000000082900000|100%| O|  |TAMS 0x0000000082900000, 0x0000000082800000| Untracked 
|  41|0x0000000082900000, 0x0000000082a00000, 0x0000000082a00000|100%| O|  |TAMS 0x0000000082a00000, 0x0000000082900000| Untracked 
|  42|0x0000000082a00000, 0x0000000082b00000, 0x0000000082b00000|100%| O|  |TAMS 0x0000000082b00000, 0x0000000082a00000| Untracked 
|  43|0x0000000082b00000, 0x0000000082c00000, 0x0000000082c00000|100%| O|  |TAMS 0x0000000082c00000, 0x0000000082b00000| Untracked 
|  44|0x0000000082c00000, 0x0000000082d00000, 0x0000000082d00000|100%| O|  |TAMS 0x0000000082d00000, 0x0000000082c00000| Untracked 
|  45|0x0000000082d00000, 0x0000000082e00000, 0x0000000082e00000|100%| O|  |TAMS 0x0000000082e00000, 0x0000000082d00000| Untracked 
|  46|0x0000000082e00000, 0x0000000082f00000, 0x0000000082f00000|100%| O|  |TAMS 0x0000000082f00000, 0x0000000082e00000| Untracked 
|  47|0x0000000082f00000, 0x0000000083000000, 0x0000000083000000|100%| O|  |TAMS 0x0000000083000000, 0x0000000082f00000| Untracked 
|  48|0x0000000083000000, 0x0000000083100000, 0x0000000083100000|100%| O|  |TAMS 0x0000000083100000, 0x0000000083000000| Untracked 
|  49|0x0000000083100000, 0x0000000083200000, 0x0000000083200000|100%| O|  |TAMS 0x0000000083200000, 0x0000000083100000| Untracked 
|  50|0x0000000083200000, 0x0000000083300000, 0x0000000083300000|100%| O|  |TAMS 0x0000000083300000, 0x0000000083200000| Untracked 
|  51|0x0000000083300000, 0x0000000083400000, 0x0000000083400000|100%| O|  |TAMS 0x0000000083400000, 0x0000000083300000| Untracked 
|  52|0x0000000083400000, 0x0000000083500000, 0x0000000083500000|100%| O|  |TAMS 0x0000000083500000, 0x0000000083400000| Untracked 
|  53|0x0000000083500000, 0x0000000083600000, 0x0000000083600000|100%| O|  |TAMS 0x0000000083600000, 0x0000000083500000| Untracked 
|  54|0x0000000083600000, 0x0000000083700000, 0x0000000083700000|100%| O|  |TAMS 0x0000000083700000, 0x0000000083600000| Untracked 
|  55|0x0000000083700000, 0x0000000083800000, 0x0000000083800000|100%| O|  |TAMS 0x0000000083800000, 0x0000000083700000| Untracked 
|  56|0x0000000083800000, 0x0000000083900000, 0x0000000083900000|100%| O|  |TAMS 0x0000000083900000, 0x0000000083800000| Untracked 
|  57|0x0000000083900000, 0x0000000083a00000, 0x0000000083a00000|100%| O|  |TAMS 0x0000000083a00000, 0x0000000083900000| Untracked 
|  58|0x0000000083a00000, 0x0000000083b00000, 0x0000000083b00000|100%| O|  |TAMS 0x0000000083b00000, 0x0000000083a00000| Untracked 
|  59|0x0000000083b00000, 0x0000000083c00000, 0x0000000083c00000|100%| O|  |TAMS 0x0000000083b87600, 0x0000000083b00000| Untracked 
|  60|0x0000000083c00000, 0x0000000083d00000, 0x0000000083d00000|100%|HS|  |TAMS 0x0000000083d00000, 0x0000000083c00000| Complete 
|  61|0x0000000083d00000, 0x0000000083e00000, 0x0000000083e00000|100%|HC|  |TAMS 0x0000000083e00000, 0x0000000083d00000| Complete 
|  62|0x0000000083e00000, 0x0000000083f00000, 0x0000000083f00000|100%|HC|  |TAMS 0x0000000083f00000, 0x0000000083e00000| Complete 
|  63|0x0000000083f00000, 0x0000000084000000, 0x0000000084000000|100%|HC|  |TAMS 0x0000000084000000, 0x0000000083f00000| Complete 
|  64|0x0000000084000000, 0x0000000084100000, 0x0000000084100000|100%|HC|  |TAMS 0x0000000084100000, 0x0000000084000000| Complete 
|  65|0x0000000084100000, 0x0000000084200000, 0x0000000084200000|100%|HS|  |TAMS 0x0000000084200000, 0x0000000084100000| Complete 
|  66|0x0000000084200000, 0x0000000084300000, 0x0000000084300000|100%|HC|  |TAMS 0x0000000084300000, 0x0000000084200000| Complete 
|  67|0x0000000084300000, 0x0000000084400000, 0x0000000084400000|100%|HC|  |TAMS 0x0000000084400000, 0x0000000084300000| Complete 
|  68|0x0000000084400000, 0x0000000084500000, 0x0000000084500000|100%|HC|  |TAMS 0x0000000084500000, 0x0000000084400000| Complete 
|  69|0x0000000084500000, 0x0000000084600000, 0x0000000084600000|100%|HC|  |TAMS 0x0000000084600000, 0x0000000084500000| Complete 
|  70|0x0000000084600000, 0x0000000084700000, 0x0000000084700000|100%|HS|  |TAMS 0x0000000084700000, 0x0000000084600000| Complete 
|  71|0x0000000084700000, 0x0000000084800000, 0x0000000084800000|100%|HC|  |TAMS 0x0000000084800000, 0x0000000084700000| Complete 
|  72|0x0000000084800000, 0x0000000084900000, 0x0000000084900000|100%|HC|  |TAMS 0x0000000084900000, 0x0000000084800000| Complete 
|  73|0x0000000084900000, 0x0000000084a00000, 0x0000000084a00000|100%|HC|  |TAMS 0x0000000084a00000, 0x0000000084900000| Complete 
|  74|0x0000000084a00000, 0x0000000084b00000, 0x0000000084b00000|100%|HC|  |TAMS 0x0000000084b00000, 0x0000000084a00000| Complete 
|  75|0x0000000084b00000, 0x0000000084c00000, 0x0000000084c00000|100%|HS|  |TAMS 0x0000000084c00000, 0x0000000084b00000| Complete 
|  76|0x0000000084c00000, 0x0000000084d00000, 0x0000000084d00000|100%|HC|  |TAMS 0x0000000084d00000, 0x0000000084c00000| Complete 
|  77|0x0000000084d00000, 0x0000000084e00000, 0x0000000084e00000|100%|HC|  |TAMS 0x0000000084e00000, 0x0000000084d00000| Complete 
|  78|0x0000000084e00000, 0x0000000084f00000, 0x0000000084f00000|100%|HC|  |TAMS 0x0000000084f00000, 0x0000000084e00000| Complete 
|  79|0x0000000084f00000, 0x0000000085000000, 0x0000000085000000|100%|HC|  |TAMS 0x0000000085000000, 0x0000000084f00000| Complete 
|  80|0x0000000085000000, 0x0000000085100000, 0x0000000085100000|100%|HS|  |TAMS 0x0000000085100000, 0x0000000085000000| Complete 
|  81|0x0000000085100000, 0x0000000085200000, 0x0000000085200000|100%|HC|  |TAMS 0x0000000085200000, 0x0000000085100000| Complete 
|  82|0x0000000085200000, 0x0000000085300000, 0x0000000085300000|100%|HC|  |TAMS 0x0000000085300000, 0x0000000085200000| Complete 
|  83|0x0000000085300000, 0x0000000085400000, 0x0000000085400000|100%|HC|  |TAMS 0x0000000085400000, 0x0000000085300000| Complete 
|  84|0x0000000085400000, 0x0000000085500000, 0x0000000085500000|100%|HC|  |TAMS 0x0000000085500000, 0x0000000085400000| Complete 
|  85|0x0000000085500000, 0x0000000085600000, 0x0000000085600000|100%|HC|  |TAMS 0x0000000085600000, 0x0000000085500000| Complete 
|  86|0x0000000085600000, 0x0000000085700000, 0x0000000085700000|100%|HC|  |TAMS 0x0000000085700000, 0x0000000085600000| Complete 
|  87|0x0000000085700000, 0x0000000085800000, 0x0000000085800000|100%|HC|  |TAMS 0x0000000085800000, 0x0000000085700000| Complete 
|  88|0x0000000085800000, 0x0000000085900000, 0x0000000085900000|100%|HC|  |TAMS 0x0000000085900000, 0x0000000085800000| Complete 
|  89|0x0000000085900000, 0x0000000085a00000, 0x0000000085a00000|100%|HC|  |TAMS 0x0000000085a00000, 0x0000000085900000| Complete 
|  90|0x0000000085a00000, 0x0000000085b00000, 0x0000000085b00000|100%| O|  |TAMS 0x0000000085a00000, 0x0000000085a00000| Untracked 
|  91|0x0000000085b00000, 0x0000000085c00000, 0x0000000085c00000|100%| O|  |TAMS 0x0000000085b00000, 0x0000000085b00000| Untracked 
|  92|0x0000000085c00000, 0x0000000085d00000, 0x0000000085d00000|100%| O|  |TAMS 0x0000000085c00000, 0x0000000085c00000| Untracked 
|  93|0x0000000085d00000, 0x0000000085e00000, 0x0000000085e00000|100%| O|  |TAMS 0x0000000085d00000, 0x0000000085d00000| Untracked 
|  94|0x0000000085e00000, 0x0000000085f00000, 0x0000000085f00000|100%| O|  |TAMS 0x0000000085e00000, 0x0000000085e00000| Untracked 
|  95|0x0000000085f00000, 0x0000000086000000, 0x0000000086000000|100%| O|  |TAMS 0x0000000085f00000, 0x0000000085f00000| Untracked 
|  96|0x0000000086000000, 0x0000000086100000, 0x0000000086100000|100%| O|  |TAMS 0x0000000086000000, 0x0000000086000000| Untracked 
|  97|0x0000000086100000, 0x0000000086200000, 0x0000000086200000|100%| O|  |TAMS 0x0000000086100000, 0x0000000086100000| Untracked 
|  98|0x0000000086200000, 0x0000000086300000, 0x0000000086300000|100%| O|  |TAMS 0x0000000086200000, 0x0000000086200000| Untracked 
|  99|0x0000000086300000, 0x0000000086400000, 0x0000000086400000|100%| O|  |TAMS 0x0000000086300000, 0x0000000086300000| Untracked 
| 100|0x0000000086400000, 0x0000000086500000, 0x0000000086500000|100%| O|  |TAMS 0x0000000086400000, 0x0000000086400000| Untracked 
| 101|0x0000000086500000, 0x0000000086600000, 0x0000000086600000|100%| O|  |TAMS 0x0000000086500000, 0x0000000086500000| Untracked 
| 102|0x0000000086600000, 0x0000000086700000, 0x0000000086700000|100%| O|  |TAMS 0x0000000086600000, 0x0000000086600000| Untracked 
| 103|0x0000000086700000, 0x0000000086800000, 0x0000000086800000|100%| O|  |TAMS 0x0000000086700000, 0x0000000086700000| Untracked 
| 104|0x0000000086800000, 0x0000000086900000, 0x0000000086900000|100%| O|  |TAMS 0x0000000086800000, 0x0000000086800000| Untracked 
| 105|0x0000000086900000, 0x0000000086a00000, 0x0000000086a00000|100%| O|  |TAMS 0x0000000086900000, 0x0000000086900000| Untracked 
| 106|0x0000000086a00000, 0x0000000086b00000, 0x0000000086b00000|100%| O|  |TAMS 0x0000000086a00000, 0x0000000086a00000| Untracked 
| 107|0x0000000086b00000, 0x0000000086c00000, 0x0000000086c00000|100%| O|  |TAMS 0x0000000086b00000, 0x0000000086b00000| Untracked 
| 108|0x0000000086c00000, 0x0000000086d00000, 0x0000000086d00000|100%| O|  |TAMS 0x0000000086c00000, 0x0000000086c00000| Untracked 
| 109|0x0000000086d00000, 0x0000000086e00000, 0x0000000086e00000|100%| O|  |TAMS 0x0000000086d00000, 0x0000000086d00000| Untracked 
| 110|0x0000000086e00000, 0x0000000086f00000, 0x0000000086f00000|100%| O|  |TAMS 0x0000000086e00000, 0x0000000086e00000| Untracked 
| 111|0x0000000086f00000, 0x0000000087000000, 0x0000000087000000|100%| O|  |TAMS 0x0000000086f00000, 0x0000000086f00000| Untracked 
| 112|0x0000000087000000, 0x0000000087100000, 0x0000000087100000|100%| O|  |TAMS 0x0000000087000000, 0x0000000087000000| Untracked 
| 113|0x0000000087100000, 0x0000000087200000, 0x0000000087200000|100%| O|  |TAMS 0x0000000087100000, 0x0000000087100000| Untracked 
| 114|0x0000000087200000, 0x0000000087300000, 0x0000000087300000|100%| O|  |TAMS 0x0000000087200000, 0x0000000087200000| Untracked 
| 115|0x0000000087300000, 0x0000000087400000, 0x0000000087400000|100%| O|  |TAMS 0x0000000087300000, 0x0000000087300000| Untracked 
| 116|0x0000000087400000, 0x0000000087500000, 0x0000000087500000|100%| O|  |TAMS 0x0000000087400000, 0x0000000087400000| Untracked 
| 117|0x0000000087500000, 0x0000000087600000, 0x0000000087600000|100%| O|  |TAMS 0x0000000087500000, 0x0000000087500000| Untracked 
| 118|0x0000000087600000, 0x0000000087700000, 0x0000000087700000|100%| O|  |TAMS 0x0000000087600000, 0x0000000087600000| Untracked 
| 119|0x0000000087700000, 0x0000000087800000, 0x0000000087800000|100%| O|  |TAMS 0x0000000087700000, 0x0000000087700000| Untracked 
| 120|0x0000000087800000, 0x0000000087900000, 0x0000000087900000|100%| O|  |TAMS 0x0000000087800000, 0x0000000087800000| Untracked 
| 121|0x0000000087900000, 0x0000000087a00000, 0x0000000087a00000|100%| O|  |TAMS 0x0000000087900000, 0x0000000087900000| Untracked 
| 122|0x0000000087a00000, 0x0000000087b00000, 0x0000000087b00000|100%| O|  |TAMS 0x0000000087a00000, 0x0000000087a00000| Untracked 
| 123|0x0000000087b00000, 0x0000000087c00000, 0x0000000087c00000|100%| O|  |TAMS 0x0000000087b00000, 0x0000000087b00000| Untracked 
| 124|0x0000000087c00000, 0x0000000087d00000, 0x0000000087d00000|100%| O|  |TAMS 0x0000000087c00000, 0x0000000087c00000| Untracked 
| 125|0x0000000087d00000, 0x0000000087e00000, 0x0000000087e00000|100%| O|  |TAMS 0x0000000087d00000, 0x0000000087d00000| Untracked 
| 126|0x0000000087e00000, 0x0000000087f00000, 0x0000000087f00000|100%| O|  |TAMS 0x0000000087e00000, 0x0000000087e00000| Untracked 
| 127|0x0000000087f00000, 0x0000000088000000, 0x0000000088000000|100%| O|  |TAMS 0x0000000087f00000, 0x0000000087f00000| Untracked 
| 128|0x0000000088000000, 0x0000000088100000, 0x0000000088100000|100%| O|  |TAMS 0x0000000088000000, 0x0000000088000000| Untracked 
| 129|0x0000000088100000, 0x0000000088200000, 0x0000000088200000|100%| O|  |TAMS 0x0000000088100000, 0x0000000088100000| Untracked 
| 130|0x0000000088200000, 0x0000000088300000, 0x0000000088300000|100%| O|  |TAMS 0x0000000088200000, 0x0000000088200000| Untracked 
| 131|0x0000000088300000, 0x0000000088400000, 0x0000000088400000|100%| O|  |TAMS 0x0000000088300000, 0x0000000088300000| Untracked 
| 132|0x0000000088400000, 0x0000000088500000, 0x0000000088500000|100%| O|  |TAMS 0x0000000088400000, 0x0000000088400000| Untracked 
| 133|0x0000000088500000, 0x0000000088600000, 0x0000000088600000|100%| O|  |TAMS 0x0000000088500000, 0x0000000088500000| Untracked 
| 134|0x0000000088600000, 0x0000000088700000, 0x0000000088700000|100%| O|  |TAMS 0x0000000088600000, 0x0000000088600000| Untracked 
| 135|0x0000000088700000, 0x0000000088800000, 0x0000000088800000|100%| O|  |TAMS 0x0000000088700000, 0x0000000088700000| Untracked 
| 136|0x0000000088800000, 0x0000000088900000, 0x0000000088900000|100%| O|  |TAMS 0x0000000088800000, 0x0000000088800000| Untracked 
| 137|0x0000000088900000, 0x0000000088a00000, 0x0000000088a00000|100%| O|  |TAMS 0x0000000088900000, 0x0000000088900000| Untracked 
| 138|0x0000000088a00000, 0x0000000088b00000, 0x0000000088b00000|100%| O|  |TAMS 0x0000000088a00000, 0x0000000088a00000| Untracked 
| 139|0x0000000088b00000, 0x0000000088c00000, 0x0000000088c00000|100%| O|  |TAMS 0x0000000088b00000, 0x0000000088b00000| Untracked 
| 140|0x0000000088c00000, 0x0000000088d00000, 0x0000000088d00000|100%|HS|  |TAMS 0x0000000088c00000, 0x0000000088c00000| Complete 
| 141|0x0000000088d00000, 0x0000000088e00000, 0x0000000088e00000|100%|HC|  |TAMS 0x0000000088d00000, 0x0000000088d00000| Complete 
| 142|0x0000000088e00000, 0x0000000088f00000, 0x0000000088f00000|100%|HC|  |TAMS 0x0000000088e00000, 0x0000000088e00000| Complete 
| 143|0x0000000088f00000, 0x0000000089000000, 0x0000000089000000|100%|HC|  |TAMS 0x0000000088f00000, 0x0000000088f00000| Complete 
| 144|0x0000000089000000, 0x0000000089100000, 0x0000000089100000|100%|HC|  |TAMS 0x0000000089000000, 0x0000000089000000| Complete 
| 145|0x0000000089100000, 0x0000000089200000, 0x0000000089200000|100%|HS|  |TAMS 0x0000000089100000, 0x0000000089100000| Complete 
| 146|0x0000000089200000, 0x0000000089300000, 0x0000000089300000|100%|HC|  |TAMS 0x0000000089200000, 0x0000000089200000| Complete 
| 147|0x0000000089300000, 0x0000000089400000, 0x0000000089400000|100%|HC|  |TAMS 0x0000000089300000, 0x0000000089300000| Complete 
| 148|0x0000000089400000, 0x0000000089500000, 0x0000000089500000|100%|HC|  |TAMS 0x0000000089400000, 0x0000000089400000| Complete 
| 149|0x0000000089500000, 0x0000000089600000, 0x0000000089600000|100%|HC|  |TAMS 0x0000000089500000, 0x0000000089500000| Complete 
| 150|0x0000000089600000, 0x0000000089700000, 0x0000000089700000|100%| O|  |TAMS 0x0000000089600000, 0x0000000089600000| Untracked 
| 151|0x0000000089700000, 0x0000000089800000, 0x0000000089800000|100%| O|  |TAMS 0x0000000089700000, 0x0000000089700000| Untracked 
| 152|0x0000000089800000, 0x0000000089900000, 0x0000000089900000|100%|HS|  |TAMS 0x0000000089800000, 0x0000000089800000| Complete 
| 153|0x0000000089900000, 0x0000000089a00000, 0x0000000089a00000|100%|HC|  |TAMS 0x0000000089900000, 0x0000000089900000| Complete 
| 154|0x0000000089a00000, 0x0000000089b00000, 0x0000000089b00000|100%|HC|  |TAMS 0x0000000089a00000, 0x0000000089a00000| Complete 
| 155|0x0000000089b00000, 0x0000000089c00000, 0x0000000089c00000|100%|HC|  |TAMS 0x0000000089b00000, 0x0000000089b00000| Complete 
| 156|0x0000000089c00000, 0x0000000089d00000, 0x0000000089d00000|100%|HC|  |TAMS 0x0000000089c00000, 0x0000000089c00000| Complete 
| 157|0x0000000089d00000, 0x0000000089e00000, 0x0000000089e00000|100%|HC|  |TAMS 0x0000000089d00000, 0x0000000089d00000| Complete 
| 158|0x0000000089e00000, 0x0000000089f00000, 0x0000000089f00000|100%|HC|  |TAMS 0x0000000089e00000, 0x0000000089e00000| Complete 
| 159|0x0000000089f00000, 0x000000008a000000, 0x000000008a000000|100%|HC|  |TAMS 0x0000000089f00000, 0x0000000089f00000| Complete 
| 160|0x000000008a000000, 0x000000008a100000, 0x000000008a100000|100%|HC|  |TAMS 0x000000008a000000, 0x000000008a000000| Complete 
| 161|0x000000008a100000, 0x000000008a200000, 0x000000008a200000|100%|HC|  |TAMS 0x000000008a100000, 0x000000008a100000| Complete 
| 162|0x000000008a200000, 0x000000008a300000, 0x000000008a300000|100%|HC|  |TAMS 0x000000008a200000, 0x000000008a200000| Complete 
| 163|0x000000008a300000, 0x000000008a400000, 0x000000008a400000|100%|HC|  |TAMS 0x000000008a300000, 0x000000008a300000| Complete 
| 164|0x000000008a400000, 0x000000008a500000, 0x000000008a500000|100%|HC|  |TAMS 0x000000008a400000, 0x000000008a400000| Complete 
| 165|0x000000008a500000, 0x000000008a600000, 0x000000008a600000|100%|HC|  |TAMS 0x000000008a500000, 0x000000008a500000| Complete 
| 166|0x000000008a600000, 0x000000008a700000, 0x000000008a700000|100%|HC|  |TAMS 0x000000008a600000, 0x000000008a600000| Complete 
| 167|0x000000008a700000, 0x000000008a800000, 0x000000008a800000|100%|HC|  |TAMS 0x000000008a700000, 0x000000008a700000| Complete 
| 168|0x000000008a800000, 0x000000008a900000, 0x000000008a900000|100%|HC|  |TAMS 0x000000008a800000, 0x000000008a800000| Complete 
| 169|0x000000008a900000, 0x000000008aa00000, 0x000000008aa00000|100%|HC|  |TAMS 0x000000008a900000, 0x000000008a900000| Complete 
| 170|0x000000008aa00000, 0x000000008ab00000, 0x000000008ab00000|100%|HC|  |TAMS 0x000000008aa00000, 0x000000008aa00000| Complete 
| 171|0x000000008ab00000, 0x000000008ac00000, 0x000000008ac00000|100%|HC|  |TAMS 0x000000008ab00000, 0x000000008ab00000| Complete 
| 172|0x000000008ac00000, 0x000000008ad00000, 0x000000008ad00000|100%|HS|  |TAMS 0x000000008ac00000, 0x000000008ac00000| Complete 
| 173|0x000000008ad00000, 0x000000008ae00000, 0x000000008ae00000|100%|HC|  |TAMS 0x000000008ad00000, 0x000000008ad00000| Complete 
| 174|0x000000008ae00000, 0x000000008af00000, 0x000000008af00000|100%|HC|  |TAMS 0x000000008ae00000, 0x000000008ae00000| Complete 
| 175|0x000000008af00000, 0x000000008b000000, 0x000000008b000000|100%|HC|  |TAMS 0x000000008af00000, 0x000000008af00000| Complete 
| 176|0x000000008b000000, 0x000000008b100000, 0x000000008b100000|100%|HC|  |TAMS 0x000000008b000000, 0x000000008b000000| Complete 
| 177|0x000000008b100000, 0x000000008b200000, 0x000000008b200000|100%|HC|  |TAMS 0x000000008b100000, 0x000000008b100000| Complete 
| 178|0x000000008b200000, 0x000000008b300000, 0x000000008b300000|100%|HC|  |TAMS 0x000000008b200000, 0x000000008b200000| Complete 
| 179|0x000000008b300000, 0x000000008b400000, 0x000000008b400000|100%|HC|  |TAMS 0x000000008b300000, 0x000000008b300000| Complete 
| 180|0x000000008b400000, 0x000000008b500000, 0x000000008b500000|100%|HC|  |TAMS 0x000000008b400000, 0x000000008b400000| Complete 
| 181|0x000000008b500000, 0x000000008b600000, 0x000000008b600000|100%|HC|  |TAMS 0x000000008b500000, 0x000000008b500000| Complete 
| 182|0x000000008b600000, 0x000000008b700000, 0x000000008b700000|100%|HC|  |TAMS 0x000000008b600000, 0x000000008b600000| Complete 
| 183|0x000000008b700000, 0x000000008b800000, 0x000000008b800000|100%|HC|  |TAMS 0x000000008b700000, 0x000000008b700000| Complete 
| 184|0x000000008b800000, 0x000000008b900000, 0x000000008b900000|100%|HC|  |TAMS 0x000000008b800000, 0x000000008b800000| Complete 
| 185|0x000000008b900000, 0x000000008ba00000, 0x000000008ba00000|100%|HC|  |TAMS 0x000000008b900000, 0x000000008b900000| Complete 
| 186|0x000000008ba00000, 0x000000008bb00000, 0x000000008bb00000|100%|HC|  |TAMS 0x000000008ba00000, 0x000000008ba00000| Complete 
| 187|0x000000008bb00000, 0x000000008bc00000, 0x000000008bc00000|100%|HC|  |TAMS 0x000000008bb00000, 0x000000008bb00000| Complete 
| 188|0x000000008bc00000, 0x000000008bd00000, 0x000000008bd00000|100%|HC|  |TAMS 0x000000008bc00000, 0x000000008bc00000| Complete 
| 189|0x000000008bd00000, 0x000000008be00000, 0x000000008be00000|100%|HC|  |TAMS 0x000000008bd00000, 0x000000008bd00000| Complete 
| 190|0x000000008be00000, 0x000000008bf00000, 0x000000008bf00000|100%|HC|  |TAMS 0x000000008be00000, 0x000000008be00000| Complete 
| 191|0x000000008bf00000, 0x000000008c000000, 0x000000008c000000|100%|HC|  |TAMS 0x000000008bf00000, 0x000000008bf00000| Complete 
| 192|0x000000008c000000, 0x000000008c100000, 0x000000008c100000|100%|HC|  |TAMS 0x000000008c000000, 0x000000008c000000| Complete 
| 193|0x000000008c100000, 0x000000008c200000, 0x000000008c200000|100%|HC|  |TAMS 0x000000008c100000, 0x000000008c100000| Complete 
| 194|0x000000008c200000, 0x000000008c300000, 0x000000008c300000|100%|HC|  |TAMS 0x000000008c200000, 0x000000008c200000| Complete 
| 195|0x000000008c300000, 0x000000008c400000, 0x000000008c400000|100%|HC|  |TAMS 0x000000008c300000, 0x000000008c300000| Complete 
| 196|0x000000008c400000, 0x000000008c500000, 0x000000008c500000|100%|HC|  |TAMS 0x000000008c400000, 0x000000008c400000| Complete 
| 197|0x000000008c500000, 0x000000008c600000, 0x000000008c600000|100%|HC|  |TAMS 0x000000008c500000, 0x000000008c500000| Complete 
| 198|0x000000008c600000, 0x000000008c700000, 0x000000008c700000|100%|HC|  |TAMS 0x000000008c600000, 0x000000008c600000| Complete 
| 199|0x000000008c700000, 0x000000008c800000, 0x000000008c800000|100%|HC|  |TAMS 0x000000008c700000, 0x000000008c700000| Complete 
| 200|0x000000008c800000, 0x000000008c900000, 0x000000008c900000|100%|HC|  |TAMS 0x000000008c800000, 0x000000008c800000| Complete 
| 201|0x000000008c900000, 0x000000008ca00000, 0x000000008ca00000|100%|HC|  |TAMS 0x000000008c900000, 0x000000008c900000| Complete 
| 202|0x000000008ca00000, 0x000000008cb00000, 0x000000008cb00000|100%|HC|  |TAMS 0x000000008ca00000, 0x000000008ca00000| Complete 
| 203|0x000000008cb00000, 0x000000008cc00000, 0x000000008cc00000|100%|HC|  |TAMS 0x000000008cb00000, 0x000000008cb00000| Complete 
| 204|0x000000008cc00000, 0x000000008cd00000, 0x000000008cd00000|100%|HC|  |TAMS 0x000000008cc00000, 0x000000008cc00000| Complete 
| 205|0x000000008cd00000, 0x000000008ce00000, 0x000000008ce00000|100%|HC|  |TAMS 0x000000008cd00000, 0x000000008cd00000| Complete 
| 206|0x000000008ce00000, 0x000000008cf00000, 0x000000008cf00000|100%|HC|  |TAMS 0x000000008ce00000, 0x000000008ce00000| Complete 
| 207|0x000000008cf00000, 0x000000008d000000, 0x000000008d000000|100%|HC|  |TAMS 0x000000008cf00000, 0x000000008cf00000| Complete 
| 208|0x000000008d000000, 0x000000008d100000, 0x000000008d100000|100%|HC|  |TAMS 0x000000008d000000, 0x000000008d000000| Complete 
| 209|0x000000008d100000, 0x000000008d200000, 0x000000008d200000|100%|HC|  |TAMS 0x000000008d100000, 0x000000008d100000| Complete 
| 210|0x000000008d200000, 0x000000008d300000, 0x000000008d300000|100%|HC|  |TAMS 0x000000008d200000, 0x000000008d200000| Complete 
| 211|0x000000008d300000, 0x000000008d400000, 0x000000008d400000|100%| O|  |TAMS 0x000000008d300000, 0x000000008d300000| Untracked 
| 212|0x000000008d400000, 0x000000008d500000, 0x000000008d500000|100%| O|  |TAMS 0x000000008d400000, 0x000000008d400000| Untracked 
| 213|0x000000008d500000, 0x000000008d600000, 0x000000008d600000|100%| O|  |TAMS 0x000000008d500000, 0x000000008d500000| Untracked 
| 214|0x000000008d600000, 0x000000008d700000, 0x000000008d700000|100%| O|  |TAMS 0x000000008d600000, 0x000000008d600000| Untracked 
| 215|0x000000008d700000, 0x000000008d800000, 0x000000008d800000|100%| O|  |TAMS 0x000000008d700000, 0x000000008d700000| Untracked 
| 216|0x000000008d800000, 0x000000008d900000, 0x000000008d900000|100%| O|  |TAMS 0x000000008d800000, 0x000000008d800000| Untracked 
| 217|0x000000008d900000, 0x000000008d980000, 0x000000008da00000| 50%| O|  |TAMS 0x000000008d900000, 0x000000008d900000| Untracked 
| 218|0x000000008da00000, 0x000000008da00000, 0x000000008db00000|  0%| F|  |TAMS 0x000000008da00000, 0x000000008da00000| Untracked 
| 219|0x000000008db00000, 0x000000008db00000, 0x000000008dc00000|  0%| F|  |TAMS 0x000000008db00000, 0x000000008db00000| Untracked 
| 220|0x000000008dc00000, 0x000000008dc00000, 0x000000008dd00000|  0%| F|  |TAMS 0x000000008dc00000, 0x000000008dc00000| Untracked 
| 221|0x000000008dd00000, 0x000000008dd00000, 0x000000008de00000|  0%| F|  |TAMS 0x000000008dd00000, 0x000000008dd00000| Untracked 
| 222|0x000000008de00000, 0x000000008de00000, 0x000000008df00000|  0%| F|  |TAMS 0x000000008de00000, 0x000000008de00000| Untracked 
| 223|0x000000008df00000, 0x000000008df00000, 0x000000008e000000|  0%| F|  |TAMS 0x000000008df00000, 0x000000008df00000| Untracked 
| 224|0x000000008e000000, 0x000000008e000000, 0x000000008e100000|  0%| F|  |TAMS 0x000000008e000000, 0x000000008e000000| Untracked 
| 225|0x000000008e100000, 0x000000008e100000, 0x000000008e200000|  0%| F|  |TAMS 0x000000008e100000, 0x000000008e100000| Untracked 
| 226|0x000000008e200000, 0x000000008e200000, 0x000000008e300000|  0%| F|  |TAMS 0x000000008e200000, 0x000000008e200000| Untracked 
| 227|0x000000008e300000, 0x000000008e300000, 0x000000008e400000|  0%| F|  |TAMS 0x000000008e300000, 0x000000008e300000| Untracked 
| 228|0x000000008e400000, 0x000000008e400000, 0x000000008e500000|  0%| F|  |TAMS 0x000000008e400000, 0x000000008e400000| Untracked 
| 229|0x000000008e500000, 0x000000008e500000, 0x000000008e600000|  0%| F|  |TAMS 0x000000008e500000, 0x000000008e500000| Untracked 
| 230|0x000000008e600000, 0x000000008e600000, 0x000000008e700000|  0%| F|  |TAMS 0x000000008e600000, 0x000000008e600000| Untracked 
| 231|0x000000008e700000, 0x000000008e700000, 0x000000008e800000|  0%| F|  |TAMS 0x000000008e700000, 0x000000008e700000| Untracked 
| 232|0x000000008e800000, 0x000000008e800000, 0x000000008e900000|  0%| F|  |TAMS 0x000000008e800000, 0x000000008e800000| Untracked 
| 233|0x000000008e900000, 0x000000008e900000, 0x000000008ea00000|  0%| F|  |TAMS 0x000000008e900000, 0x000000008e900000| Untracked 
| 234|0x000000008ea00000, 0x000000008ea00000, 0x000000008eb00000|  0%| F|  |TAMS 0x000000008ea00000, 0x000000008ea00000| Untracked 
| 235|0x000000008eb00000, 0x000000008eb00000, 0x000000008ec00000|  0%| F|  |TAMS 0x000000008eb00000, 0x000000008eb00000| Untracked 
| 236|0x000000008ec00000, 0x000000008ec00000, 0x000000008ed00000|  0%| F|  |TAMS 0x000000008ec00000, 0x000000008ec00000| Untracked 
| 237|0x000000008ed00000, 0x000000008ed00000, 0x000000008ee00000|  0%| F|  |TAMS 0x000000008ed00000, 0x000000008ed00000| Untracked 
| 238|0x000000008ee00000, 0x000000008ee00000, 0x000000008ef00000|  0%| F|  |TAMS 0x000000008ee00000, 0x000000008ee00000| Untracked 
| 239|0x000000008ef00000, 0x000000008ef00000, 0x000000008f000000|  0%| F|  |TAMS 0x000000008ef00000, 0x000000008ef00000| Untracked 
| 240|0x000000008f000000, 0x000000008f000000, 0x000000008f100000|  0%| F|  |TAMS 0x000000008f000000, 0x000000008f000000| Untracked 
| 241|0x000000008f100000, 0x000000008f100000, 0x000000008f200000|  0%| F|  |TAMS 0x000000008f100000, 0x000000008f100000| Untracked 
| 242|0x000000008f200000, 0x000000008f200000, 0x000000008f300000|  0%| F|  |TAMS 0x000000008f200000, 0x000000008f200000| Untracked 
| 243|0x000000008f300000, 0x000000008f300000, 0x000000008f400000|  0%| F|  |TAMS 0x000000008f300000, 0x000000008f300000| Untracked 
| 244|0x000000008f400000, 0x000000008f400000, 0x000000008f500000|  0%| F|  |TAMS 0x000000008f400000, 0x000000008f400000| Untracked 
| 245|0x000000008f500000, 0x000000008f500000, 0x000000008f600000|  0%| F|  |TAMS 0x000000008f500000, 0x000000008f500000| Untracked 
| 246|0x000000008f600000, 0x000000008f600000, 0x000000008f700000|  0%| F|  |TAMS 0x000000008f600000, 0x000000008f600000| Untracked 
| 247|0x000000008f700000, 0x000000008f700000, 0x000000008f800000|  0%| F|  |TAMS 0x000000008f700000, 0x000000008f700000| Untracked 
| 248|0x000000008f800000, 0x000000008f800000, 0x000000008f900000|  0%| F|  |TAMS 0x000000008f800000, 0x000000008f800000| Untracked 
| 249|0x000000008f900000, 0x000000008f900000, 0x000000008fa00000|  0%| F|  |TAMS 0x000000008f900000, 0x000000008f900000| Untracked 
| 250|0x000000008fa00000, 0x000000008fa00000, 0x000000008fb00000|  0%| F|  |TAMS 0x000000008fa00000, 0x000000008fa00000| Untracked 
| 251|0x000000008fb00000, 0x000000008fb00000, 0x000000008fc00000|  0%| F|  |TAMS 0x000000008fb00000, 0x000000008fb00000| Untracked 
| 252|0x000000008fc00000, 0x000000008fc00000, 0x000000008fd00000|  0%| F|  |TAMS 0x000000008fc00000, 0x000000008fc00000| Untracked 
| 253|0x000000008fd00000, 0x000000008fd00000, 0x000000008fe00000|  0%| F|  |TAMS 0x000000008fd00000, 0x000000008fd00000| Untracked 
| 254|0x000000008fe00000, 0x000000008fe00000, 0x000000008ff00000|  0%| F|  |TAMS 0x000000008fe00000, 0x000000008fe00000| Untracked 
| 255|0x000000008ff00000, 0x000000008ff590d0, 0x0000000090000000| 34%| S|CS|TAMS 0x000000008ff00000, 0x000000008ff00000| Complete 
| 256|0x0000000090000000, 0x0000000090000000, 0x0000000090100000|  0%| F|  |TAMS 0x0000000090000000, 0x0000000090000000| Untracked 
| 257|0x0000000090100000, 0x0000000090100000, 0x0000000090200000|  0%| F|  |TAMS 0x0000000090100000, 0x0000000090100000| Untracked 
| 258|0x0000000090200000, 0x0000000090200000, 0x0000000090300000|  0%| F|  |TAMS 0x0000000090200000, 0x0000000090200000| Untracked 
| 259|0x0000000090300000, 0x0000000090300000, 0x0000000090400000|  0%| F|  |TAMS 0x0000000090300000, 0x0000000090300000| Untracked 
| 260|0x0000000090400000, 0x0000000090400000, 0x0000000090500000|  0%| F|  |TAMS 0x0000000090400000, 0x0000000090400000| Untracked 
| 261|0x0000000090500000, 0x0000000090500000, 0x0000000090600000|  0%| F|  |TAMS 0x0000000090500000, 0x0000000090500000| Untracked 
| 262|0x0000000090600000, 0x0000000090600000, 0x0000000090700000|  0%| F|  |TAMS 0x0000000090600000, 0x0000000090600000| Untracked 
| 263|0x0000000090700000, 0x0000000090700000, 0x0000000090800000|  0%| F|  |TAMS 0x0000000090700000, 0x0000000090700000| Untracked 
| 264|0x0000000090800000, 0x0000000090800000, 0x0000000090900000|  0%| F|  |TAMS 0x0000000090800000, 0x0000000090800000| Untracked 
| 265|0x0000000090900000, 0x0000000090900000, 0x0000000090a00000|  0%| F|  |TAMS 0x0000000090900000, 0x0000000090900000| Untracked 
| 266|0x0000000090a00000, 0x0000000090a00000, 0x0000000090b00000|  0%| F|  |TAMS 0x0000000090a00000, 0x0000000090a00000| Untracked 
| 267|0x0000000090b00000, 0x0000000090b00000, 0x0000000090c00000|  0%| F|  |TAMS 0x0000000090b00000, 0x0000000090b00000| Untracked 
| 268|0x0000000090c00000, 0x0000000090c00000, 0x0000000090d00000|  0%| F|  |TAMS 0x0000000090c00000, 0x0000000090c00000| Untracked 
| 269|0x0000000090d00000, 0x0000000090d00000, 0x0000000090e00000|  0%| F|  |TAMS 0x0000000090d00000, 0x0000000090d00000| Untracked 
| 270|0x0000000090e00000, 0x0000000090e00000, 0x0000000090f00000|  0%| F|  |TAMS 0x0000000090e00000, 0x0000000090e00000| Untracked 
| 271|0x0000000090f00000, 0x0000000090f00000, 0x0000000091000000|  0%| F|  |TAMS 0x0000000090f00000, 0x0000000090f00000| Untracked 
| 272|0x0000000091000000, 0x0000000091000000, 0x0000000091100000|  0%| F|  |TAMS 0x0000000091000000, 0x0000000091000000| Untracked 
| 273|0x0000000091100000, 0x0000000091100000, 0x0000000091200000|  0%| F|  |TAMS 0x0000000091100000, 0x0000000091100000| Untracked 
| 274|0x0000000091200000, 0x0000000091200000, 0x0000000091300000|  0%| F|  |TAMS 0x0000000091200000, 0x0000000091200000| Untracked 
| 275|0x0000000091300000, 0x0000000091300000, 0x0000000091400000|  0%| F|  |TAMS 0x0000000091300000, 0x0000000091300000| Untracked 
| 276|0x0000000091400000, 0x0000000091400000, 0x0000000091500000|  0%| F|  |TAMS 0x0000000091400000, 0x0000000091400000| Untracked 
| 277|0x0000000091500000, 0x0000000091500000, 0x0000000091600000|  0%| F|  |TAMS 0x0000000091500000, 0x0000000091500000| Untracked 
| 278|0x0000000091600000, 0x0000000091600000, 0x0000000091700000|  0%| F|  |TAMS 0x0000000091600000, 0x0000000091600000| Untracked 
| 279|0x0000000091700000, 0x0000000091700000, 0x0000000091800000|  0%| F|  |TAMS 0x0000000091700000, 0x0000000091700000| Untracked 
| 280|0x0000000091800000, 0x0000000091800000, 0x0000000091900000|  0%| F|  |TAMS 0x0000000091800000, 0x0000000091800000| Untracked 
| 281|0x0000000091900000, 0x0000000091900000, 0x0000000091a00000|  0%| F|  |TAMS 0x0000000091900000, 0x0000000091900000| Untracked 

Card table byte_map: [0x000001b42e550000,0x000001b42e950000] _byte_map_base: 0x000001b42e150000

Marking Bits (Prev, Next): (CMBitMap*) 0x000001b41baec330, (CMBitMap*) 0x000001b41baec370
 Prev Bits: [0x000001b42ed50000, 0x000001b430d50000)
 Next Bits: [0x000001b430d50000, 0x000001b432d50000)

Polling page: 0x000001b4199e0000

Metaspace:

Usage:
  Non-class:     46.34 MB used.
      Class:      5.69 MB used.
       Both:     52.03 MB used.

Virtual space:
  Non-class space:       48.00 MB reserved,      46.69 MB ( 97%) committed,  6 nodes.
      Class space:        1.00 GB reserved,       6.00 MB ( <1%) committed,  1 nodes.
             Both:        1.05 GB reserved,      52.69 MB (  5%) committed. 

Chunk freelists:
   Non-Class:  544.00 KB
       Class:  1.89 MB
        Both:  2.42 MB

MaxMetaspaceSize: unlimited
CompressedClassSpaceSize: 1.00 GB
Initial GC threshold: 21.00 MB
Current GC threshold: 87.44 MB
CDS: off
MetaspaceReclaimPolicy: balanced
 - commit_granule_bytes: 65536.
 - commit_granule_words: 8192.
 - virtual_space_node_default_size: 1048576.
 - enlarge_chunks_in_place: 1.
 - new_chunks_are_fully_committed: 0.
 - uncommit_free_chunks: 1.
 - use_allocation_guard: 0.
 - handle_deallocations: 1.


Internal statistics:

num_allocs_failed_limit: 9.
num_arena_births: 244.
num_arena_deaths: 0.
num_vsnodes_births: 7.
num_vsnodes_deaths: 0.
num_space_committed: 843.
num_space_uncommitted: 0.
num_chunks_returned_to_freelist: 9.
num_chunks_taken_from_freelist: 2011.
num_chunk_merges: 6.
num_chunk_splits: 1485.
num_chunks_enlarged: 1192.
num_purges: 0.
num_inconsistent_stats: 0.

CodeHeap 'non-profiled nmethods': size=120064Kb used=5127Kb max_used=5127Kb free=114936Kb
 bounds [0x000001b426c10000, 0x000001b427120000, 0x000001b42e150000]
CodeHeap 'profiled nmethods': size=120000Kb used=17012Kb max_used=18420Kb free=102987Kb
 bounds [0x000001b41f6e0000, 0x000001b4208e0000, 0x000001b426c10000]
CodeHeap 'non-nmethods': size=5696Kb used=1215Kb max_used=1262Kb free=4480Kb
 bounds [0x000001b41f150000, 0x000001b41f3c0000, 0x000001b41f6e0000]
 total_blobs=8686 nmethods=8168 adapters=430
 compilation: enabled
              stopped_count=0, restarted_count=0
 full_count=0

Compilation events (20 events):
Event: 24.237 Thread 0x000001b43585fb40 9894       3       org.apache.commons.compress.archivers.zip.ZipArchiveOutputStream::createCentralFileHeader (118 bytes)
Event: 24.238 Thread 0x000001b43585fb40 nmethod 9894 0x000001b41fbb5410 code [0x000001b41fbb5660, 0x000001b41fbb6208]
Event: 24.238 Thread 0x000001b43585fb40 9895       3       org.apache.commons.compress.archivers.zip.ZipArchiveEntry::getCentralDirectoryExtra (8 bytes)
Event: 24.238 Thread 0x000001b43585fb40 nmethod 9895 0x000001b41ffb9890 code [0x000001b41ffb9aa0, 0x000001b41ffba378]
Event: 24.239 Thread 0x000001b43585fb40 9896       3       org.apache.commons.compress.archivers.zip.ZipArchiveOutputStream::handleZip64Extra (127 bytes)
Event: 24.240 Thread 0x000001b43585fb40 nmethod 9896 0x000001b41f733b10 code [0x000001b41f733e00, 0x000001b41f7352a8]
Event: 24.240 Thread 0x000001b43585fb40 9897       3       org.apache.commons.compress.archivers.zip.ZipArchiveOutputStream::createCentralFileHeader (482 bytes)
Event: 24.242 Thread 0x000001b43585fb40 nmethod 9897 0x000001b41fb79d90 code [0x000001b41fb7a2a0, 0x000001b41fb7cc18]
Event: 24.242 Thread 0x000001b43585fb40 9898       3       org.apache.commons.compress.archivers.zip.ExtraFieldUtils::mergeCentralDirectoryData (230 bytes)
Event: 24.243 Thread 0x000001b43585fb40 nmethod 9898 0x000001b4202d3090 code [0x000001b4202d3320, 0x000001b4202d4088]
Event: 24.253 Thread 0x000001b434ef2c40 nmethod 9889 0x000001b42710cf90 code [0x000001b42710d200, 0x000001b42710e120]
Event: 24.253 Thread 0x000001b434ef2c40 9900       4       org.apache.commons.compress.archivers.zip.GeneralPurposeBit::encode (61 bytes)
Event: 24.255 Thread 0x000001b434ef2c40 nmethod 9900 0x000001b42710f190 code [0x000001b42710f320, 0x000001b42710f458]
Event: 24.255 Thread 0x000001b434ef2c40 9899       4       org.apache.commons.compress.archivers.zip.ZipArchiveOutputStream::getGeneralPurposeBits (39 bytes)
Event: 24.256 Thread 0x000001b434ef2c40 nmethod 9899 0x000001b42710f590 code [0x000001b42710f720, 0x000001b42710f838]
Event: 24.256 Thread 0x000001b434ef2c40 9901       4       org.apache.commons.compress.archivers.zip.ZipUtil::toDosTime (103 bytes)
Event: 24.265 Thread 0x000001b434ef2c40 nmethod 9901 0x000001b42710f910 code [0x000001b42710fae0, 0x000001b42710ff48]
Event: 24.265 Thread 0x000001b434ef2c40 9902       4       org.apache.commons.compress.archivers.zip.NioZipEncoding::encode (286 bytes)
Event: 24.291 Thread 0x000001b434ef2c40 nmethod 9902 0x000001b427110390 code [0x000001b4271105a0, 0x000001b4271110e0]
Event: 24.291 Thread 0x000001b434ef2c40 9905       4       org.apache.commons.compress.archivers.zip.ZipArchiveOutputStream::createCentralFileHeader (482 bytes)

GC Heap History (20 events):
Event: 13.446 GC heap after
{Heap after GC invocations=23 (full 0):
 garbage-first heap   total 133120K, used 54210K [0x0000000080000000, 0x0000000100000000)
  region size 1024K, 6 young (6144K), 6 survivors (6144K)
 Metaspace       used 45651K, committed 46144K, reserved 1097728K
  class space    used 4909K, committed 5184K, reserved 1048576K
}
Event: 14.057 GC heap before
{Heap before GC invocations=23 (full 0):
 garbage-first heap   total 133120K, used 107458K [0x0000000080000000, 0x0000000100000000)
  region size 1024K, 58 young (59392K), 6 survivors (6144K)
 Metaspace       used 46085K, committed 46656K, reserved 1097728K
  class space    used 4947K, committed 5248K, reserved 1048576K
}
Event: 14.066 GC heap after
{Heap after GC invocations=24 (full 0):
 garbage-first heap   total 288768K, used 55454K [0x0000000080000000, 0x0000000100000000)
  region size 1024K, 4 young (4096K), 4 survivors (4096K)
 Metaspace       used 46085K, committed 46656K, reserved 1097728K
  class space    used 4947K, committed 5248K, reserved 1048576K
}
Event: 16.107 GC heap before
{Heap before GC invocations=24 (full 0):
 garbage-first heap   total 288768K, used 224414K [0x0000000080000000, 0x0000000100000000)
  region size 1024K, 169 young (173056K), 4 survivors (4096K)
 Metaspace       used 52604K, committed 53312K, reserved 1097728K
  class space    used 5768K, committed 6144K, reserved 1048576K
}
Event: 16.129 GC heap after
{Heap after GC invocations=25 (full 0):
 garbage-first heap   total 288768K, used 63103K [0x0000000080000000, 0x0000000100000000)
  region size 1024K, 12 young (12288K), 12 survivors (12288K)
 Metaspace       used 52604K, committed 53312K, reserved 1097728K
  class space    used 5768K, committed 6144K, reserved 1048576K
}
Event: 17.223 GC heap before
{Heap before GC invocations=25 (full 0):
 garbage-first heap   total 288768K, used 224895K [0x0000000080000000, 0x0000000100000000)
  region size 1024K, 169 young (173056K), 12 survivors (12288K)
 Metaspace       used 52654K, committed 53312K, reserved 1097728K
  class space    used 5771K, committed 6144K, reserved 1048576K
}
Event: 17.260 GC heap after
{Heap after GC invocations=26 (full 0):
 garbage-first heap   total 288768K, used 83485K [0x0000000080000000, 0x0000000100000000)
  region size 1024K, 22 young (22528K), 22 survivors (22528K)
 Metaspace       used 52654K, committed 53312K, reserved 1097728K
  class space    used 5771K, committed 6144K, reserved 1048576K
}
Event: 20.068 GC heap before
{Heap before GC invocations=26 (full 0):
 garbage-first heap   total 288768K, used 246301K [0x0000000080000000, 0x0000000100000000)
  region size 1024K, 152 young (155648K), 22 survivors (22528K)
 Metaspace       used 52980K, committed 53696K, reserved 1097728K
  class space    used 5804K, committed 6144K, reserved 1048576K
}
Event: 20.109 GC heap after
{Heap after GC invocations=27 (full 0):
 garbage-first heap   total 288768K, used 128000K [0x0000000080000000, 0x0000000100000000)
  region size 1024K, 14 young (14336K), 14 survivors (14336K)
 Metaspace       used 52980K, committed 53696K, reserved 1097728K
  class space    used 5804K, committed 6144K, reserved 1048576K
}
Event: 22.069 GC heap before
{Heap before GC invocations=28 (full 0):
 garbage-first heap   total 288768K, used 246784K [0x0000000080000000, 0x0000000100000000)
  region size 1024K, 116 young (118784K), 14 survivors (14336K)
 Metaspace       used 52985K, committed 53696K, reserved 1097728K
  class space    used 5804K, committed 6144K, reserved 1048576K
}
Event: 22.102 GC heap after
{Heap after GC invocations=29 (full 0):
 garbage-first heap   total 288768K, used 153600K [0x0000000080000000, 0x0000000100000000)
  region size 1024K, 11 young (11264K), 11 survivors (11264K)
 Metaspace       used 52985K, committed 53696K, reserved 1097728K
  class space    used 5804K, committed 6144K, reserved 1048576K
}
Event: 22.139 GC heap before
{Heap before GC invocations=29 (full 0):
 garbage-first heap   total 288768K, used 156672K [0x0000000080000000, 0x0000000100000000)
  region size 1024K, 14 young (14336K), 11 survivors (11264K)
 Metaspace       used 52985K, committed 53696K, reserved 1097728K
  class space    used 5804K, committed 6144K, reserved 1048576K
}
Event: 22.155 GC heap after
{Heap after GC invocations=30 (full 0):
 garbage-first heap   total 288768K, used 153088K [0x0000000080000000, 0x0000000100000000)
  region size 1024K, 1 young (1024K), 1 survivors (1024K)
 Metaspace       used 52985K, committed 53696K, reserved 1097728K
  class space    used 5804K, committed 6144K, reserved 1048576K
}
Event: 23.467 GC heap before
{Heap before GC invocations=30 (full 0):
 garbage-first heap   total 288768K, used 275968K [0x0000000080000000, 0x0000000100000000)
  region size 1024K, 83 young (84992K), 1 survivors (1024K)
 Metaspace       used 52989K, committed 53696K, reserved 1097728K
  class space    used 5804K, committed 6144K, reserved 1048576K
}
Event: 23.483 GC heap after
{Heap after GC invocations=31 (full 0):
 garbage-first heap   total 288768K, used 201867K [0x0000000080000000, 0x0000000100000000)
  region size 1024K, 10 young (10240K), 10 survivors (10240K)
 Metaspace       used 52989K, committed 53696K, reserved 1097728K
  class space    used 5804K, committed 6144K, reserved 1048576K
}
Event: 24.009 GC heap before
{Heap before GC invocations=31 (full 0):
 garbage-first heap   total 288768K, used 255115K [0x0000000080000000, 0x0000000100000000)
  region size 1024K, 52 young (53248K), 10 survivors (10240K)
 Metaspace       used 53144K, committed 53824K, reserved 1097728K
  class space    used 5812K, committed 6144K, reserved 1048576K
}
Event: 24.030 GC heap after
{Heap after GC invocations=32 (full 0):
 garbage-first heap   total 288768K, used 219136K [0x0000000080000000, 0x0000000100000000)
  region size 1024K, 7 young (7168K), 7 survivors (7168K)
 Metaspace       used 53144K, committed 53824K, reserved 1097728K
  class space    used 5812K, committed 6144K, reserved 1048576K
}
Event: 24.273 GC heap before
{Heap before GC invocations=32 (full 0):
 garbage-first heap   total 288768K, used 247808K [0x0000000080000000, 0x0000000100000000)
  region size 1024K, 35 young (35840K), 7 survivors (7168K)
 Metaspace       used 53277K, committed 53952K, reserved 1097728K
  class space    used 5823K, committed 6144K, reserved 1048576K
}
Event: 24.285 GC heap after
{Heap after GC invocations=33 (full 0):
 garbage-first heap   total 288768K, used 222720K [0x0000000080000000, 0x0000000100000000)
  region size 1024K, 3 young (3072K), 3 survivors (3072K)
 Metaspace       used 53277K, committed 53952K, reserved 1097728K
  class space    used 5823K, committed 6144K, reserved 1048576K
}
Event: 24.333 GC heap before
{Heap before GC invocations=33 (full 0):
 garbage-first heap   total 288768K, used 249344K [0x0000000080000000, 0x0000000100000000)
  region size 1024K, 29 young (29696K), 3 survivors (3072K)
 Metaspace       used 53277K, committed 53952K, reserved 1097728K
  class space    used 5823K, committed 6144K, reserved 1048576K
}

Deoptimization events (20 events):
Event: 23.852 Thread 0x000001b41ba8d980 Uncommon trap: trap_request=0xffffffc6 fr.pc=0x000001b427041aa8 relative=0x0000000000000408
Event: 23.852 Thread 0x000001b41ba8d980 Uncommon trap: reason=bimorphic_or_optimized_type_check action=maybe_recompile pc=0x000001b427041aa8 method=java.util.Collections$3.nextElement()Ljava/lang/Object; @ 4 c2
Event: 23.852 Thread 0x000001b41ba8d980 DEOPT PACKING pc=0x000001b427041aa8 sp=0x00000079c97fd860
Event: 23.852 Thread 0x000001b41ba8d980 DEOPT UNPACKING pc=0x000001b41f1a23a3 sp=0x00000079c97fd830 mode 2
Event: 24.066 Thread 0x000001b41ba8d980 Uncommon trap: trap_request=0xffffff45 fr.pc=0x000001b4270f725c relative=0x000000000000005c
Event: 24.066 Thread 0x000001b41ba8d980 Uncommon trap: reason=unstable_if action=reinterpret pc=0x000001b4270f725c method=java.util.concurrent.ConcurrentLinkedQueue$Itr.hasNext()Z @ 4 c2
Event: 24.066 Thread 0x000001b41ba8d980 DEOPT PACKING pc=0x000001b4270f725c sp=0x00000079c97fdb20
Event: 24.066 Thread 0x000001b41ba8d980 DEOPT UNPACKING pc=0x000001b41f1a23a3 sp=0x00000079c97fdab0 mode 2
Event: 24.231 Thread 0x000001b436c3c350 Uncommon trap: trap_request=0xffffff45 fr.pc=0x000001b426e45634 relative=0x0000000000000034
Event: 24.231 Thread 0x000001b436c3c350 Uncommon trap: reason=unstable_if action=reinterpret pc=0x000001b426e45634 method=java.util.concurrent.locks.AbstractQueuedSynchronizer.signalNext(Ljava/util/concurrent/locks/AbstractQueuedSynchronizer$Node;)V @ 1 c2
Event: 24.231 Thread 0x000001b436c3c350 DEOPT PACKING pc=0x000001b426e45634 sp=0x00000079cadfef80
Event: 24.231 Thread 0x000001b436c3c350 DEOPT UNPACKING pc=0x000001b41f1a23a3 sp=0x00000079cadfef10 mode 2
Event: 24.232 Thread 0x000001b41ba8d980 Uncommon trap: trap_request=0xffffff45 fr.pc=0x000001b427105e50 relative=0x00000000000006b0
Event: 24.232 Thread 0x000001b41ba8d980 Uncommon trap: reason=unstable_if action=reinterpret pc=0x000001b427105e50 method=org.apache.commons.compress.archivers.zip.NioZipEncoding.encode(Ljava/lang/String;)Ljava/nio/ByteBuffer; @ 30 c2
Event: 24.232 Thread 0x000001b41ba8d980 DEOPT PACKING pc=0x000001b427105e50 sp=0x00000079c97fd8c0
Event: 24.232 Thread 0x000001b41ba8d980 DEOPT UNPACKING pc=0x000001b41f1a23a3 sp=0x00000079c97fd880 mode 2
Event: 24.245 Thread 0x000001b41ba8d980 Uncommon trap: trap_request=0xffffff45 fr.pc=0x000001b4270f2014 relative=0x0000000000000274
Event: 24.245 Thread 0x000001b41ba8d980 Uncommon trap: reason=unstable_if action=reinterpret pc=0x000001b4270f2014 method=java.io.BufferedOutputStream.write([BII)V @ 6 c2
Event: 24.245 Thread 0x000001b41ba8d980 DEOPT PACKING pc=0x000001b4270f2014 sp=0x00000079c97fd8b0
Event: 24.245 Thread 0x000001b41ba8d980 DEOPT UNPACKING pc=0x000001b41f1a23a3 sp=0x00000079c97fd858 mode 2

Classes unloaded (0 events):
No events

Classes redefined (0 events):
No events

Internal exceptions (20 events):
Event: 8.598 Thread 0x000001b41ba8d980 Exception <a 'sun/nio/fs/WindowsException'{0x0000000084dd0c70}> (0x0000000084dd0c70) 
thrown [e:\jenkins\tmp\workspace\build\src\src\hotspot\share\prims\jni.cpp, line 516]
Event: 8.612 Thread 0x000001b41ba8d980 Exception <a 'sun/nio/fs/WindowsException'{0x0000000084c27900}> (0x0000000084c27900) 
thrown [e:\jenkins\tmp\workspace\build\src\src\hotspot\share\prims\jni.cpp, line 516]
Event: 8.637 Thread 0x000001b41ba8d980 Exception <a 'sun/nio/fs/WindowsException'{0x0000000084cc2ac0}> (0x0000000084cc2ac0) 
thrown [e:\jenkins\tmp\workspace\build\src\src\hotspot\share\prims\jni.cpp, line 516]
Event: 8.640 Thread 0x000001b41ba8d980 Exception <a 'sun/nio/fs/WindowsException'{0x0000000084cd2c78}> (0x0000000084cd2c78) 
thrown [e:\jenkins\tmp\workspace\build\src\src\hotspot\share\prims\jni.cpp, line 516]
Event: 8.643 Thread 0x000001b41ba8d980 Exception <a 'sun/nio/fs/WindowsException'{0x0000000084cee870}> (0x0000000084cee870) 
thrown [e:\jenkins\tmp\workspace\build\src\src\hotspot\share\prims\jni.cpp, line 516]
Event: 8.657 Thread 0x000001b41ba8d980 Exception <a 'sun/nio/fs/WindowsException'{0x0000000084bc6f60}> (0x0000000084bc6f60) 
thrown [e:\jenkins\tmp\workspace\build\src\src\hotspot\share\prims\jni.cpp, line 516]
Event: 8.670 Thread 0x000001b41ba8d980 Exception <a 'sun/nio/fs/WindowsException'{0x0000000084a42868}> (0x0000000084a42868) 
thrown [e:\jenkins\tmp\workspace\build\src\src\hotspot\share\prims\jni.cpp, line 516]
Event: 8.998 Thread 0x000001b41ba8d980 Exception <a 'java/lang/NoClassDefFoundError'{0x00000000858d02a0}: org/sonatype/aether/deployment/DeploymentException> (0x00000000858d02a0) 
thrown [e:\jenkins\tmp\workspace\build\src\src\hotspot\share\classfile\systemDictionary.cpp, line 245]
Event: 9.085 Thread 0x000001b41ba8d980 Exception <a 'java/lang/NoClassDefFoundError'{0x0000000086a87650}: org/sonatype/aether/resolution/ArtifactDescriptorException> (0x0000000086a87650) 
thrown [e:\jenkins\tmp\workspace\build\src\src\hotspot\share\classfile\systemDictionary.cpp, line 245]
Event: 9.143 Thread 0x000001b41ba8d980 Exception <a 'java/lang/NoClassDefFoundError'{0x00000000869b96e8}: org/sonatype/aether/artifact/Artifact> (0x00000000869b96e8) 
thrown [e:\jenkins\tmp\workspace\build\src\src\hotspot\share\classfile\systemDictionary.cpp, line 245]
Event: 9.144 Thread 0x000001b41ba8d980 Exception <a 'java/lang/NoClassDefFoundError'{0x00000000869c3b30}: org/sonatype/aether/installation/InstallationException> (0x00000000869c3b30) 
thrown [e:\jenkins\tmp\workspace\build\src\src\hotspot\share\classfile\systemDictionary.cpp, line 245]
Event: 9.164 Thread 0x000001b41ba8d980 Exception <a 'java/lang/NoClassDefFoundError'{0x0000000086703ad0}: org/sonatype/aether/artifact/Artifact> (0x0000000086703ad0) 
thrown [e:\jenkins\tmp\workspace\build\src\src\hotspot\share\classfile\systemDictionary.cpp, line 245]
Event: 9.188 Thread 0x000001b41ba8d980 Exception <a 'java/lang/NoClassDefFoundError'{0x0000000086656080}: org/sonatype/aether/collection/DependencyCollectionException> (0x0000000086656080) 
thrown [e:\jenkins\tmp\workspace\build\src\src\hotspot\share\classfile\systemDictionary.cpp, line 245]
Event: 9.202 Thread 0x000001b41ba8d980 Exception <a 'java/lang/NoClassDefFoundError'{0x00000000866f66c0}: org/sonatype/aether/resolution/ArtifactResolutionException> (0x00000000866f66c0) 
thrown [e:\jenkins\tmp\workspace\build\src\src\hotspot\share\classfile\systemDictionary.cpp, line 245]
Event: 10.186 Thread 0x000001b41ba8d980 Exception <a 'java/lang/NoClassDefFoundError'{0x00000000869dd110}: org/sonatype/aether/graph/Dependency> (0x00000000869dd110) 
thrown [e:\jenkins\tmp\workspace\build\src\src\hotspot\share\classfile\systemDictionary.cpp, line 245]
Event: 10.894 Thread 0x000001b41ba8d980 Exception <a 'java/lang/NoClassDefFoundError'{0x00000000874d2a58}: org/sonatype/aether/graph/Dependency> (0x00000000874d2a58) 
thrown [e:\jenkins\tmp\workspace\build\src\src\hotspot\share\classfile\systemDictionary.cpp, line 245]
Event: 12.341 Thread 0x000001b41ba8d980 Exception <a 'java/lang/NoClassDefFoundError'{0x0000000086a87f88}: com/google/inject/ConfigurationException> (0x0000000086a87f88) 
thrown [e:\jenkins\tmp\workspace\build\src\src\hotspot\share\classfile\systemDictionary.cpp, line 245]
Event: 12.947 Thread 0x000001b41ba8d980 Exception <a 'java/lang/NoClassDefFoundError'{0x00000000877f8050}: org/sonatype/aether/graph/Dependency> (0x00000000877f8050) 
thrown [e:\jenkins\tmp\workspace\build\src\src\hotspot\share\classfile\systemDictionary.cpp, line 245]
Event: 15.159 Thread 0x000001b41ba8d980 Exception <a 'java/lang/NoClassDefFoundError'{0x000000008c3c51e8}: org/sonatype/aether/graph/Dependency> (0x000000008c3c51e8) 
thrown [e:\jenkins\tmp\workspace\build\src\src\hotspot\share\classfile\systemDictionary.cpp, line 245]
Event: 15.598 Thread 0x000001b41ba8d980 Exception <a 'java/lang/NoClassDefFoundError'{0x0000000089879598}: org/sonatype/aether/graph/Dependency> (0x0000000089879598) 
thrown [e:\jenkins\tmp\workspace\build\src\src\hotspot\share\classfile\systemDictionary.cpp, line 245]

VM Operations (20 events):
Event: 21.270 Executing VM operation: Cleanup done
Event: 22.069 Executing VM operation: G1CollectForAllocation
Event: 22.102 Executing VM operation: G1CollectForAllocation done
Event: 22.139 Executing VM operation: G1CollectForAllocation
Event: 22.155 Executing VM operation: G1CollectForAllocation done
Event: 23.467 Executing VM operation: G1CollectForAllocation
Event: 23.483 Executing VM operation: G1CollectForAllocation done
Event: 23.564 Executing VM operation: HandshakeAllThreads
Event: 23.564 Executing VM operation: HandshakeAllThreads done
Event: 23.593 Executing VM operation: HandshakeAllThreads
Event: 23.598 Executing VM operation: HandshakeAllThreads done
Event: 23.603 Executing VM operation: HandshakeAllThreads
Event: 23.603 Executing VM operation: HandshakeAllThreads done
Event: 24.009 Executing VM operation: G1CollectForAllocation
Event: 24.031 Executing VM operation: G1CollectForAllocation done
Event: 24.228 Executing VM operation: HandshakeAllThreads
Event: 24.228 Executing VM operation: HandshakeAllThreads done
Event: 24.273 Executing VM operation: G1CollectForAllocation
Event: 24.285 Executing VM operation: G1CollectForAllocation done
Event: 24.333 Executing VM operation: G1CollectForAllocation

Events (20 events):
Event: 24.229 loading class java/lang/invoke/VarHandleInts$FieldStaticReadWrite
Event: 24.229 loading class java/lang/invoke/VarHandleInts$FieldStaticReadOnly
Event: 24.229 loading class java/lang/invoke/VarHandleInts$FieldStaticReadOnly done
Event: 24.229 loading class java/lang/invoke/VarHandleInts$FieldStaticReadWrite done
Event: 24.229 loading class java/util/concurrent/ForkJoinPool$DefaultForkJoinWorkerThreadFactory
Event: 24.229 loading class java/util/concurrent/ForkJoinPool$ForkJoinWorkerThreadFactory
Event: 24.229 loading class java/util/concurrent/ForkJoinPool$ForkJoinWorkerThreadFactory done
Event: 24.229 loading class java/util/concurrent/ForkJoinPool$DefaultForkJoinWorkerThreadFactory done
Event: 24.230 loading class java/util/concurrent/ForkJoinPool$1
Event: 24.230 loading class java/util/concurrent/ForkJoinPool$1 done
Event: 24.230 loading class java/util/concurrent/ForkJoinPool$DefaultCommonPoolForkJoinWorkerThreadFactory
Event: 24.230 loading class java/util/concurrent/ForkJoinPool$DefaultCommonPoolForkJoinWorkerThreadFactory done
Event: 24.230 loading class java/util/concurrent/ForkJoinPool$WorkQueue
Event: 24.230 loading class java/util/concurrent/ForkJoinPool$WorkQueue done
Event: 24.230 loading class java/util/concurrent/ForkJoinWorkerThread
Event: 24.230 loading class java/util/concurrent/ForkJoinWorkerThread done
Event: 24.230 Thread 0x000001b438e9e010 Thread exited: 0x000001b438e9e010
Event: 24.231 loading class java/util/concurrent/locks/AbstractQueuedSynchronizer$ExclusiveNode
Event: 24.231 loading class java/util/concurrent/locks/AbstractQueuedSynchronizer$ExclusiveNode done
Event: 24.231 Thread 0x000001b436c3c350 Thread exited: 0x000001b436c3c350


Dynamic libraries:
0x00007ff7771e0000 - 0x00007ff7771ee000 	C:\sts\spring-tool-suite-4-4.15.1.RELEASE-e4.24.0-win32.win32.x86_64.self-extracting\sts-4.15.1.RELEASE\plugins\org.eclipse.justj.openjdk.hotspot.jre.full.win32.x86_64_17.0.3.v20220515-1416\jre\bin\javaw.exe
0x00007ff9977f0000 - 0x00007ff9979e8000 	C:\WINDOWS\SYSTEM32\ntdll.dll
0x00007ff996fc0000 - 0x00007ff99707d000 	C:\WINDOWS\System32\KERNEL32.DLL
0x00007ff995260000 - 0x00007ff99552e000 	C:\WINDOWS\System32\KERNELBASE.dll
0x00007ff994f80000 - 0x00007ff995080000 	C:\WINDOWS\System32\ucrtbase.dll
0x00007ff966850000 - 0x00007ff966868000 	C:\sts\spring-tool-suite-4-4.15.1.RELEASE-e4.24.0-win32.win32.x86_64.self-extracting\sts-4.15.1.RELEASE\plugins\org.eclipse.justj.openjdk.hotspot.jre.full.win32.x86_64_17.0.3.v20220515-1416\jre\bin\jli.dll
0x00007ff995850000 - 0x00007ff9959f0000 	C:\WINDOWS\System32\USER32.dll
0x00007ff995120000 - 0x00007ff995142000 	C:\WINDOWS\System32\win32u.dll
0x00007ff997080000 - 0x00007ff9970aa000 	C:\WINDOWS\System32\GDI32.dll
0x00007ff995150000 - 0x00007ff99525b000 	C:\WINDOWS\System32\gdi32full.dll
0x00007ff995080000 - 0x00007ff99511d000 	C:\WINDOWS\System32\msvcp_win.dll
0x00007ff98b290000 - 0x00007ff98b2a9000 	C:\sts\spring-tool-suite-4-4.15.1.RELEASE-e4.24.0-win32.win32.x86_64.self-extracting\sts-4.15.1.RELEASE\plugins\org.eclipse.justj.openjdk.hotspot.jre.full.win32.x86_64_17.0.3.v20220515-1416\jre\bin\VCRUNTIME140.dll
0x00007ff9751a0000 - 0x00007ff97543a000 	C:\WINDOWS\WinSxS\amd64_microsoft.windows.common-controls_6595b64144ccf1df_6.0.19041.1110_none_60b5254171f9507e\COMCTL32.dll
0x00007ff997620000 - 0x00007ff9976be000 	C:\WINDOWS\System32\msvcrt.dll
0x00007ff996380000 - 0x00007ff9963b0000 	C:\WINDOWS\System32\IMM32.DLL
0x00007ff9925b0000 - 0x00007ff9925bc000 	C:\sts\spring-tool-suite-4-4.15.1.RELEASE-e4.24.0-win32.win32.x86_64.self-extracting\sts-4.15.1.RELEASE\plugins\org.eclipse.justj.openjdk.hotspot.jre.full.win32.x86_64_17.0.3.v20220515-1416\jre\bin\vcruntime140_1.dll
0x00007ff98b1f0000 - 0x00007ff98b281000 	C:\sts\spring-tool-suite-4-4.15.1.RELEASE-e4.24.0-win32.win32.x86_64.self-extracting\sts-4.15.1.RELEASE\plugins\org.eclipse.justj.openjdk.hotspot.jre.full.win32.x86_64_17.0.3.v20220515-1416\jre\bin\msvcp140.dll
0x00007ff947240000 - 0x00007ff947e88000 	C:\sts\spring-tool-suite-4-4.15.1.RELEASE-e4.24.0-win32.win32.x86_64.self-extracting\sts-4.15.1.RELEASE\plugins\org.eclipse.justj.openjdk.hotspot.jre.full.win32.x86_64_17.0.3.v20220515-1416\jre\bin\server\jvm.dll
0x00007ff996f10000 - 0x00007ff996fbe000 	C:\WINDOWS\System32\ADVAPI32.dll
0x00007ff9970b0000 - 0x00007ff99714c000 	C:\WINDOWS\System32\sechost.dll
0x00007ff9961f0000 - 0x00007ff996315000 	C:\WINDOWS\System32\RPCRT4.dll
0x00007ff997720000 - 0x00007ff997728000 	C:\WINDOWS\System32\PSAPI.DLL
0x00007ff9895d0000 - 0x00007ff9895d9000 	C:\WINDOWS\SYSTEM32\WSOCK32.dll
0x00007ff997740000 - 0x00007ff9977ab000 	C:\WINDOWS\System32\WS2_32.dll
0x00007ff9714c0000 - 0x00007ff9714e7000 	C:\WINDOWS\SYSTEM32\WINMM.dll
0x00007ff98c9d0000 - 0x00007ff98c9da000 	C:\WINDOWS\SYSTEM32\VERSION.dll
0x00007ff992e30000 - 0x00007ff992e42000 	C:\WINDOWS\SYSTEM32\kernel.appcore.dll
0x00007ff96fe80000 - 0x00007ff96fe8a000 	C:\sts\spring-tool-suite-4-4.15.1.RELEASE-e4.24.0-win32.win32.x86_64.self-extracting\sts-4.15.1.RELEASE\plugins\org.eclipse.justj.openjdk.hotspot.jre.full.win32.x86_64_17.0.3.v20220515-1416\jre\bin\jimage.dll
0x00007ff986260000 - 0x00007ff986444000 	C:\WINDOWS\SYSTEM32\DBGHELP.DLL
0x00007ff9861f0000 - 0x00007ff98621c000 	C:\WINDOWS\SYSTEM32\dbgcore.DLL
0x00007ff9956c0000 - 0x00007ff995742000 	C:\WINDOWS\System32\bcryptPrimitives.dll
0x00007ff966820000 - 0x00007ff966845000 	C:\sts\spring-tool-suite-4-4.15.1.RELEASE-e4.24.0-win32.win32.x86_64.self-extracting\sts-4.15.1.RELEASE\plugins\org.eclipse.justj.openjdk.hotspot.jre.full.win32.x86_64_17.0.3.v20220515-1416\jre\bin\java.dll
0x00007ff966800000 - 0x00007ff966818000 	C:\sts\spring-tool-suite-4-4.15.1.RELEASE-e4.24.0-win32.win32.x86_64.self-extracting\sts-4.15.1.RELEASE\plugins\org.eclipse.justj.openjdk.hotspot.jre.full.win32.x86_64_17.0.3.v20220515-1416\jre\bin\zip.dll
0x00007ff996590000 - 0x00007ff996cd4000 	C:\WINDOWS\System32\SHELL32.dll
0x00007ff993030000 - 0x00007ff9937c4000 	C:\WINDOWS\SYSTEM32\windows.storage.dll
0x00007ff997150000 - 0x00007ff9974a4000 	C:\WINDOWS\System32\combase.dll
0x00007ff9948a0000 - 0x00007ff9948d0000 	C:\WINDOWS\SYSTEM32\Wldp.dll
0x00007ff995b20000 - 0x00007ff995bcd000 	C:\WINDOWS\System32\SHCORE.dll
0x00007ff996320000 - 0x00007ff996375000 	C:\WINDOWS\System32\shlwapi.dll
0x00007ff994e50000 - 0x00007ff994e6f000 	C:\WINDOWS\SYSTEM32\profapi.dll
0x00007ff966780000 - 0x00007ff966799000 	C:\sts\spring-tool-suite-4-4.15.1.RELEASE-e4.24.0-win32.win32.x86_64.self-extracting\sts-4.15.1.RELEASE\plugins\org.eclipse.justj.openjdk.hotspot.jre.full.win32.x86_64_17.0.3.v20220515-1416\jre\bin\net.dll
0x00007ff987f90000 - 0x00007ff98809a000 	C:\WINDOWS\SYSTEM32\WINHTTP.dll
0x00007ff994600000 - 0x00007ff99466a000 	C:\WINDOWS\system32\mswsock.dll
0x00007ff966700000 - 0x00007ff966715000 	C:\sts\spring-tool-suite-4-4.15.1.RELEASE-e4.24.0-win32.win32.x86_64.self-extracting\sts-4.15.1.RELEASE\plugins\org.eclipse.justj.openjdk.hotspot.jre.full.win32.x86_64_17.0.3.v20220515-1416\jre\bin\nio.dll
0x0000000069ac0000 - 0x0000000069ae4000 	C:\Users\gaurav\AppData\Local\Temp\jansi-2.4.0-b044967a3a507334-jansi.dll
0x00007ff9667c0000 - 0x00007ff9667d0000 	C:\sts\spring-tool-suite-4-4.15.1.RELEASE-e4.24.0-win32.win32.x86_64.self-extracting\sts-4.15.1.RELEASE\plugins\org.eclipse.justj.openjdk.hotspot.jre.full.win32.x86_64_17.0.3.v20220515-1416\jre\bin\verify.dll

dbghelp: loaded successfully - version: 4.0.5 - missing functions: none
symbol engine: initialized successfully - sym options: 0x614 - pdb path: .;C:\sts\spring-tool-suite-4-4.15.1.RELEASE-e4.24.0-win32.win32.x86_64.self-extracting\sts-4.15.1.RELEASE\plugins\org.eclipse.justj.openjdk.hotspot.jre.full.win32.x86_64_17.0.3.v20220515-1416\jre\bin;C:\WINDOWS\SYSTEM32;C:\WINDOWS\WinSxS\amd64_microsoft.windows.common-controls_6595b64144ccf1df_6.0.19041.1110_none_60b5254171f9507e;C:\sts\spring-tool-suite-4-4.15.1.RELEASE-e4.24.0-win32.win32.x86_64.self-extracting\sts-4.15.1.RELEASE\plugins\org.eclipse.justj.openjdk.hotspot.jre.full.win32.x86_64_17.0.3.v20220515-1416\jre\bin\server;C:\Users\gaurav\AppData\Local\Temp

VM Arguments:
jvm_args: -Dmaven.home=EMBEDDED -Dclassworlds.conf=C:\workspace\.metadata\.plugins\org.eclipse.m2e.launching\launches\m2conf9221140233638526146.tmp -Dmaven.multiModuleProjectDirectory=C:\PTC-AWS\Sprint-boot-aws-dynomo -Djansi.force=true -Djansi.passthrough=true -Djansi.passthrough=true -Dfile.encoding=UTF-8 -XX:+ShowCodeDetailsInExceptionMessages 
java_command: org.codehaus.plexus.classworlds.launcher.Launcher -B clean compile assembly:single -Dstyle.color=always -Dstyle.color=always
java_class_path (initial): C:\sts\spring-tool-suite-4-4.15.1.RELEASE-e4.24.0-win32.win32.x86_64.self-extracting\sts-4.15.1.RELEASE\plugins\org.eclipse.m2e.maven.runtime_1.18.3.20220227-1319\jars\plexus-classworlds-2.6.0.jar
Launcher Type: SUN_STANDARD

[Global flags]
     intx CICompilerCount                          = 2                                         {product} {ergonomic}
     uint ConcGCThreads                            = 1                                         {product} {ergonomic}
     uint G1ConcRefinementThreads                  = 2                                         {product} {ergonomic}
   size_t G1HeapRegionSize                         = 1048576                                   {product} {ergonomic}
    uintx GCDrainStackTargetSize                   = 64                                        {product} {ergonomic}
   size_t InitialHeapSize                          = 134217728                                 {product} {ergonomic}
   size_t MarkStackSize                            = 4194304                                   {product} {ergonomic}
   size_t MaxHeapSize                              = 2147483648                                {product} {ergonomic}
   size_t MaxNewSize                               = 1287651328                                {product} {ergonomic}
   size_t MinHeapDeltaBytes                        = 1048576                                   {product} {ergonomic}
   size_t MinHeapSize                              = 8388608                                   {product} {ergonomic}
    uintx NonNMethodCodeHeapSize                   = 5826188                                {pd product} {ergonomic}
    uintx NonProfiledCodeHeapSize                  = 122916026                              {pd product} {ergonomic}
    uintx ProfiledCodeHeapSize                     = 122916026                              {pd product} {ergonomic}
    uintx ReservedCodeCacheSize                    = 251658240                              {pd product} {ergonomic}
     bool SegmentedCodeCache                       = true                                      {product} {ergonomic}
     bool ShowCodeDetailsInExceptionMessages       = true                                   {manageable} {command line}
   size_t SoftMaxHeapSize                          = 2147483648                             {manageable} {ergonomic}
     bool UseCompressedClassPointers               = true                           {product lp64_product} {ergonomic}
     bool UseCompressedOops                        = true                           {product lp64_product} {ergonomic}
     bool UseG1GC                                  = true                                      {product} {ergonomic}
     bool UseLargePagesIndividualAllocation        = false                                  {pd product} {ergonomic}

Logging:
Log output configuration:
 #0: stdout all=warning uptime,level,tags
 #1: stderr all=off uptime,level,tags

Environment Variables:
JAVA_HOME=C:\Program Files\Java\jdk-11
PATH=C:/sts/spring-tool-suite-4-4.15.1.RELEASE-e4.24.0-win32.win32.x86_64.self-extracting/sts-4.15.1.RELEASE//plugins/org.eclipse.justj.openjdk.hotspot.jre.full.win32.x86_64_17.0.3.v20220515-1416/jre/bin/server;C:/sts/spring-tool-suite-4-4.15.1.RELEASE-e4.24.0-win32.win32.x86_64.self-extracting/sts-4.15.1.RELEASE//plugins/org.eclipse.justj.openjdk.hotspot.jre.full.win32.x86_64_17.0.3.v20220515-1416/jre/bin;C:\WINDOWS\system32;C:\WINDOWS;C:\WINDOWS\System32\Wbem;C:\WINDOWS\System32\WindowsPowerShell\v1.0\;C:\WINDOWS\System32\OpenSSH\;C:\Program Files\TortoiseSVN\bin;C:\Program Files\nodejs\;C:\Program Files\Java\jdk-11\bin;C:\Program Files\Amazon\AWSCLIV2\;C:\Program Files\MySQL\MySQL Shell 8.0\bin\;C:\Users\gaurav\AppData\Local\Microsoft\WindowsApps;C:\Users\gaurav\AppData\Local\Programs\Microsoft VS Code\bin;C:\Users\gaurav\AppData\Roaming\npm;C:\Program Files\Java\jdk-11\bin;;C:\sts\spring-tool-suite-4-4.15.1.RELEASE-e4.24.0-win32.win32.x86_64.self-extracting\sts-4.15.1.RELEASE;
USERNAME=gaurav
OS=Windows_NT
PROCESSOR_IDENTIFIER=AMD64 Family 23 Model 49 Stepping 0, AuthenticAMD



---------------  S Y S T E M  ---------------

OS:
 Windows 10 , 64 bit Build 19041 (10.0.19041.1806)
OS uptime: 1 days 23:51 hours
Hyper-V virtualization detected

CPU: total 2 (initial active 2) (2 cores per cpu, 2 threads per core) family 23 model 49 stepping 0 microcode 0x0, cx8, cmov, fxsr, ht, mmx, 3dnowpref, sse, sse2, sse3, ssse3, sse4a, sse4.1, sse4.2, popcnt, lzcnt, tsc, avx, avx2, aes, clmul, bmi1, bmi2, adx, sha, fma, vzeroupper, clflush, clflushopt, hv

Memory: 4k page, system-wide physical 8191M (581M free)
TotalPageFile size 10239M (AvailPageFile size 58M)
current process WorkingSet (physical memory assigned to process): 454M, peak: 454M
current process commit charge ("private bytes"): 477M, peak: 759M

vm_info: OpenJDK 64-Bit Server VM (17.0.3+7) for windows-amd64 JRE (17.0.3+7), built on Apr 19 2022 16:55:35 by "" with MS VC++ 16.7 (VS2019)

END.
