#
# There is insufficient memory for the Java Runtime Environment to continue.
# Native memory allocation (mmap) failed to map 2097152 bytes for G1 virtual space
# Possible reasons:
#   The system is out of physical RAM or swap space
#   The process is running with CompressedOops enabled, and the Java Heap may be blocking the growth of the native heap
# Possible solutions:
#   Reduce memory load on the system
#   Increase physical memory or swap space
#   Check if swap backing store is full
#   Decrease Java heap size (-Xmx/-Xms)
#   Decrease number of Java threads
#   Decrease Java thread stack sizes (-Xss)
#   Set larger code cache with -XX:ReservedCodeCacheSize=
#   JVM is running with Unscaled Compressed Oops mode in which the Java heap is
#     placed in the first 4GB address space. The Java Heap base address is the
#     maximum limit for the native heap growth. Please use -XX:HeapBaseMinAddress
#     to set the Java Heap base and to place the Java Heap above 4GB virtual address.
# This output file may be truncated or incomplete.
#
#  Out of Memory Error (os_windows.cpp:3535), pid=8532, tid=2068
#
# JRE version:  (17.0.3+7) (build )
# Java VM: OpenJDK 64-Bit Server VM (17.0.3+7, mixed mode, sharing, tiered, compressed oops, compressed class ptrs, g1 gc, windows-amd64)
# No core dump will be written. Minidumps are not enabled by default on client versions of Windows
#

---------------  S U M M A R Y ------------

Command Line: -Dmaven.home=EMBEDDED -Dclassworlds.conf=C:\workspace\.metadata\.plugins\org.eclipse.m2e.launching\launches\m2conf8575112185131386574.tmp -Dmaven.multiModuleProjectDirectory=C:\PTC-AWS\Sprint-boot-aws-dynomo -Djansi.force=true -Djansi.passthrough=true -Djansi.passthrough=true -Dfile.encoding=UTF-8 -XX:+ShowCodeDetailsInExceptionMessages org.codehaus.plexus.classworlds.launcher.Launcher -B clean compile assembly:single -Dstyle.color=always -Dstyle.color=always

Host: AMD EPYC 7452 32-Core Processor                , 2 cores, 7G,  Windows 10 , 64 bit Build 19041 (10.0.19041.1806)
Time: Thu Jul 21 19:28:38 2022 India Standard Time elapsed time: 0.025267 seconds (0d 0h 0m 0s)

---------------  T H R E A D  ---------------

Current thread (0x000001d6b448d980):  JavaThread "Unknown thread" [_thread_in_vm, id=2068, stack(0x0000004af5a00000,0x0000004af5b00000)]

Stack: [0x0000004af5a00000,0x0000004af5b00000]
Native frames: (J=compiled Java code, j=interpreted, Vv=VM code, C=native code)
V  [jvm.dll+0x675efa]
V  [jvm.dll+0x830a24]
V  [jvm.dll+0x8321ce]
V  [jvm.dll+0x832833]
V  [jvm.dll+0x2454b5]
V  [jvm.dll+0x672de9]
V  [jvm.dll+0x667732]
V  [jvm.dll+0x3043ab]
V  [jvm.dll+0x30b8f6]
V  [jvm.dll+0x35b643]
V  [jvm.dll+0x35b85f]
V  [jvm.dll+0x2db248]
V  [jvm.dll+0x2dc1b4]
V  [jvm.dll+0x802651]
V  [jvm.dll+0x3693b1]
V  [jvm.dll+0x7e1aac]
V  [jvm.dll+0x3ebd8f]
V  [jvm.dll+0x3ed911]
C  [jli.dll+0x5277]
C  [ucrtbase.dll+0x21bb2]
C  [KERNEL32.DLL+0x17034]
C  [ntdll.dll+0x52651]


---------------  P R O C E S S  ---------------

Threads class SMR info:
_java_thread_list=0x00007ff947d56e98, length=0, elements={
}

Java Threads: ( => current thread )

Other Threads:
  0x000001d6b44eae00 GCTaskThread "GC Thread#0" [stack: 0x0000004af5b00000,0x0000004af5c00000] [id=6624]
  0x000001d6b44fcc60 ConcurrentGCThread "G1 Main Marker" [stack: 0x0000004af5c00000,0x0000004af5d00000] [id=9200]
  0x000001d6b44fde60 ConcurrentGCThread "G1 Conc#0" [stack: 0x0000004af5d00000,0x0000004af5e00000] [id=572]

[error occurred during error reporting (printing all threads), id 0xc0000005, EXCEPTION_ACCESS_VIOLATION (0xc0000005) at pc=0x00007ff94752bcd7]

VM state: not at safepoint (not fully initialized)

VM Mutex/Monitor currently owned by a thread:  ([mutex/lock_event])
[0x000001d6b4489480] Heap_lock - owner thread: 0x000001d6b448d980

Heap address: 0x0000000080000000, size: 2048 MB, Compressed Oops mode: 32-bit

CDS archive(s) mapped at: [0x0000000000000000-0x0000000000000000-0x0000000000000000), size 0, SharedBaseAddress: 0x0000000800000000, ArchiveRelocationMode: 0.
Narrow klass base: 0x0000000000000000, Narrow klass shift: 0, Narrow klass range: 0x0

GC Precious Log:
<Empty>

Heap:
 garbage-first heap   total 0K, used 0K [0x0000000080000000, 0x0000000100000000)
  region size 1024K, 0 young (0K), 0 survivors (0K)

[error occurred during error reporting (printing heap information), id 0xc0000005, EXCEPTION_ACCESS_VIOLATION (0xc0000005) at pc=0x00007ff94790f249]

GC Heap History (0 events):
No events

Deoptimization events (0 events):
No events

Classes unloaded (0 events):
No events

Classes redefined (0 events):
No events

Internal exceptions (0 events):
No events

VM Operations (0 events):
No events

Events (1 events):
Event: 0.007 Loaded shared library C:\sts\spring-tool-suite-4-4.15.1.RELEASE-e4.24.0-win32.win32.x86_64.self-extracting\sts-4.15.1.RELEASE\plugins\org.eclipse.justj.openjdk.hotspot.jre.full.win32.x86_64_17.0.3.v20220515-1416\jre\bin\java.dll


Dynamic libraries:
0x00007ff7771e0000 - 0x00007ff7771ee000 	C:\sts\spring-tool-suite-4-4.15.1.RELEASE-e4.24.0-win32.win32.x86_64.self-extracting\sts-4.15.1.RELEASE\plugins\org.eclipse.justj.openjdk.hotspot.jre.full.win32.x86_64_17.0.3.v20220515-1416\jre\bin\javaw.exe
0x00007ff9977f0000 - 0x00007ff9979e8000 	C:\WINDOWS\SYSTEM32\ntdll.dll
0x00007ff996fc0000 - 0x00007ff99707d000 	C:\WINDOWS\System32\KERNEL32.DLL
0x00007ff995260000 - 0x00007ff99552e000 	C:\WINDOWS\System32\KERNELBASE.dll
0x00007ff994f80000 - 0x00007ff995080000 	C:\WINDOWS\System32\ucrtbase.dll
0x00007ff966850000 - 0x00007ff966868000 	C:\sts\spring-tool-suite-4-4.15.1.RELEASE-e4.24.0-win32.win32.x86_64.self-extracting\sts-4.15.1.RELEASE\plugins\org.eclipse.justj.openjdk.hotspot.jre.full.win32.x86_64_17.0.3.v20220515-1416\jre\bin\jli.dll
0x00007ff995850000 - 0x00007ff9959f0000 	C:\WINDOWS\System32\USER32.dll
0x00007ff995120000 - 0x00007ff995142000 	C:\WINDOWS\System32\win32u.dll
0x00007ff997080000 - 0x00007ff9970aa000 	C:\WINDOWS\System32\GDI32.dll
0x00007ff995150000 - 0x00007ff99525b000 	C:\WINDOWS\System32\gdi32full.dll
0x00007ff995080000 - 0x00007ff99511d000 	C:\WINDOWS\System32\msvcp_win.dll
0x00007ff98b290000 - 0x00007ff98b2a9000 	C:\sts\spring-tool-suite-4-4.15.1.RELEASE-e4.24.0-win32.win32.x86_64.self-extracting\sts-4.15.1.RELEASE\plugins\org.eclipse.justj.openjdk.hotspot.jre.full.win32.x86_64_17.0.3.v20220515-1416\jre\bin\VCRUNTIME140.dll
0x00007ff9751a0000 - 0x00007ff97543a000 	C:\WINDOWS\WinSxS\amd64_microsoft.windows.common-controls_6595b64144ccf1df_6.0.19041.1110_none_60b5254171f9507e\COMCTL32.dll
0x00007ff997620000 - 0x00007ff9976be000 	C:\WINDOWS\System32\msvcrt.dll
0x00007ff996380000 - 0x00007ff9963b0000 	C:\WINDOWS\System32\IMM32.DLL
0x00007ff9925b0000 - 0x00007ff9925bc000 	C:\sts\spring-tool-suite-4-4.15.1.RELEASE-e4.24.0-win32.win32.x86_64.self-extracting\sts-4.15.1.RELEASE\plugins\org.eclipse.justj.openjdk.hotspot.jre.full.win32.x86_64_17.0.3.v20220515-1416\jre\bin\vcruntime140_1.dll
0x00007ff98b1f0000 - 0x00007ff98b281000 	C:\sts\spring-tool-suite-4-4.15.1.RELEASE-e4.24.0-win32.win32.x86_64.self-extracting\sts-4.15.1.RELEASE\plugins\org.eclipse.justj.openjdk.hotspot.jre.full.win32.x86_64_17.0.3.v20220515-1416\jre\bin\msvcp140.dll
0x00007ff947240000 - 0x00007ff947e88000 	C:\sts\spring-tool-suite-4-4.15.1.RELEASE-e4.24.0-win32.win32.x86_64.self-extracting\sts-4.15.1.RELEASE\plugins\org.eclipse.justj.openjdk.hotspot.jre.full.win32.x86_64_17.0.3.v20220515-1416\jre\bin\server\jvm.dll
0x00007ff996f10000 - 0x00007ff996fbe000 	C:\WINDOWS\System32\ADVAPI32.dll
0x00007ff9970b0000 - 0x00007ff99714c000 	C:\WINDOWS\System32\sechost.dll
0x00007ff9961f0000 - 0x00007ff996315000 	C:\WINDOWS\System32\RPCRT4.dll
0x00007ff997720000 - 0x00007ff997728000 	C:\WINDOWS\System32\PSAPI.DLL
0x00007ff9895d0000 - 0x00007ff9895d9000 	C:\WINDOWS\SYSTEM32\WSOCK32.dll
0x00007ff997740000 - 0x00007ff9977ab000 	C:\WINDOWS\System32\WS2_32.dll
0x00007ff9714c0000 - 0x00007ff9714e7000 	C:\WINDOWS\SYSTEM32\WINMM.dll
0x00007ff98c9d0000 - 0x00007ff98c9da000 	C:\WINDOWS\SYSTEM32\VERSION.dll
0x00007ff992e30000 - 0x00007ff992e42000 	C:\WINDOWS\SYSTEM32\kernel.appcore.dll
0x00007ff96fe80000 - 0x00007ff96fe8a000 	C:\sts\spring-tool-suite-4-4.15.1.RELEASE-e4.24.0-win32.win32.x86_64.self-extracting\sts-4.15.1.RELEASE\plugins\org.eclipse.justj.openjdk.hotspot.jre.full.win32.x86_64_17.0.3.v20220515-1416\jre\bin\jimage.dll
0x00007ff986260000 - 0x00007ff986444000 	C:\WINDOWS\SYSTEM32\DBGHELP.DLL
0x00007ff9861f0000 - 0x00007ff98621c000 	C:\WINDOWS\SYSTEM32\dbgcore.DLL
0x00007ff9956c0000 - 0x00007ff995742000 	C:\WINDOWS\System32\bcryptPrimitives.dll
0x00007ff966820000 - 0x00007ff966845000 	C:\sts\spring-tool-suite-4-4.15.1.RELEASE-e4.24.0-win32.win32.x86_64.self-extracting\sts-4.15.1.RELEASE\plugins\org.eclipse.justj.openjdk.hotspot.jre.full.win32.x86_64_17.0.3.v20220515-1416\jre\bin\java.dll

dbghelp: loaded successfully - version: 4.0.5 - missing functions: none
symbol engine: initialized successfully - sym options: 0x614 - pdb path: .;C:\sts\spring-tool-suite-4-4.15.1.RELEASE-e4.24.0-win32.win32.x86_64.self-extracting\sts-4.15.1.RELEASE\plugins\org.eclipse.justj.openjdk.hotspot.jre.full.win32.x86_64_17.0.3.v20220515-1416\jre\bin;C:\WINDOWS\SYSTEM32;C:\WINDOWS\WinSxS\amd64_microsoft.windows.common-controls_6595b64144ccf1df_6.0.19041.1110_none_60b5254171f9507e;C:\sts\spring-tool-suite-4-4.15.1.RELEASE-e4.24.0-win32.win32.x86_64.self-extracting\sts-4.15.1.RELEASE\plugins\org.eclipse.justj.openjdk.hotspot.jre.full.win32.x86_64_17.0.3.v20220515-1416\jre\bin\server

VM Arguments:
jvm_args: -Dmaven.home=EMBEDDED -Dclassworlds.conf=C:\workspace\.metadata\.plugins\org.eclipse.m2e.launching\launches\m2conf8575112185131386574.tmp -Dmaven.multiModuleProjectDirectory=C:\PTC-AWS\Sprint-boot-aws-dynomo -Djansi.force=true -Djansi.passthrough=true -Djansi.passthrough=true -Dfile.encoding=UTF-8 -XX:+ShowCodeDetailsInExceptionMessages 
java_command: org.codehaus.plexus.classworlds.launcher.Launcher -B clean compile assembly:single -Dstyle.color=always -Dstyle.color=always
java_class_path (initial): C:\sts\spring-tool-suite-4-4.15.1.RELEASE-e4.24.0-win32.win32.x86_64.self-extracting\sts-4.15.1.RELEASE\plugins\org.eclipse.m2e.maven.runtime_1.18.3.20220227-1319\jars\plexus-classworlds-2.6.0.jar
Launcher Type: SUN_STANDARD

[Global flags]
     intx CICompilerCount                          = 2                                         {product} {ergonomic}
     uint ConcGCThreads                            = 1                                         {product} {ergonomic}
     uint G1ConcRefinementThreads                  = 2                                         {product} {ergonomic}
   size_t G1HeapRegionSize                         = 1048576                                   {product} {ergonomic}
    uintx GCDrainStackTargetSize                   = 64                                        {product} {ergonomic}
   size_t InitialHeapSize                          = 134217728                                 {product} {ergonomic}
   size_t MarkStackSize                            = 4194304                                   {product} {ergonomic}
   size_t MaxHeapSize                              = 2147483648                                {product} {ergonomic}
   size_t MinHeapDeltaBytes                        = 1048576                                   {product} {ergonomic}
   size_t MinHeapSize                              = 8388608                                   {product} {ergonomic}
    uintx NonNMethodCodeHeapSize                   = 5826188                                {pd product} {ergonomic}
    uintx NonProfiledCodeHeapSize                  = 122916026                              {pd product} {ergonomic}
    uintx ProfiledCodeHeapSize                     = 122916026                              {pd product} {ergonomic}
    uintx ReservedCodeCacheSize                    = 251658240                              {pd product} {ergonomic}
     bool SegmentedCodeCache                       = true                                      {product} {ergonomic}
     bool ShowCodeDetailsInExceptionMessages       = true                                   {manageable} {command line}
   size_t SoftMaxHeapSize                          = 2147483648                             {manageable} {ergonomic}
     bool UseCompressedClassPointers               = true                           {product lp64_product} {ergonomic}
     bool UseCompressedOops                        = true                           {product lp64_product} {ergonomic}
     bool UseG1GC                                  = true                                      {product} {ergonomic}
     bool UseLargePagesIndividualAllocation        = false                                  {pd product} {ergonomic}

Logging:
Log output configuration:
 #0: stdout all=warning uptime,level,tags
 #1: stderr all=off uptime,level,tags

Environment Variables:
JAVA_HOME=C:\Program Files\Java\jdk-11
PATH=C:/sts/spring-tool-suite-4-4.15.1.RELEASE-e4.24.0-win32.win32.x86_64.self-extracting/sts-4.15.1.RELEASE//plugins/org.eclipse.justj.openjdk.hotspot.jre.full.win32.x86_64_17.0.3.v20220515-1416/jre/bin/server;C:/sts/spring-tool-suite-4-4.15.1.RELEASE-e4.24.0-win32.win32.x86_64.self-extracting/sts-4.15.1.RELEASE//plugins/org.eclipse.justj.openjdk.hotspot.jre.full.win32.x86_64_17.0.3.v20220515-1416/jre/bin;C:\WINDOWS\system32;C:\WINDOWS;C:\WINDOWS\System32\Wbem;C:\WINDOWS\System32\WindowsPowerShell\v1.0\;C:\WINDOWS\System32\OpenSSH\;C:\Program Files\TortoiseSVN\bin;C:\Program Files\nodejs\;C:\Program Files\Java\jdk-11\bin;C:\Program Files\Amazon\AWSCLIV2\;C:\Program Files\MySQL\MySQL Shell 8.0\bin\;C:\Users\gaurav\AppData\Local\Microsoft\WindowsApps;C:\Users\gaurav\AppData\Local\Programs\Microsoft VS Code\bin;C:\Users\gaurav\AppData\Roaming\npm;C:\Program Files\Java\jdk-11\bin;;C:\sts\spring-tool-suite-4-4.15.1.RELEASE-e4.24.0-win32.win32.x86_64.self-extracting\sts-4.15.1.RELEASE;
USERNAME=gaurav
OS=Windows_NT
PROCESSOR_IDENTIFIER=AMD64 Family 23 Model 49 Stepping 0, AuthenticAMD



---------------  S Y S T E M  ---------------

OS:
 Windows 10 , 64 bit Build 19041 (10.0.19041.1806)
OS uptime: 1 days 23:51 hours
Hyper-V virtualization detected

CPU: total 2 (initial active 2) (2 cores per cpu, 2 threads per core) family 23 model 49 stepping 0 microcode 0x0, cx8, cmov, fxsr, ht, mmx, 3dnowpref, sse, sse2, sse3, ssse3, sse4a, sse4.1, sse4.2, popcnt, lzcnt, tsc, avx, avx2, aes, clmul, bmi1, bmi2, adx, sha, fma, vzeroupper, clflush, clflushopt, hv

Memory: 4k page, system-wide physical 8191M (768M free)
TotalPageFile size 10239M (AvailPageFile size 6M)
current process WorkingSet (physical memory assigned to process): 10M, peak: 10M
current process commit charge ("private bytes"): 175M, peak: 177M

vm_info: OpenJDK 64-Bit Server VM (17.0.3+7) for windows-amd64 JRE (17.0.3+7), built on Apr 19 2022 16:55:35 by "" with MS VC++ 16.7 (VS2019)

END.
