#
# There is insufficient memory for the Java Runtime Environment to continue.
# Native memory allocation (mmap) failed to map 62914560 bytes for G1 virtual space
# Possible reasons:
#   The system is out of physical RAM or swap space
#   The process is running with CompressedOops enabled, and the Java Heap may be blocking the growth of the native heap
# Possible solutions:
#   Reduce memory load on the system
#   Increase physical memory or swap space
#   Check if swap backing store is full
#   Decrease Java heap size (-Xmx/-Xms)
#   Decrease number of Java threads
#   Decrease Java thread stack sizes (-Xss)
#   Set larger code cache with -XX:ReservedCodeCacheSize=
#   JVM is running with Unscaled Compressed Oops mode in which the Java heap is
#     placed in the first 4GB address space. The Java Heap base address is the
#     maximum limit for the native heap growth. Please use -XX:HeapBaseMinAddress
#     to set the Java Heap base and to place the Java Heap above 4GB virtual address.
# This output file may be truncated or incomplete.
#
#  Out of Memory Error (os_windows.cpp:3535), pid=5308, tid=14848
#
# JRE version: OpenJDK Runtime Environment Temurin-17.0.3+7 (17.0.3+7) (build 17.0.3+7)
# Java VM: OpenJDK 64-Bit Server VM Temurin-17.0.3+7 (17.0.3+7, mixed mode, emulated-client, tiered, compressed oops, compressed class ptrs, g1 gc, windows-amd64)
# No core dump will be written. Minidumps are not enabled by default on client versions of Windows
#

---------------  S U M M A R Y ------------

Command Line: -Dcom.sun.management.jmxremote -Dcom.sun.management.jmxremote.port=53717 -Dcom.sun.management.jmxremote.authenticate=false -Dcom.sun.management.jmxremote.ssl=false -Djava.rmi.server.hostname=localhost -Dspring.jmx.enabled=true -Dspring.application.admin.enabled=true -XX:TieredStopAtLevel=1 -Dspring.boot.project.name=Sprint-boot-aws-dynomo -Dfile.encoding=UTF-8 -XX:+ShowCodeDetailsInExceptionMessages com.example.demo.SprintBootAwsDynomoApplication --spring.output.ansi.enabled=always

Host: AMD EPYC 7452 32-Core Processor                , 2 cores, 7G,  Windows 10 , 64 bit Build 19041 (10.0.19041.1806)
Time: Thu Jul 21 19:22:07 2022 India Standard Time elapsed time: 3.989644 seconds (0d 0h 0m 3s)

---------------  T H R E A D  ---------------

Current thread (0x00000227ddfc3550):  VMThread "VM Thread" [stack: 0x0000006c45500000,0x0000006c45600000] [id=14848]

Stack: [0x0000006c45500000,0x0000006c45600000]
Native frames: (J=compiled Java code, j=interpreted, Vv=VM code, C=native code)
V  [jvm.dll+0x675efa]
V  [jvm.dll+0x830a24]
V  [jvm.dll+0x8321ce]
V  [jvm.dll+0x832833]
V  [jvm.dll+0x2454b5]
V  [jvm.dll+0x672de9]
V  [jvm.dll+0x667732]
V  [jvm.dll+0x3043ab]
V  [jvm.dll+0x30b8f6]
V  [jvm.dll+0x35b62e]
V  [jvm.dll+0x35b85f]
V  [jvm.dll+0x2db248]
V  [jvm.dll+0x2d94fc]
V  [jvm.dll+0x2d8acc]
V  [jvm.dll+0x31ca2b]
V  [jvm.dll+0x836cdb]
V  [jvm.dll+0x837a14]
V  [jvm.dll+0x837f2c]
V  [jvm.dll+0x838304]
V  [jvm.dll+0x8383d0]
V  [jvm.dll+0x7e0cfa]
V  [jvm.dll+0x674d85]
C  [ucrtbase.dll+0x21bb2]
C  [KERNEL32.DLL+0x17034]
C  [ntdll.dll+0x52651]

VM_Operation (0x0000006c44ffc820): G1CollectForAllocation, mode: safepoint, requested by thread 0x00000227d0e6df10


---------------  P R O C E S S  ---------------

Threads class SMR info:
_java_thread_list=0x00000227e0ebfef0, length=23, elements={
0x00000227d0e6df10, 0x00000227ddfcd470, 0x00000227ddfd7fb0, 0x00000227ddfe4720,
0x00000227ddfe53e0, 0x00000227de02e7b0, 0x00000227dec02480, 0x00000227dec034e0,
0x00000227dec141b0, 0x00000227decf0430, 0x00000227ddf702f0, 0x00000227dedd9710,
0x00000227df3ceba0, 0x00000227df54b380, 0x00000227df55d7c0, 0x00000227df7d6040,
0x00000227e03734d0, 0x00000227e038d020, 0x00000227e038d890, 0x00000227e0bbbb10,
0x00000227e0bbc980, 0x00000227e0bbc4b0, 0x00000227e0bbb170
}

Java Threads: ( => current thread )
  0x00000227d0e6df10 JavaThread "main" [_thread_blocked, id=8716, stack(0x0000006c44f00000,0x0000006c45000000)]
  0x00000227ddfcd470 JavaThread "Reference Handler" daemon [_thread_blocked, id=13988, stack(0x0000006c45600000,0x0000006c45700000)]
  0x00000227ddfd7fb0 JavaThread "Finalizer" daemon [_thread_blocked, id=652, stack(0x0000006c45700000,0x0000006c45800000)]
  0x00000227ddfe4720 JavaThread "Signal Dispatcher" daemon [_thread_blocked, id=9048, stack(0x0000006c45800000,0x0000006c45900000)]
  0x00000227ddfe53e0 JavaThread "Attach Listener" daemon [_thread_blocked, id=8980, stack(0x0000006c45900000,0x0000006c45a00000)]
  0x00000227de02e7b0 JavaThread "Service Thread" daemon [_thread_blocked, id=5396, stack(0x0000006c45a00000,0x0000006c45b00000)]
  0x00000227dec02480 JavaThread "Monitor Deflation Thread" daemon [_thread_blocked, id=11528, stack(0x0000006c45b00000,0x0000006c45c00000)]
  0x00000227dec034e0 JavaThread "C1 CompilerThread0" daemon [_thread_blocked, id=12888, stack(0x0000006c45c00000,0x0000006c45d00000)]
  0x00000227dec141b0 JavaThread "Sweeper thread" daemon [_thread_blocked, id=12528, stack(0x0000006c45d00000,0x0000006c45e00000)]
  0x00000227decf0430 JavaThread "Common-Cleaner" daemon [_thread_blocked, id=7912, stack(0x0000006c45e00000,0x0000006c45f00000)]
  0x00000227ddf702f0 JavaThread "C1 CompilerThread1" daemon [_thread_blocked, id=7396, stack(0x0000006c45f00000,0x0000006c46000000)]
  0x00000227dedd9710 JavaThread "Notification Thread" daemon [_thread_blocked, id=8216, stack(0x0000006c46000000,0x0000006c46100000)]
  0x00000227df3ceba0 JavaThread "RMI TCP Accept-0" daemon [_thread_in_native, id=10516, stack(0x0000006c46200000,0x0000006c46300000)]
  0x00000227df54b380 JavaThread "RMI TCP Accept-53717" daemon [_thread_in_native, id=14196, stack(0x0000006c46300000,0x0000006c46400000)]
  0x00000227df55d7c0 JavaThread "RMI TCP Accept-0" daemon [_thread_in_native, id=7172, stack(0x0000006c46400000,0x0000006c46500000)]
  0x00000227df7d6040 JavaThread "RMI TCP Connection(1)-127.0.0.1" daemon [_thread_in_native, id=5928, stack(0x0000006c46600000,0x0000006c46700000)]
  0x00000227e03734d0 JavaThread "RMI TCP Connection(2)-127.0.0.1" daemon [_thread_in_native, id=13764, stack(0x0000006c46700000,0x0000006c46800000)]
  0x00000227e038d020 JavaThread "RMI Scheduler(0)" daemon [_thread_blocked, id=3296, stack(0x0000006c46800000,0x0000006c46900000)]
  0x00000227e038d890 JavaThread "JMX server connection timeout 20" daemon [_thread_blocked, id=5908, stack(0x0000006c46900000,0x0000006c46a00000)]
  0x00000227e0bbbb10 JavaThread "Catalina-utility-1" [_thread_blocked, id=14460, stack(0x0000006c46a00000,0x0000006c46b00000)]
  0x00000227e0bbc980 JavaThread "Catalina-utility-2" [_thread_blocked, id=3612, stack(0x0000006c46b00000,0x0000006c46c00000)]
  0x00000227e0bbc4b0 JavaThread "container-0" [_thread_blocked, id=3256, stack(0x0000006c46c00000,0x0000006c46d00000)]
  0x00000227e0bbb170 JavaThread "java-sdk-http-connection-reaper" daemon [_thread_blocked, id=12912, stack(0x0000006c46d00000,0x0000006c46e00000)]

Other Threads:
=>0x00000227ddfc3550 VMThread "VM Thread" [stack: 0x0000006c45500000,0x0000006c45600000] [id=14848]
  0x00000227d0e6edd0 WatcherThread [stack: 0x0000006c46500000,0x0000006c46600000] [id=9944]
  0x00000227d0eca200 GCTaskThread "GC Thread#0" [stack: 0x0000006c45000000,0x0000006c45100000] [id=4396]
  0x00000227df2293f0 GCTaskThread "GC Thread#1" [stack: 0x0000006c46100000,0x0000006c46200000] [id=7032]
  0x00000227d0edc060 ConcurrentGCThread "G1 Main Marker" [stack: 0x0000006c45100000,0x0000006c45200000] [id=14796]
  0x00000227d0edd260 ConcurrentGCThread "G1 Conc#0" [stack: 0x0000006c45200000,0x0000006c45300000] [id=9960]
  0x00000227dde40090 ConcurrentGCThread "G1 Refine#0" [stack: 0x0000006c45300000,0x0000006c45400000] [id=5536]
  0x00000227dde412a0 ConcurrentGCThread "G1 Service" [stack: 0x0000006c45400000,0x0000006c45500000] [id=13536]

Threads with active compile tasks:

VM state: at safepoint (normal execution)

VM Mutex/Monitor currently owned by a thread:  ([mutex/lock_event])
[0x00000227d0e6afc0] Threads_lock - owner thread: 0x00000227ddfc3550
[0x00000227d0e6a480] Heap_lock - owner thread: 0x00000227d0e6df10

Heap address: 0x0000000080000000, size: 2048 MB, Compressed Oops mode: 32-bit

CDS archive(s) not mapped
Compressed class space mapped at: 0x0000000100000000-0x0000000140000000, reserved size: 1073741824
Narrow klass base: 0x0000000000000000, Narrow klass shift: 3, Narrow klass range: 0x140000000

GC Precious Log:
 CPUs: 2 total, 2 available
 Memory: 8191M
 Large Page Support: Disabled
 NUMA Support: Disabled
 Compressed Oops: Enabled (32-bit)
 Heap Region Size: 1M
 Heap Min Capacity: 8M
 Heap Initial Capacity: 128M
 Heap Max Capacity: 2G
 Pre-touch: Disabled
 Parallel Workers: 2
 Concurrent Workers: 1
 Concurrent Refinement Workers: 2
 Periodic GC: Disabled

Heap:
 garbage-first heap   total 61440K, used 22865K [0x0000000080000000, 0x0000000100000000)
  region size 1024K, 3 young (3072K), 3 survivors (3072K)
 Metaspace       used 47533K, committed 48000K, reserved 1097728K
  class space    used 6069K, committed 6272K, reserved 1048576K

Heap Regions: E=young(eden), S=young(survivor), O=old, HS=humongous(starts), HC=humongous(continues), CS=collection set, F=free, OA=open archive, CA=closed archive, TAMS=top-at-mark-start (previous, next)
|   0|0x0000000080000000, 0x0000000080100000, 0x0000000080100000|100%|HS|  |TAMS 0x0000000080100000, 0x0000000080000000| Complete 
|   1|0x0000000080100000, 0x0000000080200000, 0x0000000080200000|100%| O|  |TAMS 0x0000000080200000, 0x0000000080100000| Untracked 
|   2|0x0000000080200000, 0x0000000080300000, 0x0000000080300000|100%| O|  |TAMS 0x0000000080300000, 0x0000000080200000| Untracked 
|   3|0x0000000080300000, 0x0000000080400000, 0x0000000080400000|100%| O|  |TAMS 0x0000000080400000, 0x0000000080300000| Untracked 
|   4|0x0000000080400000, 0x0000000080500000, 0x0000000080500000|100%| O|  |TAMS 0x0000000080500000, 0x0000000080400000| Untracked 
|   5|0x0000000080500000, 0x0000000080600000, 0x0000000080600000|100%| O|  |TAMS 0x0000000080600000, 0x0000000080500000| Untracked 
|   6|0x0000000080600000, 0x0000000080700000, 0x0000000080700000|100%| O|  |TAMS 0x0000000080600000, 0x0000000080600000| Untracked 
|   7|0x0000000080700000, 0x0000000080800000, 0x0000000080800000|100%| O|  |TAMS 0x0000000080800000, 0x0000000080700000| Untracked 
|   8|0x0000000080800000, 0x0000000080900000, 0x0000000080900000|100%| O|  |TAMS 0x0000000080900000, 0x0000000080800000| Untracked 
|   9|0x0000000080900000, 0x0000000080a00000, 0x0000000080a00000|100%| O|  |TAMS 0x0000000080a00000, 0x0000000080900000| Untracked 
|  10|0x0000000080a00000, 0x0000000080b00000, 0x0000000080b00000|100%| O|  |TAMS 0x0000000080a00000, 0x0000000080a00000| Untracked 
|  11|0x0000000080b00000, 0x0000000080c00000, 0x0000000080c00000|100%| O|  |TAMS 0x0000000080b00000, 0x0000000080b00000| Untracked 
|  12|0x0000000080c00000, 0x0000000080d00000, 0x0000000080d00000|100%| O|  |TAMS 0x0000000080c00000, 0x0000000080c00000| Untracked 
|  13|0x0000000080d00000, 0x0000000080d00000, 0x0000000080e00000|  0%| F|  |TAMS 0x0000000080d00000, 0x0000000080d00000| Untracked 
|  14|0x0000000080e00000, 0x0000000080f00000, 0x0000000080f00000|100%| O|  |TAMS 0x0000000080ee3600, 0x0000000080e00000| Untracked 
|  15|0x0000000080f00000, 0x0000000081000000, 0x0000000081000000|100%| O|  |TAMS 0x0000000080f00000, 0x0000000080f00000| Untracked 
|  16|0x0000000081000000, 0x0000000081100000, 0x0000000081100000|100%| O|  |TAMS 0x0000000081000000, 0x0000000081000000| Untracked 
|  17|0x0000000081100000, 0x0000000081200000, 0x0000000081200000|100%| O|  |TAMS 0x0000000081100000, 0x0000000081100000| Untracked 
|  18|0x0000000081200000, 0x0000000081300000, 0x0000000081300000|100%| O|  |TAMS 0x0000000081200000, 0x0000000081200000| Untracked 
|  19|0x0000000081300000, 0x0000000081300000, 0x0000000081400000|  0%| F|  |TAMS 0x0000000081300000, 0x0000000081300000| Untracked 
|  20|0x0000000081400000, 0x0000000081400000, 0x0000000081500000|  0%| F|  |TAMS 0x0000000081400000, 0x0000000081400000| Untracked 
|  21|0x0000000081500000, 0x0000000081500000, 0x0000000081600000|  0%| F|  |TAMS 0x0000000081500000, 0x0000000081500000| Untracked 
|  22|0x0000000081600000, 0x0000000081600000, 0x0000000081700000|  0%| F|  |TAMS 0x0000000081600000, 0x0000000081600000| Untracked 
|  23|0x0000000081700000, 0x0000000081700000, 0x0000000081800000|  0%| F|  |TAMS 0x0000000081700000, 0x0000000081700000| Untracked 
|  24|0x0000000081800000, 0x0000000081900000, 0x0000000081900000|100%| O|  |TAMS 0x0000000081800000, 0x0000000081800000| Untracked 
|  25|0x0000000081900000, 0x0000000081a00000, 0x0000000081a00000|100%| O|  |TAMS 0x0000000081900000, 0x0000000081900000| Untracked 
|  26|0x0000000081a00000, 0x0000000081a1c400, 0x0000000081b00000| 11%| O|  |TAMS 0x0000000081a00000, 0x0000000081a00000| Untracked 
|  27|0x0000000081b00000, 0x0000000081b00000, 0x0000000081c00000|  0%| F|  |TAMS 0x0000000081b00000, 0x0000000081b00000| Untracked 
|  28|0x0000000081c00000, 0x0000000081c00000, 0x0000000081d00000|  0%| F|  |TAMS 0x0000000081c00000, 0x0000000081c00000| Untracked 
|  29|0x0000000081d00000, 0x0000000081d00000, 0x0000000081e00000|  0%| F|  |TAMS 0x0000000081d00000, 0x0000000081d00000| Untracked 
|  30|0x0000000081e00000, 0x0000000081e00000, 0x0000000081f00000|  0%| F|  |TAMS 0x0000000081e00000, 0x0000000081e00000| Untracked 
|  31|0x0000000081f00000, 0x0000000081f00000, 0x0000000082000000|  0%| F|  |TAMS 0x0000000081f00000, 0x0000000081f00000| Untracked 
|  32|0x0000000082000000, 0x0000000082000000, 0x0000000082100000|  0%| F|  |TAMS 0x0000000082000000, 0x0000000082000000| Untracked 
|  33|0x0000000082100000, 0x00000000821383b0, 0x0000000082200000| 21%| S|CS|TAMS 0x0000000082100000, 0x0000000082100000| Complete 
|  34|0x0000000082200000, 0x0000000082300000, 0x0000000082300000|100%| S|CS|TAMS 0x0000000082200000, 0x0000000082200000| Complete 
|  35|0x0000000082300000, 0x0000000082400000, 0x0000000082400000|100%| S|CS|TAMS 0x0000000082300000, 0x0000000082300000| Complete 
|  36|0x0000000082400000, 0x0000000082400000, 0x0000000082500000|  0%| F|  |TAMS 0x0000000082400000, 0x0000000082400000| Untracked 
|  37|0x0000000082500000, 0x0000000082500000, 0x0000000082600000|  0%| F|  |TAMS 0x0000000082500000, 0x0000000082500000| Untracked 
|  38|0x0000000082600000, 0x0000000082600000, 0x0000000082700000|  0%| F|  |TAMS 0x0000000082600000, 0x0000000082600000| Untracked 
|  39|0x0000000082700000, 0x0000000082700000, 0x0000000082800000|  0%| F|  |TAMS 0x0000000082700000, 0x0000000082700000| Untracked 
|  40|0x0000000082800000, 0x0000000082800000, 0x0000000082900000|  0%| F|  |TAMS 0x0000000082800000, 0x0000000082800000| Untracked 
|  41|0x0000000082900000, 0x0000000082900000, 0x0000000082a00000|  0%| F|  |TAMS 0x0000000082900000, 0x0000000082900000| Untracked 
|  42|0x0000000082a00000, 0x0000000082a00000, 0x0000000082b00000|  0%| F|  |TAMS 0x0000000082a00000, 0x0000000082a00000| Untracked 
|  43|0x0000000082b00000, 0x0000000082b00000, 0x0000000082c00000|  0%| F|  |TAMS 0x0000000082b00000, 0x0000000082b00000| Untracked 
|  44|0x0000000082c00000, 0x0000000082c00000, 0x0000000082d00000|  0%| F|  |TAMS 0x0000000082c00000, 0x0000000082c00000| Untracked 
|  45|0x0000000082d00000, 0x0000000082d00000, 0x0000000082e00000|  0%| F|  |TAMS 0x0000000082d00000, 0x0000000082d00000| Untracked 
|  46|0x0000000082e00000, 0x0000000082e00000, 0x0000000082f00000|  0%| F|  |TAMS 0x0000000082e00000, 0x0000000082e00000| Untracked 
|  47|0x0000000082f00000, 0x0000000082f00000, 0x0000000083000000|  0%| F|  |TAMS 0x0000000082f00000, 0x0000000082f00000| Untracked 
|  48|0x0000000083000000, 0x0000000083000000, 0x0000000083100000|  0%| F|  |TAMS 0x0000000083000000, 0x0000000083000000| Untracked 
|  49|0x0000000083100000, 0x0000000083100000, 0x0000000083200000|  0%| F|  |TAMS 0x0000000083100000, 0x0000000083100000| Untracked 
|  50|0x0000000083200000, 0x0000000083200000, 0x0000000083300000|  0%| F|  |TAMS 0x0000000083200000, 0x0000000083200000| Untracked 
|  51|0x0000000083300000, 0x0000000083300000, 0x0000000083400000|  0%| F|  |TAMS 0x0000000083300000, 0x0000000083300000| Untracked 
|  52|0x0000000083400000, 0x0000000083400000, 0x0000000083500000|  0%| F|  |TAMS 0x0000000083400000, 0x0000000083400000| Untracked 
|  53|0x0000000083500000, 0x0000000083500000, 0x0000000083600000|  0%| F|  |TAMS 0x0000000083500000, 0x0000000083500000| Untracked 
|  54|0x0000000083600000, 0x0000000083600000, 0x0000000083700000|  0%| F|  |TAMS 0x0000000083600000, 0x0000000083600000| Untracked 
|  55|0x0000000083700000, 0x0000000083700000, 0x0000000083800000|  0%| F|  |TAMS 0x0000000083700000, 0x0000000083700000| Untracked 
|  56|0x0000000083800000, 0x0000000083800000, 0x0000000083900000|  0%| F|  |TAMS 0x0000000083800000, 0x0000000083800000| Untracked 
|  57|0x0000000083900000, 0x0000000083900000, 0x0000000083a00000|  0%| F|  |TAMS 0x0000000083900000, 0x0000000083900000| Untracked 
|  58|0x0000000083a00000, 0x0000000083a00000, 0x0000000083b00000|  0%| F|  |TAMS 0x0000000083a00000, 0x0000000083a00000| Untracked 
| 127|0x0000000087f00000, 0x0000000087f00000, 0x0000000088000000|  0%| F|  |TAMS 0x0000000087f00000, 0x0000000087f00000| Untracked 

Card table byte_map: [0x00000227d7520000,0x00000227d7920000] _byte_map_base: 0x00000227d7120000

Marking Bits (Prev, Next): (CMBitMap*) 0x00000227d0ecb730, (CMBitMap*) 0x00000227d0ecb770
 Prev Bits: [0x00000227d7d20000, 0x00000227d9d20000)
 Next Bits: [0x00000227d9d20000, 0x00000227dbd20000)

Polling page: 0x00000227cedb0000

Metaspace:

Usage:
  Non-class:     40.49 MB used.
      Class:      5.93 MB used.
       Both:     46.42 MB used.

Virtual space:
  Non-class space:       48.00 MB reserved,      40.75 MB ( 85%) committed,  6 nodes.
      Class space:        1.00 GB reserved,       6.12 MB ( <1%) committed,  1 nodes.
             Both:        1.05 GB reserved,      46.88 MB (  4%) committed. 

Chunk freelists:
   Non-Class:  2.73 MB
       Class:  1.86 MB
        Both:  4.59 MB

MaxMetaspaceSize: unlimited
CompressedClassSpaceSize: 1.00 GB
Initial GC threshold: 21.00 MB
Current GC threshold: 59.00 MB
CDS: off
MetaspaceReclaimPolicy: balanced
 - commit_granule_bytes: 65536.
 - commit_granule_words: 8192.
 - virtual_space_node_default_size: 1048576.
 - enlarge_chunks_in_place: 1.
 - new_chunks_are_fully_committed: 0.
 - uncommit_free_chunks: 1.
 - use_allocation_guard: 0.
 - handle_deallocations: 1.


Internal statistics:

num_allocs_failed_limit: 6.
num_arena_births: 524.
num_arena_deaths: 0.
num_vsnodes_births: 7.
num_vsnodes_deaths: 0.
num_space_committed: 750.
num_space_uncommitted: 0.
num_chunks_returned_to_freelist: 6.
num_chunks_taken_from_freelist: 1871.
num_chunk_merges: 6.
num_chunk_splits: 1272.
num_chunks_enlarged: 921.
num_purges: 0.
num_inconsistent_stats: 0.

CodeCache: size=49152Kb used=8448Kb max_used=8448Kb free=40704Kb
 bounds [0x00000227d4520000, 0x00000227d4d60000, 0x00000227d7520000]
 total_blobs=4743 nmethods=4205 adapters=464
 compilation: enabled
              stopped_count=0, restarted_count=0
 full_count=0

Compilation events (20 events):
Event: 3.952 Thread 0x00000227ddf702f0 4196   !   1       nonapi.io.github.classgraph.reflection.ReflectionUtils::invokeMethod (91 bytes)
Event: 3.953 Thread 0x00000227ddf702f0 nmethod 4196 0x00000227d4d5ac10 code [0x00000227d4d5ae80, 0x00000227d4d5b6c8]
Event: 3.953 Thread 0x00000227dec034e0 4197       1       java.util.Optional::isPresent (13 bytes)
Event: 3.953 Thread 0x00000227dec034e0 nmethod 4197 0x00000227d4d5bb90 code [0x00000227d4d5bd20, 0x00000227d4d5bdf8]
Event: 3.954 Thread 0x00000227ddf702f0 4198       1       java.util.ComparableTimSort::binarySort (223 bytes)
Event: 3.955 Thread 0x00000227ddf702f0 nmethod 4198 0x00000227d4d5be90 code [0x00000227d4d5c080, 0x00000227d4d5c658]
Event: 3.955 Thread 0x00000227ddf702f0 4199       1       io.github.classgraph.ModuleRef::compareTo (9 bytes)
Event: 3.955 Thread 0x00000227dec034e0 4200       1       io.github.classgraph.ModuleRef::compareTo (30 bytes)
Event: 3.955 Thread 0x00000227ddf702f0 nmethod 4199 0x00000227d4d5c910 code [0x00000227d4d5cae0, 0x00000227d4d5cd08]
Event: 3.955 Thread 0x00000227dec034e0 nmethod 4200 0x00000227d4d5ce90 code [0x00000227d4d5d060, 0x00000227d4d5d248]
Event: 3.975 Thread 0x00000227dec034e0 4201       1       java.util.regex.Pattern$BitClass::is (22 bytes)
Event: 3.976 Thread 0x00000227dec034e0 nmethod 4201 0x00000227d4d5d390 code [0x00000227d4d5d520, 0x00000227d4d5d638]
Event: 3.976 Thread 0x00000227ddf702f0 4202   !   1       java.net.URL::getURLStreamHandler (191 bytes)
Event: 3.976 Thread 0x00000227ddf702f0 nmethod 4202 0x00000227d4d5d710 code [0x00000227d4d5d960, 0x00000227d4d5df18]
Event: 3.977 Thread 0x00000227dec034e0 4203       1       java.net.URI::quote (214 bytes)
Event: 3.978 Thread 0x00000227ddf702f0 4204       1       java.util.regex.Pattern$Begin::match (62 bytes)
Event: 3.978 Thread 0x00000227ddf702f0 nmethod 4204 0x00000227d4d5e210 code [0x00000227d4d5e3c0, 0x00000227d4d5e568]
Event: 3.978 Thread 0x00000227ddf702f0 4205       1       java.util.regex.Pattern$BmpCharPropertyGreedy::match (89 bytes)
Event: 3.978 Thread 0x00000227dec034e0 nmethod 4203 0x00000227d4d5e690 code [0x00000227d4d5e940, 0x00000227d4d5f378]
Event: 3.979 Thread 0x00000227ddf702f0 nmethod 4205 0x00000227d4d5fa10 code [0x00000227d4d5fbe0, 0x00000227d4d5fe68]

GC Heap History (20 events):
Event: 0.680 GC heap after
{Heap after GC invocations=2 (full 0):
 garbage-first heap   total 131072K, used 6567K [0x0000000080000000, 0x0000000100000000)
  region size 1024K, 1 young (1024K), 1 survivors (1024K)
 Metaspace       used 12440K, committed 12608K, reserved 1064960K
  class space    used 1268K, committed 1344K, reserved 1048576K
}
Event: 0.871 GC heap before
{Heap before GC invocations=2 (full 0):
 garbage-first heap   total 131072K, used 13735K [0x0000000080000000, 0x0000000100000000)
  region size 1024K, 8 young (8192K), 1 survivors (1024K)
 Metaspace       used 14800K, committed 14976K, reserved 1064960K
  class space    used 1543K, committed 1664K, reserved 1048576K
}
Event: 0.875 GC heap after
{Heap after GC invocations=3 (full 0):
 garbage-first heap   total 131072K, used 7683K [0x0000000080000000, 0x0000000100000000)
  region size 1024K, 1 young (1024K), 1 survivors (1024K)
 Metaspace       used 14800K, committed 14976K, reserved 1064960K
  class space    used 1543K, committed 1664K, reserved 1048576K
}
Event: 1.337 GC heap before
{Heap before GC invocations=3 (full 0):
 garbage-first heap   total 131072K, used 30211K [0x0000000080000000, 0x0000000100000000)
  region size 1024K, 25 young (25600K), 1 survivors (1024K)
 Metaspace       used 21307K, committed 21568K, reserved 1073152K
  class space    used 2462K, committed 2560K, reserved 1048576K
}
Event: 1.343 GC heap after
{Heap after GC invocations=4 (full 0):
 garbage-first heap   total 131072K, used 9578K [0x0000000080000000, 0x0000000100000000)
  region size 1024K, 3 young (3072K), 3 survivors (3072K)
 Metaspace       used 21307K, committed 21568K, reserved 1073152K
  class space    used 2462K, committed 2560K, reserved 1048576K
}
Event: 1.610 GC heap before
{Heap before GC invocations=5 (full 0):
 garbage-first heap   total 37888K, used 28010K [0x0000000080000000, 0x0000000100000000)
  region size 1024K, 23 young (23552K), 3 survivors (3072K)
 Metaspace       used 26170K, committed 26432K, reserved 1073152K
  class space    used 3096K, committed 3200K, reserved 1048576K
}
Event: 1.617 GC heap after
{Heap after GC invocations=6 (full 0):
 garbage-first heap   total 37888K, used 10429K [0x0000000080000000, 0x0000000100000000)
  region size 1024K, 4 young (4096K), 4 survivors (4096K)
 Metaspace       used 26170K, committed 26432K, reserved 1073152K
  class space    used 3096K, committed 3200K, reserved 1048576K
}
Event: 1.637 GC heap before
{Heap before GC invocations=6 (full 0):
 garbage-first heap   total 37888K, used 10429K [0x0000000080000000, 0x0000000100000000)
  region size 1024K, 5 young (5120K), 4 survivors (4096K)
 Metaspace       used 26336K, committed 26624K, reserved 1073152K
  class space    used 3122K, committed 3264K, reserved 1048576K
}
Event: 1.643 GC heap after
{Heap after GC invocations=7 (full 0):
 garbage-first heap   total 37888K, used 10774K [0x0000000080000000, 0x0000000100000000)
  region size 1024K, 1 young (1024K), 1 survivors (1024K)
 Metaspace       used 26336K, committed 26624K, reserved 1073152K
  class space    used 3122K, committed 3264K, reserved 1048576K
}
Event: 1.874 GC heap before
{Heap before GC invocations=7 (full 0):
 garbage-first heap   total 37888K, used 24086K [0x0000000080000000, 0x0000000100000000)
  region size 1024K, 15 young (15360K), 1 survivors (1024K)
 Metaspace       used 27732K, committed 28032K, reserved 1081344K
  class space    used 3301K, committed 3456K, reserved 1048576K
}
Event: 1.877 GC heap after
{Heap after GC invocations=8 (full 0):
 garbage-first heap   total 69632K, used 11607K [0x0000000080000000, 0x0000000100000000)
  region size 1024K, 2 young (2048K), 2 survivors (2048K)
 Metaspace       used 27732K, committed 28032K, reserved 1081344K
  class space    used 3301K, committed 3456K, reserved 1048576K
}
Event: 2.578 GC heap before
{Heap before GC invocations=8 (full 0):
 garbage-first heap   total 69632K, used 50519K [0x0000000080000000, 0x0000000100000000)
  region size 1024K, 40 young (40960K), 2 survivors (2048K)
 Metaspace       used 33977K, committed 34304K, reserved 1081344K
  class space    used 4127K, committed 4288K, reserved 1048576K
}
Event: 2.586 GC heap after
{Heap after GC invocations=9 (full 0):
 garbage-first heap   total 69632K, used 15007K [0x0000000080000000, 0x0000000100000000)
  region size 1024K, 5 young (5120K), 5 survivors (5120K)
 Metaspace       used 33977K, committed 34304K, reserved 1081344K
  class space    used 4127K, committed 4288K, reserved 1048576K
}
Event: 2.894 GC heap before
{Heap before GC invocations=9 (full 0):
 garbage-first heap   total 69632K, used 27295K [0x0000000080000000, 0x0000000100000000)
  region size 1024K, 18 young (18432K), 5 survivors (5120K)
 Metaspace       used 35789K, committed 36096K, reserved 1081344K
  class space    used 4364K, committed 4544K, reserved 1048576K
}
Event: 2.904 GC heap after
{Heap after GC invocations=10 (full 0):
 garbage-first heap   total 69632K, used 16560K [0x0000000080000000, 0x0000000100000000)
  region size 1024K, 2 young (2048K), 2 survivors (2048K)
 Metaspace       used 35789K, committed 36096K, reserved 1081344K
  class space    used 4364K, committed 4544K, reserved 1048576K
}
Event: 3.546 GC heap before
{Heap before GC invocations=11 (full 0):
 garbage-first heap   total 61440K, used 51376K [0x0000000080000000, 0x0000000100000000)
  region size 1024K, 36 young (36864K), 2 survivors (2048K)
 Metaspace       used 42755K, committed 43136K, reserved 1089536K
  class space    used 5350K, committed 5568K, reserved 1048576K
}
Event: 3.555 GC heap after
{Heap after GC invocations=12 (full 0):
 garbage-first heap   total 61440K, used 20576K [0x0000000080000000, 0x0000000100000000)
  region size 1024K, 5 young (5120K), 5 survivors (5120K)
 Metaspace       used 42755K, committed 43136K, reserved 1089536K
  class space    used 5350K, committed 5568K, reserved 1048576K
}
Event: 3.568 GC heap before
{Heap before GC invocations=12 (full 0):
 garbage-first heap   total 61440K, used 21600K [0x0000000080000000, 0x0000000100000000)
  region size 1024K, 6 young (6144K), 5 survivors (5120K)
 Metaspace       used 42902K, committed 43264K, reserved 1089536K
  class space    used 5367K, committed 5568K, reserved 1048576K
}
Event: 3.575 GC heap after
{Heap after GC invocations=13 (full 0):
 garbage-first heap   total 61440K, used 21445K [0x0000000080000000, 0x0000000100000000)
  region size 1024K, 1 young (1024K), 1 survivors (1024K)
 Metaspace       used 42902K, committed 43264K, reserved 1089536K
  class space    used 5367K, committed 5568K, reserved 1048576K
}
Event: 3.982 GC heap before
{Heap before GC invocations=13 (full 0):
 garbage-first heap   total 61440K, used 44997K [0x0000000080000000, 0x0000000100000000)
  region size 1024K, 24 young (24576K), 1 survivors (1024K)
 Metaspace       used 47533K, committed 48000K, reserved 1097728K
  class space    used 6069K, committed 6272K, reserved 1048576K
}

Deoptimization events (16 events):
Event: 0.356 Thread 0x00000227d0e6df10 DEOPT PACKING pc=0x00000227d4707f65 sp=0x0000006c44ffc720
Event: 0.356 Thread 0x00000227d0e6df10 DEOPT UNPACKING pc=0x00000227d4572b43 sp=0x0000006c44ffbc80 mode 3
Event: 0.458 Thread 0x00000227d0e6df10 DEOPT PACKING pc=0x00000227d4758d75 sp=0x0000006c44ffd190
Event: 0.458 Thread 0x00000227d0e6df10 DEOPT UNPACKING pc=0x00000227d4572b43 sp=0x0000006c44ffc600 mode 3
Event: 1.429 Thread 0x00000227d0e6df10 DEOPT PACKING pc=0x00000227d49b6c99 sp=0x0000006c44ffd300
Event: 1.429 Thread 0x00000227d0e6df10 DEOPT UNPACKING pc=0x00000227d4572b43 sp=0x0000006c44ffc7e0 mode 3
Event: 2.251 Thread 0x00000227d0e6df10 DEOPT PACKING pc=0x00000227d4b5f775 sp=0x0000006c44ffcdd0
Event: 2.251 Thread 0x00000227d0e6df10 DEOPT UNPACKING pc=0x00000227d4572b43 sp=0x0000006c44ffc240 mode 3
Event: 2.815 Thread 0x00000227d0e6df10 DEOPT PACKING pc=0x00000227d4c0599d sp=0x0000006c44ffc720
Event: 2.815 Thread 0x00000227d0e6df10 DEOPT UNPACKING pc=0x00000227d4572b43 sp=0x0000006c44ffbc88 mode 3
Event: 2.826 Thread 0x00000227e0bbbb10 DEOPT PACKING pc=0x00000227d48c7797 sp=0x0000006c46aff1a0
Event: 2.826 Thread 0x00000227e0bbbb10 DEOPT UNPACKING pc=0x00000227d4572b43 sp=0x0000006c46afe5f8 mode 3
Event: 3.233 Thread 0x00000227d0e6df10 DEOPT PACKING pc=0x00000227d49d59c2 sp=0x0000006c44ffcc40
Event: 3.233 Thread 0x00000227d0e6df10 DEOPT UNPACKING pc=0x00000227d4572b43 sp=0x0000006c44ffc148 mode 3
Event: 3.310 Thread 0x00000227d0e6df10 DEOPT PACKING pc=0x00000227d4c20899 sp=0x0000006c44ffcd60
Event: 3.310 Thread 0x00000227d0e6df10 DEOPT UNPACKING pc=0x00000227d4572b43 sp=0x0000006c44ffc240 mode 3

Classes unloaded (0 events):
No events

Classes redefined (0 events):
No events

Internal exceptions (20 events):
Event: 3.097 Thread 0x00000227d0e6df10 Exception <a 'java/lang/NoSuchMethodError'{0x000000008319b000}: 'int java.lang.invoke.DirectMethodHandle$Holder.invokeStaticInit(java.lang.Object, java.lang.Object, java.lang.Object, java.lang.Object)'> (0x000000008319b000) 
thrown [e:\jenkins\tmp\workspace\build\src\src\hotspot\share\interpreter\linkResolver.cpp, line 766]
Event: 3.149 Thread 0x00000227e03734d0 Exception <a 'java/lang/reflect/InvocationTargetException'{0x0000000082f82390}> (0x0000000082f82390) 
thrown [e:\jenkins\tmp\workspace\build\src\src\hotspot\share\runtime\reflection.cpp, line 1121]
Event: 3.495 Thread 0x00000227d0e6df10 Exception <a 'java/lang/ClassNotFoundException'{0x0000000081b980c8}: java/lang/ObjectCustomizer> (0x0000000081b980c8) 
thrown [e:\jenkins\tmp\workspace\build\src\src\hotspot\share\classfile\systemDictionary.cpp, line 256]
Event: 3.497 Thread 0x00000227d0e6df10 Exception <a 'java/lang/ClassNotFoundException'{0x0000000081ba0038}: org/springframework/web/servlet/config/annotation/WebMvcConfigurationSupportCustomizer> (0x0000000081ba0038) 
thrown [e:\jenkins\tmp\workspace\build\src\src\hotspot\share\classfile\systemDictionary.cpp, line 256]
Event: 3.498 Thread 0x00000227d0e6df10 Exception <a 'java/lang/ClassNotFoundException'{0x0000000081bb4438}: org/springframework/web/servlet/config/annotation/DelegatingWebMvcConfigurationCustomizer> (0x0000000081bb4438) 
thrown [e:\jenkins\tmp\workspace\build\src\src\hotspot\share\classfile\systemDictionary.cpp, line 256]
Event: 3.498 Thread 0x00000227d0e6df10 Exception <a 'java/lang/ClassNotFoundException'{0x0000000081bbe048}: org/springframework/boot/autoconfigure/web/servlet/WebMvcAutoConfiguration$EnableWebMvcConfigurationCustomizer> (0x0000000081bbe048) 
thrown [e:\jenkins\tmp\workspace\build\src\src\hotspot\share\classfile\systemDictionary.cpp, line 256]
Event: 3.499 Thread 0x00000227d0e6df10 Exception <a 'java/lang/ClassNotFoundException'{0x0000000081bd2808}: org/springframework/context/ResourceLoaderAwareCustomizer> (0x0000000081bd2808) 
thrown [e:\jenkins\tmp\workspace\build\src\src\hotspot\share\classfile\systemDictionary.cpp, line 256]
Event: 3.500 Thread 0x00000227d0e6df10 Exception <a 'java/lang/ClassNotFoundException'{0x0000000081bd78a0}: org/springframework/beans/factory/AwareCustomizer> (0x0000000081bd78a0) 
thrown [e:\jenkins\tmp\workspace\build\src\src\hotspot\share\classfile\systemDictionary.cpp, line 256]
Event: 3.500 Thread 0x00000227d0e6df10 Exception <a 'java/lang/ClassNotFoundException'{0x0000000081bdbd58}: org/springframework/context/ApplicationContextAwareCustomizer> (0x0000000081bdbd58) 
thrown [e:\jenkins\tmp\workspace\build\src\src\hotspot\share\classfile\systemDictionary.cpp, line 256]
Event: 3.500 Thread 0x00000227d0e6df10 Exception <a 'java/lang/ClassNotFoundException'{0x0000000081be18f0}: org/springframework/beans/factory/AwareCustomizer> (0x0000000081be18f0) 
thrown [e:\jenkins\tmp\workspace\build\src\src\hotspot\share\classfile\systemDictionary.cpp, line 256]
Event: 3.500 Thread 0x00000227d0e6df10 Exception <a 'java/lang/ClassNotFoundException'{0x0000000081be5d80}: org/springframework/web/context/ServletContextAwareCustomizer> (0x0000000081be5d80) 
thrown [e:\jenkins\tmp\workspace\build\src\src\hotspot\share\classfile\systemDictionary.cpp, line 256]
Event: 3.501 Thread 0x00000227d0e6df10 Exception <a 'java/lang/ClassNotFoundException'{0x0000000081beb250}: org/springframework/beans/factory/AwareCustomizer> (0x0000000081beb250) 
thrown [e:\jenkins\tmp\workspace\build\src\src\hotspot\share\classfile\systemDictionary.cpp, line 256]
Event: 3.533 Thread 0x00000227d0e6df10 Exception <a 'java/lang/NoSuchMethodError'{0x0000000081808920}: 'int java.lang.invoke.DirectMethodHandle$Holder.invokeStatic(java.lang.Object, java.lang.Object, int)'> (0x0000000081808920) 
thrown [e:\jenkins\tmp\workspace\build\src\src\hotspot\share\interpreter\linkResolver.cpp, line 766]
Event: 3.652 Thread 0x00000227e03734d0 Exception <a 'java/lang/reflect/InvocationTargetException'{0x0000000083571740}> (0x0000000083571740) 
thrown [e:\jenkins\tmp\workspace\build\src\src\hotspot\share\runtime\reflection.cpp, line 1121]
Event: 3.733 Thread 0x00000227d0e6df10 Exception <a 'java/lang/NoSuchMethodError'{0x00000000831c6640}: 'int java.lang.invoke.DirectMethodHandle$Holder.invokeStatic(java.lang.Object)'> (0x00000000831c6640) 
thrown [e:\jenkins\tmp\workspace\build\src\src\hotspot\share\interpreter\linkResolver.cpp, line 766]
Event: 3.733 Thread 0x00000227d0e6df10 Exception <a 'java/lang/NoSuchMethodError'{0x00000000831c9ce8}: 'int java.lang.invoke.DirectMethodHandle$Holder.invokeStaticInit(java.lang.Object)'> (0x00000000831c9ce8) 
thrown [e:\jenkins\tmp\workspace\build\src\src\hotspot\share\interpreter\linkResolver.cpp, line 766]
Event: 3.734 Thread 0x00000227d0e6df10 Exception <a 'java/lang/NoSuchMethodError'{0x00000000831cf190}: 'int java.lang.invoke.DirectMethodHandle$Holder.invokeVirtual(java.lang.Object, java.lang.Object, java.lang.Object)'> (0x00000000831cf190) 
thrown [e:\jenkins\tmp\workspace\build\src\src\hotspot\share\interpreter\linkResolver.cpp, line 766]
Event: 3.789 Thread 0x00000227d0e6df10 Exception <a 'java/lang/NoSuchMethodError'{0x0000000082d2cb08}: 'void java.lang.invoke.DirectMethodHandle$Holder.invokeVirtual(java.lang.Object, java.lang.Object, int)'> (0x0000000082d2cb08) 
thrown [e:\jenkins\tmp\workspace\build\src\src\hotspot\share\interpreter\linkResolver.cpp, line 766]
Event: 3.790 Thread 0x00000227d0e6df10 Exception <a 'java/lang/NoSuchMethodError'{0x0000000082d47660}: 'void java.lang.invoke.DirectMethodHandle$Holder.invokeVirtual(java.lang.Object, java.lang.Object, long)'> (0x0000000082d47660) 
thrown [e:\jenkins\tmp\workspace\build\src\src\hotspot\share\interpreter\linkResolver.cpp, line 766]
Event: 3.908 Thread 0x00000227d0e6df10 Exception <a 'java/lang/IncompatibleClassChangeError'{0x0000000082780b08}: Found class java.lang.Object, but interface was expected> (0x0000000082780b08) 
thrown [e:\jenkins\tmp\workspace\build\src\src\hotspot\share\interpreter\linkResolver.cpp, line 833]

VM Operations (20 events):
Event: 3.973 Executing VM operation: ICBufferFull done
Event: 3.974 Executing VM operation: ICBufferFull
Event: 3.974 Executing VM operation: ICBufferFull done
Event: 3.975 Executing VM operation: ICBufferFull
Event: 3.975 Executing VM operation: ICBufferFull done
Event: 3.975 Executing VM operation: ICBufferFull
Event: 3.975 Executing VM operation: ICBufferFull done
Event: 3.976 Executing VM operation: ICBufferFull
Event: 3.976 Executing VM operation: ICBufferFull done
Event: 3.977 Executing VM operation: ICBufferFull
Event: 3.977 Executing VM operation: ICBufferFull done
Event: 3.979 Executing VM operation: ICBufferFull
Event: 3.979 Executing VM operation: ICBufferFull done
Event: 3.980 Executing VM operation: ICBufferFull
Event: 3.980 Executing VM operation: ICBufferFull done
Event: 3.980 Executing VM operation: ICBufferFull
Event: 3.980 Executing VM operation: ICBufferFull done
Event: 3.981 Executing VM operation: ICBufferFull
Event: 3.981 Executing VM operation: ICBufferFull done
Event: 3.982 Executing VM operation: G1CollectForAllocation

Events (20 events):
Event: 3.941 loading class java/lang/StackStreamFactory
Event: 3.942 loading class java/lang/StackStreamFactory done
Event: 3.942 loading class java/lang/StackStreamFactory$StackFrameTraverser
Event: 3.942 loading class java/lang/StackStreamFactory$StackFrameTraverser done
Event: 3.942 loading class java/lang/StackStreamFactory$WalkerState
Event: 3.942 loading class java/lang/StackStreamFactory$WalkerState done
Event: 3.942 loading class java/lang/StackStreamFactory$1
Event: 3.942 loading class java/lang/StackStreamFactory$1 done
Event: 3.942 loading class java/lang/StackStreamFactory$StackFrameTraverser$StackFrameBuffer
Event: 3.942 loading class java/lang/StackStreamFactory$FrameBuffer
Event: 3.942 loading class java/lang/StackStreamFactory$FrameBuffer done
Event: 3.942 loading class java/lang/StackStreamFactory$StackFrameTraverser$StackFrameBuffer done
Event: 3.945 loading class java/lang/LayerInstantiationException
Event: 3.945 loading class java/lang/LayerInstantiationException done
Event: 3.945 loading class jdk/internal/loader/Loader
Event: 3.946 loading class jdk/internal/loader/Loader done
Event: 3.956 loading class java/io/IOError
Event: 3.956 loading class java/io/IOError done
Event: 3.965 loading class java/util/regex/Pattern$BackRef
Event: 3.965 loading class java/util/regex/Pattern$BackRef done


Dynamic libraries:
0x00007ff7771e0000 - 0x00007ff7771ee000 	C:\sts\spring-tool-suite-4-4.15.1.RELEASE-e4.24.0-win32.win32.x86_64.self-extracting\sts-4.15.1.RELEASE\plugins\org.eclipse.justj.openjdk.hotspot.jre.full.win32.x86_64_17.0.3.v20220515-1416\jre\bin\javaw.exe
0x00007ff9977f0000 - 0x00007ff9979e8000 	C:\WINDOWS\SYSTEM32\ntdll.dll
0x00007ff996fc0000 - 0x00007ff99707d000 	C:\WINDOWS\System32\KERNEL32.DLL
0x00007ff995260000 - 0x00007ff99552e000 	C:\WINDOWS\System32\KERNELBASE.dll
0x00007ff994f80000 - 0x00007ff995080000 	C:\WINDOWS\System32\ucrtbase.dll
0x00007ff966850000 - 0x00007ff966868000 	C:\sts\spring-tool-suite-4-4.15.1.RELEASE-e4.24.0-win32.win32.x86_64.self-extracting\sts-4.15.1.RELEASE\plugins\org.eclipse.justj.openjdk.hotspot.jre.full.win32.x86_64_17.0.3.v20220515-1416\jre\bin\jli.dll
0x00007ff995850000 - 0x00007ff9959f0000 	C:\WINDOWS\System32\USER32.dll
0x00007ff995120000 - 0x00007ff995142000 	C:\WINDOWS\System32\win32u.dll
0x00007ff997080000 - 0x00007ff9970aa000 	C:\WINDOWS\System32\GDI32.dll
0x00007ff995150000 - 0x00007ff99525b000 	C:\WINDOWS\System32\gdi32full.dll
0x00007ff995080000 - 0x00007ff99511d000 	C:\WINDOWS\System32\msvcp_win.dll
0x00007ff98b290000 - 0x00007ff98b2a9000 	C:\sts\spring-tool-suite-4-4.15.1.RELEASE-e4.24.0-win32.win32.x86_64.self-extracting\sts-4.15.1.RELEASE\plugins\org.eclipse.justj.openjdk.hotspot.jre.full.win32.x86_64_17.0.3.v20220515-1416\jre\bin\VCRUNTIME140.dll
0x00007ff9751a0000 - 0x00007ff97543a000 	C:\WINDOWS\WinSxS\amd64_microsoft.windows.common-controls_6595b64144ccf1df_6.0.19041.1110_none_60b5254171f9507e\COMCTL32.dll
0x00007ff997620000 - 0x00007ff9976be000 	C:\WINDOWS\System32\msvcrt.dll
0x00007ff996380000 - 0x00007ff9963b0000 	C:\WINDOWS\System32\IMM32.DLL
0x00007ff9925b0000 - 0x00007ff9925bc000 	C:\sts\spring-tool-suite-4-4.15.1.RELEASE-e4.24.0-win32.win32.x86_64.self-extracting\sts-4.15.1.RELEASE\plugins\org.eclipse.justj.openjdk.hotspot.jre.full.win32.x86_64_17.0.3.v20220515-1416\jre\bin\vcruntime140_1.dll
0x00007ff98b1f0000 - 0x00007ff98b281000 	C:\sts\spring-tool-suite-4-4.15.1.RELEASE-e4.24.0-win32.win32.x86_64.self-extracting\sts-4.15.1.RELEASE\plugins\org.eclipse.justj.openjdk.hotspot.jre.full.win32.x86_64_17.0.3.v20220515-1416\jre\bin\msvcp140.dll
0x00007ff947240000 - 0x00007ff947e88000 	C:\sts\spring-tool-suite-4-4.15.1.RELEASE-e4.24.0-win32.win32.x86_64.self-extracting\sts-4.15.1.RELEASE\plugins\org.eclipse.justj.openjdk.hotspot.jre.full.win32.x86_64_17.0.3.v20220515-1416\jre\bin\server\jvm.dll
0x00007ff996f10000 - 0x00007ff996fbe000 	C:\WINDOWS\System32\ADVAPI32.dll
0x00007ff9970b0000 - 0x00007ff99714c000 	C:\WINDOWS\System32\sechost.dll
0x00007ff9961f0000 - 0x00007ff996315000 	C:\WINDOWS\System32\RPCRT4.dll
0x00007ff997720000 - 0x00007ff997728000 	C:\WINDOWS\System32\PSAPI.DLL
0x00007ff9895d0000 - 0x00007ff9895d9000 	C:\WINDOWS\SYSTEM32\WSOCK32.dll
0x00007ff997740000 - 0x00007ff9977ab000 	C:\WINDOWS\System32\WS2_32.dll
0x00007ff9714c0000 - 0x00007ff9714e7000 	C:\WINDOWS\SYSTEM32\WINMM.dll
0x00007ff98c9d0000 - 0x00007ff98c9da000 	C:\WINDOWS\SYSTEM32\VERSION.dll
0x00007ff992e30000 - 0x00007ff992e42000 	C:\WINDOWS\SYSTEM32\kernel.appcore.dll
0x00007ff96fe80000 - 0x00007ff96fe8a000 	C:\sts\spring-tool-suite-4-4.15.1.RELEASE-e4.24.0-win32.win32.x86_64.self-extracting\sts-4.15.1.RELEASE\plugins\org.eclipse.justj.openjdk.hotspot.jre.full.win32.x86_64_17.0.3.v20220515-1416\jre\bin\jimage.dll
0x00007ff986260000 - 0x00007ff986444000 	C:\WINDOWS\SYSTEM32\DBGHELP.DLL
0x00007ff9861f0000 - 0x00007ff98621c000 	C:\WINDOWS\SYSTEM32\dbgcore.DLL
0x00007ff9956c0000 - 0x00007ff995742000 	C:\WINDOWS\System32\bcryptPrimitives.dll
0x00007ff966820000 - 0x00007ff966845000 	C:\sts\spring-tool-suite-4-4.15.1.RELEASE-e4.24.0-win32.win32.x86_64.self-extracting\sts-4.15.1.RELEASE\plugins\org.eclipse.justj.openjdk.hotspot.jre.full.win32.x86_64_17.0.3.v20220515-1416\jre\bin\java.dll
0x00007ff966800000 - 0x00007ff966818000 	C:\sts\spring-tool-suite-4-4.15.1.RELEASE-e4.24.0-win32.win32.x86_64.self-extracting\sts-4.15.1.RELEASE\plugins\org.eclipse.justj.openjdk.hotspot.jre.full.win32.x86_64_17.0.3.v20220515-1416\jre\bin\zip.dll
0x00007ff996590000 - 0x00007ff996cd4000 	C:\WINDOWS\System32\SHELL32.dll
0x00007ff993030000 - 0x00007ff9937c4000 	C:\WINDOWS\SYSTEM32\windows.storage.dll
0x00007ff997150000 - 0x00007ff9974a4000 	C:\WINDOWS\System32\combase.dll
0x00007ff9948a0000 - 0x00007ff9948d0000 	C:\WINDOWS\SYSTEM32\Wldp.dll
0x00007ff995b20000 - 0x00007ff995bcd000 	C:\WINDOWS\System32\SHCORE.dll
0x00007ff996320000 - 0x00007ff996375000 	C:\WINDOWS\System32\shlwapi.dll
0x00007ff994e50000 - 0x00007ff994e6f000 	C:\WINDOWS\SYSTEM32\profapi.dll
0x00007ff966780000 - 0x00007ff966799000 	C:\sts\spring-tool-suite-4-4.15.1.RELEASE-e4.24.0-win32.win32.x86_64.self-extracting\sts-4.15.1.RELEASE\plugins\org.eclipse.justj.openjdk.hotspot.jre.full.win32.x86_64_17.0.3.v20220515-1416\jre\bin\net.dll
0x00007ff987f90000 - 0x00007ff98809a000 	C:\WINDOWS\SYSTEM32\WINHTTP.dll
0x00007ff994600000 - 0x00007ff99466a000 	C:\WINDOWS\system32\mswsock.dll
0x00007ff966700000 - 0x00007ff966715000 	C:\sts\spring-tool-suite-4-4.15.1.RELEASE-e4.24.0-win32.win32.x86_64.self-extracting\sts-4.15.1.RELEASE\plugins\org.eclipse.justj.openjdk.hotspot.jre.full.win32.x86_64_17.0.3.v20220515-1416\jre\bin\nio.dll
0x00007ff992620000 - 0x00007ff992629000 	C:\sts\spring-tool-suite-4-4.15.1.RELEASE-e4.24.0-win32.win32.x86_64.self-extracting\sts-4.15.1.RELEASE\plugins\org.eclipse.justj.openjdk.hotspot.jre.full.win32.x86_64_17.0.3.v20220515-1416\jre\bin\management.dll
0x00007ff992610000 - 0x00007ff99261b000 	C:\sts\spring-tool-suite-4-4.15.1.RELEASE-e4.24.0-win32.win32.x86_64.self-extracting\sts-4.15.1.RELEASE\plugins\org.eclipse.justj.openjdk.hotspot.jre.full.win32.x86_64_17.0.3.v20220515-1416\jre\bin\management_ext.dll
0x00007ff985960000 - 0x00007ff985977000 	C:\WINDOWS\system32\napinsp.dll
0x00007ff985200000 - 0x00007ff98521b000 	C:\WINDOWS\system32\pnrpnsp.dll
0x00007ff9851a0000 - 0x00007ff9851b5000 	C:\WINDOWS\system32\wshbth.dll
0x00007ff992540000 - 0x00007ff99255d000 	C:\WINDOWS\system32\NLAapi.dll
0x00007ff9942f0000 - 0x00007ff99432b000 	C:\WINDOWS\SYSTEM32\IPHLPAPI.DLL
0x00007ff994330000 - 0x00007ff9943fb000 	C:\WINDOWS\SYSTEM32\DNSAPI.dll
0x00007ff997730000 - 0x00007ff997738000 	C:\WINDOWS\System32\NSI.dll
0x00007ff9850e0000 - 0x00007ff9850f2000 	C:\WINDOWS\System32\winrnr.dll
0x00007ff9876a0000 - 0x00007ff9876aa000 	C:\Windows\System32\rasadhlp.dll
0x00007ff987c30000 - 0x00007ff987cb0000 	C:\WINDOWS\System32\fwpuclnt.dll
0x00007ff995690000 - 0x00007ff9956b7000 	C:\WINDOWS\System32\bcrypt.dll
0x00007ff9947f0000 - 0x00007ff994808000 	C:\WINDOWS\SYSTEM32\CRYPTSP.dll
0x00007ff993f80000 - 0x00007ff993fb4000 	C:\WINDOWS\system32\rsaenh.dll
0x00007ff994e10000 - 0x00007ff994e3e000 	C:\WINDOWS\SYSTEM32\USERENV.dll
0x00007ff994810000 - 0x00007ff99481c000 	C:\WINDOWS\SYSTEM32\CRYPTBASE.dll
0x00007ff98dba0000 - 0x00007ff98dbb7000 	C:\WINDOWS\SYSTEM32\dhcpcsvc6.DLL
0x00007ff98d880000 - 0x00007ff98d89d000 	C:\WINDOWS\SYSTEM32\dhcpcsvc.DLL
0x00007ff9667c0000 - 0x00007ff9667d0000 	C:\sts\spring-tool-suite-4-4.15.1.RELEASE-e4.24.0-win32.win32.x86_64.self-extracting\sts-4.15.1.RELEASE\plugins\org.eclipse.justj.openjdk.hotspot.jre.full.win32.x86_64_17.0.3.v20220515-1416\jre\bin\verify.dll
0x00007ff948480000 - 0x00007ff94848e000 	C:\sts\spring-tool-suite-4-4.15.1.RELEASE-e4.24.0-win32.win32.x86_64.self-extracting\sts-4.15.1.RELEASE\plugins\org.eclipse.justj.openjdk.hotspot.jre.full.win32.x86_64_17.0.3.v20220515-1416\jre\bin\sunmscapi.dll
0x00007ff995530000 - 0x00007ff995686000 	C:\WINDOWS\System32\CRYPT32.dll
0x00007ff994910000 - 0x00007ff994937000 	C:\WINDOWS\SYSTEM32\ncrypt.dll
0x00007ff9948d0000 - 0x00007ff99490b000 	C:\WINDOWS\SYSTEM32\NTASN1.dll

dbghelp: loaded successfully - version: 4.0.5 - missing functions: none
symbol engine: initialized successfully - sym options: 0x614 - pdb path: .;C:\sts\spring-tool-suite-4-4.15.1.RELEASE-e4.24.0-win32.win32.x86_64.self-extracting\sts-4.15.1.RELEASE\plugins\org.eclipse.justj.openjdk.hotspot.jre.full.win32.x86_64_17.0.3.v20220515-1416\jre\bin;C:\WINDOWS\SYSTEM32;C:\WINDOWS\WinSxS\amd64_microsoft.windows.common-controls_6595b64144ccf1df_6.0.19041.1110_none_60b5254171f9507e;C:\sts\spring-tool-suite-4-4.15.1.RELEASE-e4.24.0-win32.win32.x86_64.self-extracting\sts-4.15.1.RELEASE\plugins\org.eclipse.justj.openjdk.hotspot.jre.full.win32.x86_64_17.0.3.v20220515-1416\jre\bin\server

VM Arguments:
jvm_args: -Dcom.sun.management.jmxremote -Dcom.sun.management.jmxremote.port=53717 -Dcom.sun.management.jmxremote.authenticate=false -Dcom.sun.management.jmxremote.ssl=false -Djava.rmi.server.hostname=localhost -Dspring.jmx.enabled=true -Dspring.application.admin.enabled=true -XX:TieredStopAtLevel=1 -Dspring.boot.project.name=Sprint-boot-aws-dynomo -Dfile.encoding=UTF-8 -XX:+ShowCodeDetailsInExceptionMessages 
java_command: com.example.demo.SprintBootAwsDynomoApplication --spring.output.ansi.enabled=always
java_class_path (initial): C:\PTC-AWS\Sprint-boot-aws-dynomo\target\classes;C:\Users\gaurav\.m2\repository\org\springframework\boot\spring-boot-starter-web\2.6.7\spring-boot-starter-web-2.6.7.jar;C:\Users\gaurav\.m2\repository\org\springframework\boot\spring-boot-starter\2.6.7\spring-boot-starter-2.6.7.jar;C:\Users\gaurav\.m2\repository\org\springframework\boot\spring-boot\2.6.7\spring-boot-2.6.7.jar;C:\Users\gaurav\.m2\repository\org\springframework\boot\spring-boot-autoconfigure\2.6.7\spring-boot-autoconfigure-2.6.7.jar;C:\Users\gaurav\.m2\repository\org\springframework\boot\spring-boot-starter-logging\2.6.7\spring-boot-starter-logging-2.6.7.jar;C:\Users\gaurav\.m2\repository\ch\qos\logback\logback-classic\1.2.11\logback-classic-1.2.11.jar;C:\Users\gaurav\.m2\repository\ch\qos\logback\logback-core\1.2.11\logback-core-1.2.11.jar;C:\Users\gaurav\.m2\repository\org\apache\logging\log4j\log4j-to-slf4j\2.17.2\log4j-to-slf4j-2.17.2.jar;C:\Users\gaurav\.m2\repository\org\apache\logging\log4j\log4j-api\2.17.2\log4j-api-2.17.2.jar;C:\Users\gaurav\.m2\repository\org\slf4j\jul-to-slf4j\1.7.36\jul-to-slf4j-1.7.36.jar;C:\Users\gaurav\.m2\repository\jakarta\annotation\jakarta.annotation-api\1.3.5\jakarta.annotation-api-1.3.5.jar;C:\Users\gaurav\.m2\repository\org\yaml\snakeyaml\1.29\snakeyaml-1.29.jar;C:\Users\gaurav\.m2\repository\org\springframework\boot\spring-boot-starter-json\2.6.7\spring-boot-starter-json-2.6.7.jar;C:\Users\gaurav\.m2\repository\com\fasterxml\jackson\datatype\jackson-datatype-jdk8\2.13.2\jackson-datatype-jdk8-2.13.2.jar;C:\Users\gaurav\.m2\repository\com\fasterxml\jackson\datatype\jackson-datatype-jsr310\2.13.2\jackson-datatype-jsr310-2.13.2.jar;C:\Users\gaurav\.m2\repository\com\fasterxml\jackson\module\jackson-module-parameter-names\2.13.2\jackson-module-parameter-names-2.13.2.jar;C:\Users\gaurav\.m2\repository\org\springframework\boot\spring-boot-starter-tomcat\2.6.7\spring-boot-starter-tomcat-2.6.7.jar;C:\Users\gaurav\.m2\repository\org\apache\tomca
Launcher Type: SUN_STANDARD

[Global flags]
     intx CICompilerCount                          = 2                                         {product} {ergonomic}
     uint ConcGCThreads                            = 1                                         {product} {ergonomic}
     uint G1ConcRefinementThreads                  = 2                                         {product} {ergonomic}
   size_t G1HeapRegionSize                         = 1048576                                   {product} {ergonomic}
    uintx GCDrainStackTargetSize                   = 64                                        {product} {ergonomic}
   size_t InitialHeapSize                          = 134217728                                 {product} {ergonomic}
     bool ManagementServer                         = true                                      {product} {command line}
   size_t MarkStackSize                            = 4194304                                   {product} {ergonomic}
   size_t MaxHeapSize                              = 2147483648                                {product} {ergonomic}
   size_t MaxNewSize                               = 1287651328                                {product} {ergonomic}
   size_t MinHeapDeltaBytes                        = 1048576                                   {product} {ergonomic}
   size_t MinHeapSize                              = 8388608                                   {product} {ergonomic}
    uintx NonProfiledCodeHeapSize                  = 0                                      {pd product} {ergonomic}
     bool ProfileInterpreter                       = false                                  {pd product} {command line}
    uintx ProfiledCodeHeapSize                     = 0                                      {pd product} {ergonomic}
     bool ShowCodeDetailsInExceptionMessages       = true                                   {manageable} {command line}
   size_t SoftMaxHeapSize                          = 2147483648                             {manageable} {ergonomic}
     intx TieredStopAtLevel                        = 1                                         {product} {command line}
     bool UseCompressedClassPointers               = true                           {product lp64_product} {ergonomic}
     bool UseCompressedOops                        = true                           {product lp64_product} {ergonomic}
     bool UseG1GC                                  = true                                      {product} {ergonomic}
     bool UseLargePagesIndividualAllocation        = false                                  {pd product} {ergonomic}

Logging:
Log output configuration:
 #0: stdout all=warning uptime,level,tags
 #1: stderr all=off uptime,level,tags

Environment Variables:
JAVA_HOME=C:\Program Files\Java\jdk-11
PATH=C:/sts/spring-tool-suite-4-4.15.1.RELEASE-e4.24.0-win32.win32.x86_64.self-extracting/sts-4.15.1.RELEASE//plugins/org.eclipse.justj.openjdk.hotspot.jre.full.win32.x86_64_17.0.3.v20220515-1416/jre/bin/server;C:/sts/spring-tool-suite-4-4.15.1.RELEASE-e4.24.0-win32.win32.x86_64.self-extracting/sts-4.15.1.RELEASE//plugins/org.eclipse.justj.openjdk.hotspot.jre.full.win32.x86_64_17.0.3.v20220515-1416/jre/bin;C:\WINDOWS\system32;C:\WINDOWS;C:\WINDOWS\System32\Wbem;C:\WINDOWS\System32\WindowsPowerShell\v1.0\;C:\WINDOWS\System32\OpenSSH\;C:\Program Files\TortoiseSVN\bin;C:\Program Files\nodejs\;C:\Program Files\Java\jdk-11\bin;C:\Program Files\Amazon\AWSCLIV2\;C:\Program Files\MySQL\MySQL Shell 8.0\bin\;C:\Users\gaurav\AppData\Local\Microsoft\WindowsApps;C:\Users\gaurav\AppData\Local\Programs\Microsoft VS Code\bin;C:\Users\gaurav\AppData\Roaming\npm;C:\Program Files\Java\jdk-11\bin;;C:\sts\spring-tool-suite-4-4.15.1.RELEASE-e4.24.0-win32.win32.x86_64.self-extracting\sts-4.15.1.RELEASE;
USERNAME=gaurav
OS=Windows_NT
PROCESSOR_IDENTIFIER=AMD64 Family 23 Model 49 Stepping 0, AuthenticAMD



---------------  S Y S T E M  ---------------

OS:
 Windows 10 , 64 bit Build 19041 (10.0.19041.1806)
OS uptime: 1 days 23:44 hours
Hyper-V virtualization detected

CPU: total 2 (initial active 2) (2 cores per cpu, 2 threads per core) family 23 model 49 stepping 0 microcode 0x0, cx8, cmov, fxsr, ht, mmx, 3dnowpref, sse, sse2, sse3, ssse3, sse4a, sse4.1, sse4.2, popcnt, lzcnt, tsc, avx, avx2, aes, clmul, bmi1, bmi2, adx, sha, fma, vzeroupper, clflush, clflushopt, hv

Memory: 4k page, system-wide physical 8191M (749M free)
TotalPageFile size 10239M (AvailPageFile size 51M)
current process WorkingSet (physical memory assigned to process): 169M, peak: 169M
current process commit charge ("private bytes"): 189M, peak: 249M

vm_info: OpenJDK 64-Bit Server VM (17.0.3+7) for windows-amd64 JRE (17.0.3+7), built on Apr 19 2022 16:55:35 by "" with MS VC++ 16.7 (VS2019)

END.
