#
# There is insufficient memory for the Java Runtime Environment to continue.
# Native memory allocation (mmap) failed to map 288358400 bytes for G1 virtual space
# Possible reasons:
#   The system is out of physical RAM or swap space
#   The process is running with CompressedOops enabled, and the Java Heap may be blocking the growth of the native heap
# Possible solutions:
#   Reduce memory load on the system
#   Increase physical memory or swap space
#   Check if swap backing store is full
#   Decrease Java heap size (-Xmx/-Xms)
#   Decrease number of Java threads
#   Decrease Java thread stack sizes (-Xss)
#   Set larger code cache with -XX:ReservedCodeCacheSize=
#   JVM is running with Unscaled Compressed Oops mode in which the Java heap is
#     placed in the first 4GB address space. The Java Heap base address is the
#     maximum limit for the native heap growth. Please use -XX:HeapBaseMinAddress
#     to set the Java Heap base and to place the Java Heap above 4GB virtual address.
# This output file may be truncated or incomplete.
#
#  Out of Memory Error (os_windows.cpp:3535), pid=13396, tid=10420
#
# JRE version: OpenJDK Runtime Environment Temurin-17.0.3+7 (17.0.3+7) (build 17.0.3+7)
# Java VM: OpenJDK 64-Bit Server VM Temurin-17.0.3+7 (17.0.3+7, mixed mode, tiered, compressed oops, compressed class ptrs, g1 gc, windows-amd64)
# No core dump will be written. Minidumps are not enabled by default on client versions of Windows
#

---------------  S U M M A R Y ------------

Command Line: -Dmaven.home=EMBEDDED -Dclassworlds.conf=C:\workspace\.metadata\.plugins\org.eclipse.m2e.launching\launches\m2conf939888146619144751.tmp -Dmaven.multiModuleProjectDirectory=C:\PTC-AWS\Sprint-boot-aws-dynomo -Djansi.force=true -Djansi.passthrough=true -Djansi.passthrough=true -Dfile.encoding=UTF-8 -XX:+ShowCodeDetailsInExceptionMessages org.codehaus.plexus.classworlds.launcher.Launcher -B clean compile assembly:single -Dstyle.color=always -Dstyle.color=always

Host: AMD EPYC 7452 32-Core Processor                , 2 cores, 7G,  Windows 10 , 64 bit Build 19041 (10.0.19041.1806)
Time: Thu Jul 21 19:30:27 2022 India Standard Time elapsed time: 17.379808 seconds (0d 0h 0m 17s)

---------------  T H R E A D  ---------------

Current thread (0x000001537d4f7630):  VMThread "VM Thread" [stack: 0x00000007ae200000,0x00000007ae300000] [id=10420]

Stack: [0x00000007ae200000,0x00000007ae300000]
Native frames: (J=compiled Java code, j=interpreted, Vv=VM code, C=native code)
V  [jvm.dll+0x675efa]
V  [jvm.dll+0x830a24]
V  [jvm.dll+0x8321ce]
V  [jvm.dll+0x832833]
V  [jvm.dll+0x2454b5]
V  [jvm.dll+0x672de9]
V  [jvm.dll+0x667732]
V  [jvm.dll+0x3043ab]
V  [jvm.dll+0x30b8f6]
V  [jvm.dll+0x35b62e]
V  [jvm.dll+0x35b85f]
V  [jvm.dll+0x2db248]
V  [jvm.dll+0x2d94fc]
V  [jvm.dll+0x2d8acc]
V  [jvm.dll+0x31cd51]
V  [jvm.dll+0x836cdb]
V  [jvm.dll+0x837a14]
V  [jvm.dll+0x837f2c]
V  [jvm.dll+0x838304]
V  [jvm.dll+0x8383d0]
V  [jvm.dll+0x7e0cfa]
V  [jvm.dll+0x674d85]
C  [ucrtbase.dll+0x21bb2]
C  [KERNEL32.DLL+0x17034]
C  [ntdll.dll+0x52651]

VM_Operation (0x00000007adcfd030): G1TryInitiateConcMark, mode: safepoint, requested by thread 0x00000153730adb80


---------------  P R O C E S S  ---------------

Threads class SMR info:
_java_thread_list=0x000001537e13be10, length=12, elements={
0x00000153730adb80, 0x000001537d519410, 0x000001537d4fe050, 0x000001537d5614e0,
0x000001537d561da0, 0x000001537d562c70, 0x000001537d563530, 0x000001537d5676d0,
0x000001537d56cc80, 0x000001537d56d5a0, 0x000001537e16e980, 0x000001537e184e90
}

Java Threads: ( => current thread )
  0x00000153730adb80 JavaThread "main" [_thread_blocked, id=11100, stack(0x00000007adc00000,0x00000007add00000)]
  0x000001537d519410 JavaThread "Reference Handler" daemon [_thread_blocked, id=13980, stack(0x00000007ae300000,0x00000007ae400000)]
  0x000001537d4fe050 JavaThread "Finalizer" daemon [_thread_blocked, id=13184, stack(0x00000007ae400000,0x00000007ae500000)]
  0x000001537d5614e0 JavaThread "Signal Dispatcher" daemon [_thread_blocked, id=13528, stack(0x00000007ae500000,0x00000007ae600000)]
  0x000001537d561da0 JavaThread "Attach Listener" daemon [_thread_blocked, id=13412, stack(0x00000007ae600000,0x00000007ae700000)]
  0x000001537d562c70 JavaThread "Service Thread" daemon [_thread_blocked, id=13328, stack(0x00000007ae700000,0x00000007ae800000)]
  0x000001537d563530 JavaThread "Monitor Deflation Thread" daemon [_thread_blocked, id=13504, stack(0x00000007ae800000,0x00000007ae900000)]
  0x000001537d5676d0 JavaThread "C2 CompilerThread0" daemon [_thread_blocked, id=13460, stack(0x00000007ae900000,0x00000007aea00000)]
  0x000001537d56cc80 JavaThread "C1 CompilerThread0" daemon [_thread_blocked, id=13056, stack(0x00000007aea00000,0x00000007aeb00000)]
  0x000001537d56d5a0 JavaThread "Sweeper thread" daemon [_thread_blocked, id=13072, stack(0x00000007aeb00000,0x00000007aec00000)]
  0x000001537e16e980 JavaThread "Notification Thread" daemon [_thread_blocked, id=4800, stack(0x00000007aec00000,0x00000007aed00000)]
  0x000001537e184e90 JavaThread "Common-Cleaner" daemon [_thread_blocked, id=6820, stack(0x00000007aee00000,0x00000007aef00000)]

Other Threads:
=>0x000001537d4f7630 VMThread "VM Thread" [stack: 0x00000007ae200000,0x00000007ae300000] [id=10420]
  0x000001537e16f3c0 WatcherThread [stack: 0x00000007aed00000,0x00000007aee00000] [id=14268]
  0x0000015373109bf0 GCTaskThread "GC Thread#0" [stack: 0x00000007add00000,0x00000007ade00000] [id=10268]
  0x000001537e487020 GCTaskThread "GC Thread#1" [stack: 0x00000007aef00000,0x00000007af000000] [id=6852]
  0x000001537311be50 ConcurrentGCThread "G1 Main Marker" [stack: 0x00000007ade00000,0x00000007adf00000] [id=1472]
  0x000001537311c770 ConcurrentGCThread "G1 Conc#0" [stack: 0x00000007adf00000,0x00000007ae000000] [id=456]
  0x000001537d380090 ConcurrentGCThread "G1 Refine#0" [stack: 0x00000007ae000000,0x00000007ae100000] [id=1104]
  0x000001537e2ce880 ConcurrentGCThread "G1 Refine#1" [stack: 0x00000007af000000,0x00000007af100000] [id=12600]
  0x000001537d3809c0 ConcurrentGCThread "G1 Service" [stack: 0x00000007ae100000,0x00000007ae200000] [id=9976]

Threads with active compile tasks:

VM state: at safepoint (normal execution)

VM Mutex/Monitor currently owned by a thread:  ([mutex/lock_event])
[0x00000153730a7a70] Threads_lock - owner thread: 0x000001537d4f7630
[0x00000153730a7cb0] Heap_lock - owner thread: 0x00000153730adb80

Heap address: 0x0000000080000000, size: 2048 MB, Compressed Oops mode: 32-bit

CDS archive(s) not mapped
Compressed class space mapped at: 0x0000000100000000-0x0000000140000000, reserved size: 1073741824
Narrow klass base: 0x0000000000000000, Narrow klass shift: 3, Narrow klass range: 0x140000000

GC Precious Log:
 CPUs: 2 total, 2 available
 Memory: 8191M
 Large Page Support: Disabled
 NUMA Support: Disabled
 Compressed Oops: Enabled (32-bit)
 Heap Region Size: 1M
 Heap Min Capacity: 8M
 Heap Initial Capacity: 128M
 Heap Max Capacity: 2G
 Pre-touch: Disabled
 Parallel Workers: 2
 Concurrent Workers: 1
 Concurrent Refinement Workers: 2
 Periodic GC: Disabled

Heap:
 garbage-first heap   total 208896K, used 109056K [0x0000000080000000, 0x0000000100000000)
  region size 1024K, 9 young (9216K), 9 survivors (9216K)
 Metaspace       used 52942K, committed 53632K, reserved 1097728K
  class space    used 5802K, committed 6144K, reserved 1048576K

Heap Regions: E=young(eden), S=young(survivor), O=old, HS=humongous(starts), HC=humongous(continues), CS=collection set, F=free, OA=open archive, CA=closed archive, TAMS=top-at-mark-start (previous, next)
|   0|0x0000000080000000, 0x0000000080100000, 0x0000000080100000|100%| O|  |TAMS 0x0000000080100000, 0x0000000080100000| Untracked 
|   1|0x0000000080100000, 0x0000000080200000, 0x0000000080200000|100%| O|  |TAMS 0x0000000080200000, 0x0000000080200000| Untracked 
|   2|0x0000000080200000, 0x0000000080300000, 0x0000000080300000|100%| O|  |TAMS 0x0000000080300000, 0x0000000080300000| Untracked 
|   3|0x0000000080300000, 0x0000000080400000, 0x0000000080400000|100%| O|  |TAMS 0x0000000080400000, 0x0000000080400000| Untracked 
|   4|0x0000000080400000, 0x0000000080500000, 0x0000000080500000|100%| O|  |TAMS 0x0000000080500000, 0x0000000080500000| Untracked 
|   5|0x0000000080500000, 0x0000000080600000, 0x0000000080600000|100%| O|  |TAMS 0x0000000080600000, 0x0000000080600000| Untracked 
|   6|0x0000000080600000, 0x0000000080700000, 0x0000000080700000|100%| O|  |TAMS 0x0000000080700000, 0x0000000080700000| Untracked 
|   7|0x0000000080700000, 0x0000000080800000, 0x0000000080800000|100%| O|  |TAMS 0x0000000080800000, 0x0000000080800000| Untracked 
|   8|0x0000000080800000, 0x0000000080900000, 0x0000000080900000|100%| O|  |TAMS 0x0000000080900000, 0x0000000080900000| Untracked 
|   9|0x0000000080900000, 0x0000000080a00000, 0x0000000080a00000|100%|HS|  |TAMS 0x0000000080a00000, 0x0000000080a00000| Complete 
|  10|0x0000000080a00000, 0x0000000080b00000, 0x0000000080b00000|100%| O|  |TAMS 0x0000000080b00000, 0x0000000080b00000| Untracked 
|  11|0x0000000080b00000, 0x0000000080c00000, 0x0000000080c00000|100%| O|  |TAMS 0x0000000080c00000, 0x0000000080c00000| Untracked 
|  12|0x0000000080c00000, 0x0000000080d00000, 0x0000000080d00000|100%| O|  |TAMS 0x0000000080d00000, 0x0000000080d00000| Untracked 
|  13|0x0000000080d00000, 0x0000000080e00000, 0x0000000080e00000|100%| O|  |TAMS 0x0000000080e00000, 0x0000000080e00000| Untracked 
|  14|0x0000000080e00000, 0x0000000080f00000, 0x0000000080f00000|100%| O|  |TAMS 0x0000000080f00000, 0x0000000080f00000| Untracked 
|  15|0x0000000080f00000, 0x0000000081000000, 0x0000000081000000|100%| O|  |TAMS 0x0000000081000000, 0x0000000081000000| Untracked 
|  16|0x0000000081000000, 0x0000000081100000, 0x0000000081100000|100%| O|  |TAMS 0x0000000081100000, 0x0000000081100000| Untracked 
|  17|0x0000000081100000, 0x0000000081200000, 0x0000000081200000|100%| O|  |TAMS 0x0000000081100000, 0x0000000081200000| Untracked 
|  18|0x0000000081200000, 0x0000000081300000, 0x0000000081300000|100%| O|  |TAMS 0x0000000081300000, 0x0000000081300000| Untracked 
|  19|0x0000000081300000, 0x0000000081400000, 0x0000000081400000|100%| O|  |TAMS 0x0000000081400000, 0x0000000081400000| Untracked 
|  20|0x0000000081400000, 0x0000000081500000, 0x0000000081500000|100%| O|  |TAMS 0x0000000081400000, 0x0000000081500000| Untracked 
|  21|0x0000000081500000, 0x0000000081600000, 0x0000000081600000|100%| O|  |TAMS 0x0000000081500000, 0x0000000081600000| Untracked 
|  22|0x0000000081600000, 0x0000000081700000, 0x0000000081700000|100%| O|  |TAMS 0x0000000081600000, 0x0000000081700000| Untracked 
|  23|0x0000000081700000, 0x0000000081800000, 0x0000000081800000|100%| O|  |TAMS 0x0000000081800000, 0x0000000081800000| Untracked 
|  24|0x0000000081800000, 0x0000000081900000, 0x0000000081900000|100%| O|  |TAMS 0x0000000081900000, 0x0000000081900000| Untracked 
|  25|0x0000000081900000, 0x0000000081a00000, 0x0000000081a00000|100%| O|  |TAMS 0x0000000081a00000, 0x0000000081a00000| Untracked 
|  26|0x0000000081a00000, 0x0000000081b00000, 0x0000000081b00000|100%| O|  |TAMS 0x0000000081b00000, 0x0000000081b00000| Untracked 
|  27|0x0000000081b00000, 0x0000000081c00000, 0x0000000081c00000|100%| O|  |TAMS 0x0000000081c00000, 0x0000000081c00000| Untracked 
|  28|0x0000000081c00000, 0x0000000081d00000, 0x0000000081d00000|100%| O|  |TAMS 0x0000000081c00000, 0x0000000081d00000| Untracked 
|  29|0x0000000081d00000, 0x0000000081e00000, 0x0000000081e00000|100%| O|  |TAMS 0x0000000081e00000, 0x0000000081e00000| Untracked 
|  30|0x0000000081e00000, 0x0000000081f00000, 0x0000000081f00000|100%| O|  |TAMS 0x0000000081f00000, 0x0000000081f00000| Untracked 
|  31|0x0000000081f00000, 0x0000000082000000, 0x0000000082000000|100%| O|  |TAMS 0x0000000082000000, 0x0000000082000000| Untracked 
|  32|0x0000000082000000, 0x0000000082100000, 0x0000000082100000|100%| O|  |TAMS 0x0000000082100000, 0x0000000082100000| Untracked 
|  33|0x0000000082100000, 0x0000000082200000, 0x0000000082200000|100%| O|  |TAMS 0x0000000082200000, 0x0000000082200000| Untracked 
|  34|0x0000000082200000, 0x0000000082300000, 0x0000000082300000|100%| O|  |TAMS 0x0000000082300000, 0x0000000082300000| Untracked 
|  35|0x0000000082300000, 0x0000000082400000, 0x0000000082400000|100%| O|  |TAMS 0x0000000082300000, 0x0000000082400000| Untracked 
|  36|0x0000000082400000, 0x0000000082500000, 0x0000000082500000|100%| O|  |TAMS 0x0000000082500000, 0x0000000082500000| Untracked 
|  37|0x0000000082500000, 0x0000000082600000, 0x0000000082600000|100%| O|  |TAMS 0x0000000082500000, 0x0000000082600000| Untracked 
|  38|0x0000000082600000, 0x0000000082700000, 0x0000000082700000|100%| O|  |TAMS 0x0000000082600000, 0x0000000082700000| Untracked 
|  39|0x0000000082700000, 0x0000000082800000, 0x0000000082800000|100%|HS|  |TAMS 0x0000000082800000, 0x0000000082800000| Complete 
|  40|0x0000000082800000, 0x0000000082900000, 0x0000000082900000|100%|HC|  |TAMS 0x0000000082900000, 0x0000000082900000| Complete 
|  41|0x0000000082900000, 0x0000000082a00000, 0x0000000082a00000|100%| O|  |TAMS 0x0000000082900000, 0x0000000082a00000| Untracked 
|  42|0x0000000082a00000, 0x0000000082b00000, 0x0000000082b00000|100%| O|  |TAMS 0x0000000082b00000, 0x0000000082b00000| Untracked 
|  43|0x0000000082b00000, 0x0000000082c00000, 0x0000000082c00000|100%| O|  |TAMS 0x0000000082b00000, 0x0000000082c00000| Untracked 
|  44|0x0000000082c00000, 0x0000000082d00000, 0x0000000082d00000|100%| O|  |TAMS 0x0000000082c00000, 0x0000000082d00000| Untracked 
|  45|0x0000000082d00000, 0x0000000082e00000, 0x0000000082e00000|100%| O|  |TAMS 0x0000000082e00000, 0x0000000082e00000| Untracked 
|  46|0x0000000082e00000, 0x0000000082f00000, 0x0000000082f00000|100%| O|  |TAMS 0x0000000082ead200, 0x0000000082f00000| Untracked 
|  47|0x0000000082f00000, 0x0000000083000000, 0x0000000083000000|100%| O|  |TAMS 0x0000000082f00000, 0x0000000083000000| Untracked 
|  48|0x0000000083000000, 0x0000000083100000, 0x0000000083100000|100%| O|  |TAMS 0x0000000083000000, 0x0000000083100000| Untracked 
|  49|0x0000000083100000, 0x0000000083200000, 0x0000000083200000|100%| O|  |TAMS 0x0000000083100000, 0x0000000083200000| Untracked 
|  50|0x0000000083200000, 0x0000000083300000, 0x0000000083300000|100%| O|  |TAMS 0x0000000083200000, 0x0000000083300000| Untracked 
|  51|0x0000000083300000, 0x0000000083400000, 0x0000000083400000|100%|HS|  |TAMS 0x0000000083300000, 0x0000000083400000| Complete 
|  52|0x0000000083400000, 0x0000000083500000, 0x0000000083500000|100%| O|  |TAMS 0x0000000083400000, 0x0000000083500000| Untracked 
|  53|0x0000000083500000, 0x0000000083600000, 0x0000000083600000|100%| O|  |TAMS 0x0000000083500000, 0x0000000083600000| Untracked 
|  54|0x0000000083600000, 0x0000000083700000, 0x0000000083700000|100%| O|  |TAMS 0x0000000083600000, 0x0000000083700000| Untracked 
|  55|0x0000000083700000, 0x0000000083800000, 0x0000000083800000|100%| O|  |TAMS 0x0000000083700000, 0x0000000083800000| Untracked 
|  56|0x0000000083800000, 0x0000000083900000, 0x0000000083900000|100%| O|  |TAMS 0x0000000083800000, 0x0000000083900000| Untracked 
|  57|0x0000000083900000, 0x0000000083a00000, 0x0000000083a00000|100%| O|  |TAMS 0x0000000083900000, 0x0000000083a00000| Untracked 
|  58|0x0000000083a00000, 0x0000000083b00000, 0x0000000083b00000|100%| O|  |TAMS 0x0000000083a00000, 0x0000000083b00000| Untracked 
|  59|0x0000000083b00000, 0x0000000083c00000, 0x0000000083c00000|100%| O|  |TAMS 0x0000000083b00000, 0x0000000083c00000| Untracked 
|  60|0x0000000083c00000, 0x0000000083d00000, 0x0000000083d00000|100%| O|  |TAMS 0x0000000083c00000, 0x0000000083d00000| Untracked 
|  61|0x0000000083d00000, 0x0000000083e00000, 0x0000000083e00000|100%| O|  |TAMS 0x0000000083d00000, 0x0000000083e00000| Untracked 
|  62|0x0000000083e00000, 0x0000000083f00000, 0x0000000083f00000|100%| O|  |TAMS 0x0000000083e00000, 0x0000000083f00000| Untracked 
|  63|0x0000000083f00000, 0x0000000084000000, 0x0000000084000000|100%| O|  |TAMS 0x0000000083f00000, 0x0000000084000000| Untracked 
|  64|0x0000000084000000, 0x0000000084100000, 0x0000000084100000|100%| O|  |TAMS 0x0000000084000000, 0x0000000084100000| Untracked 
|  65|0x0000000084100000, 0x0000000084200000, 0x0000000084200000|100%| O|  |TAMS 0x0000000084100000, 0x00000000841e8600| Untracked 
|  66|0x0000000084200000, 0x0000000084300000, 0x0000000084300000|100%|HS|  |TAMS 0x0000000084200000, 0x0000000084300000| Complete 
|  67|0x0000000084300000, 0x0000000084400000, 0x0000000084400000|100%|HC|  |TAMS 0x0000000084300000, 0x0000000084400000| Complete 
|  68|0x0000000084400000, 0x0000000084500000, 0x0000000084500000|100%|HC|  |TAMS 0x0000000084400000, 0x0000000084500000| Complete 
|  69|0x0000000084500000, 0x0000000084600000, 0x0000000084600000|100%|HC|  |TAMS 0x0000000084500000, 0x0000000084600000| Complete 
|  70|0x0000000084600000, 0x0000000084700000, 0x0000000084700000|100%|HC|  |TAMS 0x0000000084600000, 0x0000000084700000| Complete 
|  71|0x0000000084700000, 0x0000000084800000, 0x0000000084800000|100%|HS|  |TAMS 0x0000000084700000, 0x0000000084800000| Complete 
|  72|0x0000000084800000, 0x0000000084900000, 0x0000000084900000|100%|HC|  |TAMS 0x0000000084800000, 0x0000000084900000| Complete 
|  73|0x0000000084900000, 0x0000000084a00000, 0x0000000084a00000|100%|HC|  |TAMS 0x0000000084900000, 0x0000000084a00000| Complete 
|  74|0x0000000084a00000, 0x0000000084b00000, 0x0000000084b00000|100%|HC|  |TAMS 0x0000000084a00000, 0x0000000084b00000| Complete 
|  75|0x0000000084b00000, 0x0000000084c00000, 0x0000000084c00000|100%|HC|  |TAMS 0x0000000084b00000, 0x0000000084c00000| Complete 
|  76|0x0000000084c00000, 0x0000000084d00000, 0x0000000084d00000|100%|HS|  |TAMS 0x0000000084c00000, 0x0000000084d00000| Complete 
|  77|0x0000000084d00000, 0x0000000084e00000, 0x0000000084e00000|100%|HC|  |TAMS 0x0000000084d00000, 0x0000000084e00000| Complete 
|  78|0x0000000084e00000, 0x0000000084f00000, 0x0000000084f00000|100%|HC|  |TAMS 0x0000000084e00000, 0x0000000084f00000| Complete 
|  79|0x0000000084f00000, 0x0000000085000000, 0x0000000085000000|100%|HC|  |TAMS 0x0000000084f00000, 0x0000000085000000| Complete 
|  80|0x0000000085000000, 0x0000000085100000, 0x0000000085100000|100%|HC|  |TAMS 0x0000000085000000, 0x0000000085100000| Complete 
|  81|0x0000000085100000, 0x0000000085200000, 0x0000000085200000|100%|HS|  |TAMS 0x0000000085100000, 0x0000000085200000| Complete 
|  82|0x0000000085200000, 0x0000000085300000, 0x0000000085300000|100%|HC|  |TAMS 0x0000000085200000, 0x0000000085300000| Complete 
|  83|0x0000000085300000, 0x0000000085400000, 0x0000000085400000|100%|HC|  |TAMS 0x0000000085300000, 0x0000000085400000| Complete 
|  84|0x0000000085400000, 0x0000000085500000, 0x0000000085500000|100%|HC|  |TAMS 0x0000000085400000, 0x0000000085500000| Complete 
|  85|0x0000000085500000, 0x0000000085600000, 0x0000000085600000|100%|HC|  |TAMS 0x0000000085500000, 0x0000000085600000| Complete 
|  86|0x0000000085600000, 0x0000000085700000, 0x0000000085700000|100%| O|  |TAMS 0x0000000085600000, 0x0000000085600000| Untracked 
|  87|0x0000000085700000, 0x0000000085800000, 0x0000000085800000|100%| O|  |TAMS 0x0000000085700000, 0x0000000085700000| Untracked 
|  88|0x0000000085800000, 0x0000000085900000, 0x0000000085900000|100%| O|  |TAMS 0x0000000085800000, 0x0000000085800000| Untracked 
|  89|0x0000000085900000, 0x0000000085a00000, 0x0000000085a00000|100%| O|  |TAMS 0x0000000085900000, 0x0000000085900000| Untracked 
|  90|0x0000000085a00000, 0x0000000085b00000, 0x0000000085b00000|100%| O|  |TAMS 0x0000000085a00000, 0x0000000085a00000| Untracked 
|  91|0x0000000085b00000, 0x0000000085b00000, 0x0000000085c00000|  0%| F|  |TAMS 0x0000000085b00000, 0x0000000085b00000| Untracked 
|  92|0x0000000085c00000, 0x0000000085c00000, 0x0000000085d00000|  0%| F|  |TAMS 0x0000000085c00000, 0x0000000085c00000| Untracked 
|  93|0x0000000085d00000, 0x0000000085e00000, 0x0000000085e00000|100%| O|  |TAMS 0x0000000085d00000, 0x0000000085d00000| Untracked 
|  94|0x0000000085e00000, 0x0000000085f00000, 0x0000000085f00000|100%| O|  |TAMS 0x0000000085e00000, 0x0000000085e00000| Untracked 
|  95|0x0000000085f00000, 0x0000000086000000, 0x0000000086000000|100%| O|  |TAMS 0x0000000085f00000, 0x0000000085f00000| Untracked 
|  96|0x0000000086000000, 0x0000000086100000, 0x0000000086100000|100%| O|  |TAMS 0x0000000086000000, 0x0000000086000000| Untracked 
|  97|0x0000000086100000, 0x0000000086200000, 0x0000000086200000|100%| O|  |TAMS 0x0000000086100000, 0x0000000086100000| Untracked 
|  98|0x0000000086200000, 0x0000000086200000, 0x0000000086300000|  0%| F|  |TAMS 0x0000000086200000, 0x0000000086200000| Untracked 
|  99|0x0000000086300000, 0x0000000086300000, 0x0000000086400000|  0%| F|  |TAMS 0x0000000086300000, 0x0000000086300000| Untracked 
| 100|0x0000000086400000, 0x0000000086400000, 0x0000000086500000|  0%| F|  |TAMS 0x0000000086400000, 0x0000000086400000| Untracked 
| 101|0x0000000086500000, 0x0000000086500000, 0x0000000086600000|  0%| F|  |TAMS 0x0000000086500000, 0x0000000086500000| Untracked 
| 102|0x0000000086600000, 0x0000000086600000, 0x0000000086700000|  0%| F|  |TAMS 0x0000000086600000, 0x0000000086600000| Untracked 
| 103|0x0000000086700000, 0x0000000086700000, 0x0000000086800000|  0%| F|  |TAMS 0x0000000086700000, 0x0000000086700000| Untracked 
| 104|0x0000000086800000, 0x0000000086800000, 0x0000000086900000|  0%| F|  |TAMS 0x0000000086800000, 0x0000000086800000| Untracked 
| 105|0x0000000086900000, 0x0000000086900000, 0x0000000086a00000|  0%| F|  |TAMS 0x0000000086900000, 0x0000000086900000| Untracked 
| 106|0x0000000086a00000, 0x0000000086a00000, 0x0000000086b00000|  0%| F|  |TAMS 0x0000000086a00000, 0x0000000086a00000| Untracked 
| 107|0x0000000086b00000, 0x0000000086b00000, 0x0000000086c00000|  0%| F|  |TAMS 0x0000000086b00000, 0x0000000086b00000| Untracked 
| 108|0x0000000086c00000, 0x0000000086d00000, 0x0000000086d00000|100%| O|  |TAMS 0x0000000086c00000, 0x0000000086c00000| Untracked 
| 109|0x0000000086d00000, 0x0000000086d80000, 0x0000000086e00000| 50%| O|  |TAMS 0x0000000086d00000, 0x0000000086d00000| Untracked 
| 110|0x0000000086e00000, 0x0000000086e00000, 0x0000000086f00000|  0%| F|  |TAMS 0x0000000086e00000, 0x0000000086e00000| Untracked 
| 111|0x0000000086f00000, 0x0000000086f00000, 0x0000000087000000|  0%| F|  |TAMS 0x0000000086f00000, 0x0000000086f00000| Untracked 
| 112|0x0000000087000000, 0x0000000087000000, 0x0000000087100000|  0%| F|  |TAMS 0x0000000087000000, 0x0000000087000000| Untracked 
| 113|0x0000000087100000, 0x0000000087100000, 0x0000000087200000|  0%| F|  |TAMS 0x0000000087100000, 0x0000000087100000| Untracked 
| 114|0x0000000087200000, 0x0000000087200000, 0x0000000087300000|  0%| F|  |TAMS 0x0000000087200000, 0x0000000087200000| Untracked 
| 115|0x0000000087300000, 0x0000000087300000, 0x0000000087400000|  0%| F|  |TAMS 0x0000000087300000, 0x0000000087300000| Untracked 
| 116|0x0000000087400000, 0x0000000087400000, 0x0000000087500000|  0%| F|  |TAMS 0x0000000087400000, 0x0000000087400000| Untracked 
| 117|0x0000000087500000, 0x0000000087500000, 0x0000000087600000|  0%| F|  |TAMS 0x0000000087500000, 0x0000000087500000| Untracked 
| 118|0x0000000087600000, 0x0000000087600000, 0x0000000087700000|  0%| F|  |TAMS 0x0000000087600000, 0x0000000087600000| Untracked 
| 119|0x0000000087700000, 0x0000000087700000, 0x0000000087800000|  0%| F|  |TAMS 0x0000000087700000, 0x0000000087700000| Untracked 
| 120|0x0000000087800000, 0x0000000087800000, 0x0000000087900000|  0%| F|  |TAMS 0x0000000087800000, 0x0000000087800000| Untracked 
| 121|0x0000000087900000, 0x0000000087a00000, 0x0000000087a00000|100%| S|CS|TAMS 0x0000000087900000, 0x0000000087900000| Complete 
| 122|0x0000000087a00000, 0x0000000087b00000, 0x0000000087b00000|100%| S|CS|TAMS 0x0000000087a00000, 0x0000000087a00000| Complete 
| 123|0x0000000087b00000, 0x0000000087c00000, 0x0000000087c00000|100%| S|CS|TAMS 0x0000000087b00000, 0x0000000087b00000| Complete 
| 124|0x0000000087c00000, 0x0000000087d00000, 0x0000000087d00000|100%| S|CS|TAMS 0x0000000087c00000, 0x0000000087c00000| Complete 
| 125|0x0000000087d00000, 0x0000000087e00000, 0x0000000087e00000|100%| S|CS|TAMS 0x0000000087d00000, 0x0000000087d00000| Complete 
| 126|0x0000000087e00000, 0x0000000087f00000, 0x0000000087f00000|100%| S|CS|TAMS 0x0000000087e00000, 0x0000000087e00000| Complete 
| 127|0x0000000087f00000, 0x0000000088000000, 0x0000000088000000|100%| S|CS|TAMS 0x0000000087f00000, 0x0000000087f00000| Complete 
| 128|0x0000000088000000, 0x0000000088100000, 0x0000000088100000|100%| S|CS|TAMS 0x0000000088000000, 0x0000000088000000| Complete 
| 129|0x0000000088100000, 0x0000000088200000, 0x0000000088200000|100%| S|CS|TAMS 0x0000000088100000, 0x0000000088100000| Complete 
| 130|0x0000000088200000, 0x0000000088200000, 0x0000000088300000|  0%| F|  |TAMS 0x0000000088200000, 0x0000000088200000| Untracked 
| 131|0x0000000088300000, 0x0000000088300000, 0x0000000088400000|  0%| F|  |TAMS 0x0000000088300000, 0x0000000088300000| Untracked 
| 132|0x0000000088400000, 0x0000000088400000, 0x0000000088500000|  0%| F|  |TAMS 0x0000000088400000, 0x0000000088400000| Untracked 
| 133|0x0000000088500000, 0x0000000088500000, 0x0000000088600000|  0%| F|  |TAMS 0x0000000088500000, 0x0000000088500000| Untracked 
| 134|0x0000000088600000, 0x0000000088600000, 0x0000000088700000|  0%| F|  |TAMS 0x0000000088600000, 0x0000000088600000| Untracked 
| 135|0x0000000088700000, 0x0000000088700000, 0x0000000088800000|  0%| F|  |TAMS 0x0000000088700000, 0x0000000088700000| Untracked 
| 136|0x0000000088800000, 0x0000000088800000, 0x0000000088900000|  0%| F|  |TAMS 0x0000000088800000, 0x0000000088800000| Untracked 
| 137|0x0000000088900000, 0x0000000088900000, 0x0000000088a00000|  0%| F|  |TAMS 0x0000000088900000, 0x0000000088900000| Untracked 
| 138|0x0000000088a00000, 0x0000000088a00000, 0x0000000088b00000|  0%| F|  |TAMS 0x0000000088a00000, 0x0000000088a00000| Untracked 
| 139|0x0000000088b00000, 0x0000000088b00000, 0x0000000088c00000|  0%| F|  |TAMS 0x0000000088b00000, 0x0000000088b00000| Untracked 
| 140|0x0000000088c00000, 0x0000000088c00000, 0x0000000088d00000|  0%| F|  |TAMS 0x0000000088c00000, 0x0000000088c00000| Untracked 
| 141|0x0000000088d00000, 0x0000000088d00000, 0x0000000088e00000|  0%| F|  |TAMS 0x0000000088d00000, 0x0000000088d00000| Untracked 
| 142|0x0000000088e00000, 0x0000000088e00000, 0x0000000088f00000|  0%| F|  |TAMS 0x0000000088e00000, 0x0000000088e00000| Untracked 
| 143|0x0000000088f00000, 0x0000000088f00000, 0x0000000089000000|  0%| F|  |TAMS 0x0000000088f00000, 0x0000000088f00000| Untracked 
| 144|0x0000000089000000, 0x0000000089000000, 0x0000000089100000|  0%| F|  |TAMS 0x0000000089000000, 0x0000000089000000| Untracked 
| 145|0x0000000089100000, 0x0000000089100000, 0x0000000089200000|  0%| F|  |TAMS 0x0000000089100000, 0x0000000089100000| Untracked 
| 146|0x0000000089200000, 0x0000000089200000, 0x0000000089300000|  0%| F|  |TAMS 0x0000000089200000, 0x0000000089200000| Untracked 
| 147|0x0000000089300000, 0x0000000089300000, 0x0000000089400000|  0%| F|  |TAMS 0x0000000089300000, 0x0000000089300000| Untracked 
| 148|0x0000000089400000, 0x0000000089400000, 0x0000000089500000|  0%| F|  |TAMS 0x0000000089400000, 0x0000000089400000| Untracked 
| 149|0x0000000089500000, 0x0000000089500000, 0x0000000089600000|  0%| F|  |TAMS 0x0000000089500000, 0x0000000089500000| Untracked 
| 150|0x0000000089600000, 0x0000000089600000, 0x0000000089700000|  0%| F|  |TAMS 0x0000000089600000, 0x0000000089600000| Untracked 
| 151|0x0000000089700000, 0x0000000089700000, 0x0000000089800000|  0%| F|  |TAMS 0x0000000089700000, 0x0000000089700000| Untracked 
| 152|0x0000000089800000, 0x0000000089800000, 0x0000000089900000|  0%| F|  |TAMS 0x0000000089800000, 0x0000000089800000| Untracked 
| 153|0x0000000089900000, 0x0000000089900000, 0x0000000089a00000|  0%| F|  |TAMS 0x0000000089900000, 0x0000000089900000| Untracked 
| 154|0x0000000089a00000, 0x0000000089a00000, 0x0000000089b00000|  0%| F|  |TAMS 0x0000000089a00000, 0x0000000089a00000| Untracked 
| 155|0x0000000089b00000, 0x0000000089b00000, 0x0000000089c00000|  0%| F|  |TAMS 0x0000000089b00000, 0x0000000089b00000| Untracked 
| 156|0x0000000089c00000, 0x0000000089c00000, 0x0000000089d00000|  0%| F|  |TAMS 0x0000000089c00000, 0x0000000089c00000| Untracked 
| 157|0x0000000089d00000, 0x0000000089d00000, 0x0000000089e00000|  0%| F|  |TAMS 0x0000000089d00000, 0x0000000089d00000| Untracked 
| 158|0x0000000089e00000, 0x0000000089e00000, 0x0000000089f00000|  0%| F|  |TAMS 0x0000000089e00000, 0x0000000089e00000| Untracked 
| 159|0x0000000089f00000, 0x0000000089f00000, 0x000000008a000000|  0%| F|  |TAMS 0x0000000089f00000, 0x0000000089f00000| Untracked 
| 160|0x000000008a000000, 0x000000008a000000, 0x000000008a100000|  0%| F|  |TAMS 0x000000008a000000, 0x000000008a000000| Untracked 
| 161|0x000000008a100000, 0x000000008a100000, 0x000000008a200000|  0%| F|  |TAMS 0x000000008a100000, 0x000000008a100000| Untracked 
| 162|0x000000008a200000, 0x000000008a200000, 0x000000008a300000|  0%| F|  |TAMS 0x000000008a200000, 0x000000008a200000| Untracked 
| 163|0x000000008a300000, 0x000000008a300000, 0x000000008a400000|  0%| F|  |TAMS 0x000000008a300000, 0x000000008a300000| Untracked 
| 164|0x000000008a400000, 0x000000008a400000, 0x000000008a500000|  0%| F|  |TAMS 0x000000008a400000, 0x000000008a400000| Untracked 
| 165|0x000000008a500000, 0x000000008a500000, 0x000000008a600000|  0%| F|  |TAMS 0x000000008a500000, 0x000000008a500000| Untracked 
| 166|0x000000008a600000, 0x000000008a600000, 0x000000008a700000|  0%| F|  |TAMS 0x000000008a600000, 0x000000008a600000| Untracked 
| 167|0x000000008a700000, 0x000000008a700000, 0x000000008a800000|  0%| F|  |TAMS 0x000000008a700000, 0x000000008a700000| Untracked 
| 168|0x000000008a800000, 0x000000008a800000, 0x000000008a900000|  0%| F|  |TAMS 0x000000008a800000, 0x000000008a800000| Untracked 
| 169|0x000000008a900000, 0x000000008a900000, 0x000000008aa00000|  0%| F|  |TAMS 0x000000008a900000, 0x000000008a900000| Untracked 
| 170|0x000000008aa00000, 0x000000008aa00000, 0x000000008ab00000|  0%| F|  |TAMS 0x000000008aa00000, 0x000000008aa00000| Untracked 
| 171|0x000000008ab00000, 0x000000008ab00000, 0x000000008ac00000|  0%| F|  |TAMS 0x000000008ab00000, 0x000000008ab00000| Untracked 
| 172|0x000000008ac00000, 0x000000008ac00000, 0x000000008ad00000|  0%| F|  |TAMS 0x000000008ac00000, 0x000000008ac00000| Untracked 
| 173|0x000000008ad00000, 0x000000008ad00000, 0x000000008ae00000|  0%| F|  |TAMS 0x000000008ad00000, 0x000000008ad00000| Untracked 
| 174|0x000000008ae00000, 0x000000008ae00000, 0x000000008af00000|  0%| F|  |TAMS 0x000000008ae00000, 0x000000008ae00000| Untracked 
| 175|0x000000008af00000, 0x000000008af00000, 0x000000008b000000|  0%| F|  |TAMS 0x000000008af00000, 0x000000008af00000| Untracked 
| 176|0x000000008b000000, 0x000000008b000000, 0x000000008b100000|  0%| F|  |TAMS 0x000000008b000000, 0x000000008b000000| Untracked 
| 177|0x000000008b100000, 0x000000008b100000, 0x000000008b200000|  0%| F|  |TAMS 0x000000008b100000, 0x000000008b100000| Untracked 
| 178|0x000000008b200000, 0x000000008b200000, 0x000000008b300000|  0%| F|  |TAMS 0x000000008b200000, 0x000000008b200000| Untracked 
| 179|0x000000008b300000, 0x000000008b300000, 0x000000008b400000|  0%| F|  |TAMS 0x000000008b300000, 0x000000008b300000| Untracked 
| 180|0x000000008b400000, 0x000000008b400000, 0x000000008b500000|  0%| F|  |TAMS 0x000000008b400000, 0x000000008b400000| Untracked 
| 181|0x000000008b500000, 0x000000008b500000, 0x000000008b600000|  0%| F|  |TAMS 0x000000008b500000, 0x000000008b500000| Untracked 
| 182|0x000000008b600000, 0x000000008b600000, 0x000000008b700000|  0%| F|  |TAMS 0x000000008b600000, 0x000000008b600000| Untracked 
| 183|0x000000008b700000, 0x000000008b700000, 0x000000008b800000|  0%| F|  |TAMS 0x000000008b700000, 0x000000008b700000| Untracked 
| 184|0x000000008b800000, 0x000000008b800000, 0x000000008b900000|  0%| F|  |TAMS 0x000000008b800000, 0x000000008b800000| Untracked 
| 185|0x000000008b900000, 0x000000008b900000, 0x000000008ba00000|  0%| F|  |TAMS 0x000000008b900000, 0x000000008b900000| Untracked 
| 186|0x000000008ba00000, 0x000000008ba00000, 0x000000008bb00000|  0%| F|  |TAMS 0x000000008ba00000, 0x000000008ba00000| Untracked 
| 187|0x000000008bb00000, 0x000000008bb00000, 0x000000008bc00000|  0%| F|  |TAMS 0x000000008bb00000, 0x000000008bb00000| Untracked 
| 188|0x000000008bc00000, 0x000000008bc00000, 0x000000008bd00000|  0%| F|  |TAMS 0x000000008bc00000, 0x000000008bc00000| Untracked 
| 189|0x000000008bd00000, 0x000000008bd00000, 0x000000008be00000|  0%| F|  |TAMS 0x000000008bd00000, 0x000000008bd00000| Untracked 
| 190|0x000000008be00000, 0x000000008be00000, 0x000000008bf00000|  0%| F|  |TAMS 0x000000008be00000, 0x000000008be00000| Untracked 
| 191|0x000000008bf00000, 0x000000008bf00000, 0x000000008c000000|  0%| F|  |TAMS 0x000000008bf00000, 0x000000008bf00000| Untracked 
| 192|0x000000008c000000, 0x000000008c000000, 0x000000008c100000|  0%| F|  |TAMS 0x000000008c000000, 0x000000008c000000| Untracked 
| 193|0x000000008c100000, 0x000000008c100000, 0x000000008c200000|  0%| F|  |TAMS 0x000000008c100000, 0x000000008c100000| Untracked 
| 194|0x000000008c200000, 0x000000008c200000, 0x000000008c300000|  0%| F|  |TAMS 0x000000008c200000, 0x000000008c200000| Untracked 
| 195|0x000000008c300000, 0x000000008c300000, 0x000000008c400000|  0%| F|  |TAMS 0x000000008c300000, 0x000000008c300000| Untracked 
| 196|0x000000008c400000, 0x000000008c400000, 0x000000008c500000|  0%| F|  |TAMS 0x000000008c400000, 0x000000008c400000| Untracked 
| 197|0x000000008c500000, 0x000000008c500000, 0x000000008c600000|  0%| F|  |TAMS 0x000000008c500000, 0x000000008c500000| Untracked 
| 198|0x000000008c600000, 0x000000008c600000, 0x000000008c700000|  0%| F|  |TAMS 0x000000008c600000, 0x000000008c600000| Untracked 
| 199|0x000000008c700000, 0x000000008c700000, 0x000000008c800000|  0%| F|  |TAMS 0x000000008c700000, 0x000000008c700000| Untracked 
| 200|0x000000008c800000, 0x000000008c800000, 0x000000008c900000|  0%| F|  |TAMS 0x000000008c800000, 0x000000008c800000| Untracked 
| 201|0x000000008c900000, 0x000000008c900000, 0x000000008ca00000|  0%| F|  |TAMS 0x000000008c900000, 0x000000008c900000| Untracked 
| 202|0x000000008ca00000, 0x000000008ca00000, 0x000000008cb00000|  0%| F|  |TAMS 0x000000008ca00000, 0x000000008ca00000| Untracked 
| 203|0x000000008cb00000, 0x000000008cb00000, 0x000000008cc00000|  0%| F|  |TAMS 0x000000008cb00000, 0x000000008cb00000| Untracked 

Card table byte_map: [0x0000015376b70000,0x0000015376f70000] _byte_map_base: 0x0000015376770000

Marking Bits (Prev, Next): (CMBitMap*) 0x000001537310b520, (CMBitMap*) 0x000001537310b560
 Prev Bits: [0x0000015377370000, 0x0000015379370000)
 Next Bits: [0x0000015379370000, 0x000001537b370000)

Polling page: 0x0000015372890000

Metaspace:

Usage:
  Non-class:     46.03 MB used.
      Class:      5.67 MB used.
       Both:     51.70 MB used.

Virtual space:
  Non-class space:       48.00 MB reserved,      46.38 MB ( 97%) committed,  6 nodes.
      Class space:        1.00 GB reserved,       6.00 MB ( <1%) committed,  1 nodes.
             Both:        1.05 GB reserved,      52.38 MB (  5%) committed. 

Chunk freelists:
   Non-Class:  1.43 MB
       Class:  1.89 MB
        Both:  3.32 MB

MaxMetaspaceSize: unlimited
CompressedClassSpaceSize: 1.00 GB
Initial GC threshold: 21.00 MB
Current GC threshold: 62.19 MB
CDS: off
MetaspaceReclaimPolicy: balanced
 - commit_granule_bytes: 65536.
 - commit_granule_words: 8192.
 - virtual_space_node_default_size: 1048576.
 - enlarge_chunks_in_place: 1.
 - new_chunks_are_fully_committed: 0.
 - uncommit_free_chunks: 1.
 - use_allocation_guard: 0.
 - handle_deallocations: 1.


Internal statistics:

num_allocs_failed_limit: 3.
num_arena_births: 244.
num_arena_deaths: 0.
num_vsnodes_births: 7.
num_vsnodes_deaths: 0.
num_space_committed: 838.
num_space_uncommitted: 0.
num_chunks_returned_to_freelist: 3.
num_chunks_taken_from_freelist: 2008.
num_chunk_merges: 0.
num_chunk_splits: 1479.
num_chunks_enlarged: 1196.
num_purges: 0.
num_inconsistent_stats: 0.

CodeHeap 'non-profiled nmethods': size=120064Kb used=4409Kb max_used=4450Kb free=115654Kb
 bounds [0x0000015307ac0000, 0x0000015307f30000, 0x000001530f000000]
CodeHeap 'profiled nmethods': size=120000Kb used=16917Kb max_used=19405Kb free=103082Kb
 bounds [0x0000015300590000, 0x0000015301890000, 0x0000015307ac0000]
CodeHeap 'non-nmethods': size=5696Kb used=1214Kb max_used=1260Kb free=4481Kb
 bounds [0x0000015300000000, 0x0000015300270000, 0x0000015300590000]
 total_blobs=8277 nmethods=7761 adapters=428
 compilation: enabled
              stopped_count=0, restarted_count=0
 full_count=0

Compilation events (20 events):
Event: 17.213 Thread 0x000001537d5676d0 9599       4       java.util.zip.Deflater::ensureOpen (47 bytes)
Event: 17.214 Thread 0x000001537d5676d0 nmethod 9599 0x0000015307b34210 code [0x0000015307b34380, 0x0000015307b34438]
Event: 17.216 Thread 0x000001537d5676d0 9600       4       jdk.internal.ref.CleanerImpl$PhantomCleanableRef::performCleanup (10 bytes)
Event: 17.217 Thread 0x000001537d5676d0 nmethod 9600 0x0000015307d6fc10 code [0x0000015307d6fd80, 0x0000015307d6fe18]
Event: 17.240 Thread 0x000001537d5676d0 9601       4       java.util.zip.ZipFile$ZipFileInflaterInputStream::fill (80 bytes)
Event: 17.249 Thread 0x000001537d56cc80 9602   !   3       java.util.zip.Deflater::needsInput (55 bytes)
Event: 17.249 Thread 0x000001537d56cc80 nmethod 9602 0x000001530091cd10 code [0x000001530091cec0, 0x000001530091d278]
Event: 17.260 Thread 0x000001537d56cc80 9603       3       org.codehaus.plexus.components.io.resources.proxy.ResourceInvocationHandler::invoke (154 bytes)
Event: 17.261 Thread 0x000001537d56cc80 nmethod 9603 0x000001530105d290 code [0x000001530105d560, 0x000001530105e2d8]
Event: 17.271 Thread 0x000001537d5676d0 nmethod 9601 0x0000015307e16210 code [0x0000015307e16460, 0x0000015307e17f70]
Event: 17.271 Thread 0x000001537d5676d0 9604       4       java.lang.reflect.AccessibleObject::checkAccess (40 bytes)
Event: 17.273 Thread 0x000001537d5676d0 nmethod 9604 0x0000015307e15d10 code [0x0000015307e15ea0, 0x0000015307e16038]
Event: 17.275 Thread 0x000001537d5676d0 9605   !   4       java.util.zip.Inflater::reset (64 bytes)
Event: 17.277 Thread 0x000001537d5676d0 nmethod 9605 0x0000015307e15510 code [0x0000015307e156a0, 0x0000015307e15b08]
Event: 17.277 Thread 0x000001537d5676d0 9606       4       java.util.ArrayDeque::add (7 bytes)
Event: 17.279 Thread 0x000001537d5676d0 nmethod 9606 0x0000015307d3b510 code [0x0000015307d3b6a0, 0x0000015307d3b8a8]
Event: 17.285 Thread 0x000001537d5676d0 9607       4       org.apache.commons.compress.archivers.zip.StreamCompressor::deflate (33 bytes)
Event: 17.286 Thread 0x000001537d5676d0 nmethod 9607 0x0000015307d3b090 code [0x0000015307d3b220, 0x0000015307d3b348]
Event: 17.286 Thread 0x000001537d5676d0 9608   !   4       java.util.zip.Deflater::deflate (413 bytes)
Event: 17.289 Thread 0x000001537d5676d0 nmethod 9608 0x0000015307d50a90 code [0x0000015307d50c20, 0x0000015307d51188]

GC Heap History (20 events):
Event: 9.721 GC heap after
{Heap after GC invocations=20 (full 0):
 garbage-first heap   total 97280K, used 47939K [0x0000000080000000, 0x0000000100000000)
  region size 1024K, 3 young (3072K), 3 survivors (3072K)
 Metaspace       used 37516K, committed 37888K, reserved 1089536K
  class space    used 3859K, committed 4096K, reserved 1048576K
}
Event: 9.726 GC heap before
{Heap before GC invocations=20 (full 0):
 garbage-first heap   total 97280K, used 48963K [0x0000000080000000, 0x0000000100000000)
  region size 1024K, 4 young (4096K), 3 survivors (3072K)
 Metaspace       used 37516K, committed 37888K, reserved 1089536K
  class space    used 3859K, committed 4096K, reserved 1048576K
}
Event: 9.733 GC heap after
{Heap after GC invocations=21 (full 0):
 garbage-first heap   total 97280K, used 46295K [0x0000000080000000, 0x0000000100000000)
  region size 1024K, 1 young (1024K), 1 survivors (1024K)
 Metaspace       used 37516K, committed 37888K, reserved 1089536K
  class space    used 3859K, committed 4096K, reserved 1048576K
}
Event: 10.023 GC heap before
{Heap before GC invocations=21 (full 0):
 garbage-first heap   total 97280K, used 74967K [0x0000000080000000, 0x0000000100000000)
  region size 1024K, 29 young (29696K), 1 survivors (1024K)
 Metaspace       used 37861K, committed 38208K, reserved 1089536K
  class space    used 3885K, committed 4096K, reserved 1048576K
}
Event: 10.026 GC heap after
{Heap after GC invocations=22 (full 0):
 garbage-first heap   total 97280K, used 47942K [0x0000000080000000, 0x0000000100000000)
  region size 1024K, 3 young (3072K), 3 survivors (3072K)
 Metaspace       used 37861K, committed 38208K, reserved 1089536K
  class space    used 3885K, committed 4096K, reserved 1048576K
}
Event: 10.547 GC heap before
{Heap before GC invocations=23 (full 0):
 garbage-first heap   total 97280K, used 76614K [0x0000000080000000, 0x0000000100000000)
  region size 1024K, 31 young (31744K), 3 survivors (3072K)
 Metaspace       used 39587K, committed 40000K, reserved 1089536K
  class space    used 4120K, committed 4352K, reserved 1048576K
}
Event: 10.553 GC heap after
{Heap after GC invocations=24 (full 0):
 garbage-first heap   total 97280K, used 49751K [0x0000000080000000, 0x0000000100000000)
  region size 1024K, 4 young (4096K), 4 survivors (4096K)
 Metaspace       used 39587K, committed 40000K, reserved 1089536K
  class space    used 4120K, committed 4352K, reserved 1048576K
}
Event: 10.558 GC heap before
{Heap before GC invocations=24 (full 0):
 garbage-first heap   total 97280K, used 50775K [0x0000000080000000, 0x0000000100000000)
  region size 1024K, 5 young (5120K), 4 survivors (4096K)
 Metaspace       used 39587K, committed 40000K, reserved 1089536K
  class space    used 4120K, committed 4352K, reserved 1048576K
}
Event: 10.568 GC heap after
{Heap after GC invocations=25 (full 0):
 garbage-first heap   total 208896K, used 43393K [0x0000000080000000, 0x0000000100000000)
  region size 1024K, 1 young (1024K), 1 survivors (1024K)
 Metaspace       used 39587K, committed 40000K, reserved 1089536K
  class space    used 4120K, committed 4352K, reserved 1048576K
}
Event: 12.019 GC heap before
{Heap before GC invocations=25 (full 0):
 garbage-first heap   total 208896K, used 155009K [0x0000000080000000, 0x0000000100000000)
  region size 1024K, 110 young (112640K), 1 survivors (1024K)
 Metaspace       used 43545K, committed 44032K, reserved 1089536K
  class space    used 4651K, committed 4928K, reserved 1048576K
}
Event: 12.031 GC heap after
{Heap after GC invocations=26 (full 0):
 garbage-first heap   total 208896K, used 49501K [0x0000000080000000, 0x0000000100000000)
  region size 1024K, 7 young (7168K), 7 survivors (7168K)
 Metaspace       used 43545K, committed 44032K, reserved 1089536K
  class space    used 4651K, committed 4928K, reserved 1048576K
}
Event: 13.227 GC heap before
{Heap before GC invocations=26 (full 0):
 garbage-first heap   total 208896K, used 158045K [0x0000000080000000, 0x0000000100000000)
  region size 1024K, 113 young (115712K), 7 survivors (7168K)
 Metaspace       used 46060K, committed 46656K, reserved 1097728K
  class space    used 4947K, committed 5248K, reserved 1048576K
}
Event: 13.239 GC heap after
{Heap after GC invocations=27 (full 0):
 garbage-first heap   total 208896K, used 52976K [0x0000000080000000, 0x0000000100000000)
  region size 1024K, 10 young (10240K), 10 survivors (10240K)
 Metaspace       used 46060K, committed 46656K, reserved 1097728K
  class space    used 4947K, committed 5248K, reserved 1048576K
}
Event: 14.101 GC heap before
{Heap before GC invocations=27 (full 0):
 garbage-first heap   total 208896K, used 162544K [0x0000000080000000, 0x0000000100000000)
  region size 1024K, 117 young (119808K), 10 survivors (10240K)
 Metaspace       used 50307K, committed 50944K, reserved 1097728K
  class space    used 5492K, committed 5824K, reserved 1048576K
}
Event: 14.117 GC heap after
{Heap after GC invocations=28 (full 0):
 garbage-first heap   total 208896K, used 57179K [0x0000000080000000, 0x0000000100000000)
  region size 1024K, 8 young (8192K), 8 survivors (8192K)
 Metaspace       used 50307K, committed 50944K, reserved 1097728K
  class space    used 5492K, committed 5824K, reserved 1048576K
}
Event: 15.078 GC heap before
{Heap before GC invocations=28 (full 0):
 garbage-first heap   total 208896K, used 165723K [0x0000000080000000, 0x0000000100000000)
  region size 1024K, 114 young (116736K), 8 survivors (8192K)
 Metaspace       used 52606K, committed 53312K, reserved 1097728K
  class space    used 5769K, committed 6144K, reserved 1048576K
}
Event: 15.097 GC heap after
{Heap after GC invocations=29 (full 0):
 garbage-first heap   total 208896K, used 66301K [0x0000000080000000, 0x0000000100000000)
  region size 1024K, 14 young (14336K), 14 survivors (14336K)
 Metaspace       used 52606K, committed 53312K, reserved 1097728K
  class space    used 5769K, committed 6144K, reserved 1048576K
}
Event: 15.965 GC heap before
{Heap before GC invocations=29 (full 0):
 garbage-first heap   total 208896K, used 165629K [0x0000000080000000, 0x0000000100000000)
  region size 1024K, 110 young (112640K), 14 survivors (14336K)
 Metaspace       used 52620K, committed 53312K, reserved 1097728K
  class space    used 5769K, committed 6144K, reserved 1048576K
}
Event: 15.993 GC heap after
{Heap after GC invocations=30 (full 0):
 garbage-first heap   total 208896K, used 79265K [0x0000000080000000, 0x0000000100000000)
  region size 1024K, 12 young (12288K), 12 survivors (12288K)
 Metaspace       used 52620K, committed 53312K, reserved 1097728K
  class space    used 5769K, committed 6144K, reserved 1048576K
}
Event: 17.354 GC heap before
{Heap before GC invocations=30 (full 0):
 garbage-first heap   total 208896K, used 174497K [0x0000000080000000, 0x0000000100000000)
  region size 1024K, 86 young (88064K), 12 survivors (12288K)
 Metaspace       used 52942K, committed 53632K, reserved 1097728K
  class space    used 5802K, committed 6144K, reserved 1048576K
}

Deoptimization events (20 events):
Event: 17.137 Thread 0x00000153730adb80 DEOPT PACKING pc=0x0000015307dc6378 sp=0x00000007adcfdb80
Event: 17.137 Thread 0x00000153730adb80 DEOPT UNPACKING pc=0x00000153000523a3 sp=0x00000007adcfdb28 mode 2
Event: 17.137 Thread 0x00000153730adb80 Uncommon trap: trap_request=0xffffff45 fr.pc=0x0000015307ec8a30 relative=0x0000000000000490
Event: 17.137 Thread 0x00000153730adb80 Uncommon trap: reason=unstable_if action=reinterpret pc=0x0000015307ec8a30 method=java.util.Hashtable.contains(Ljava/lang/Object;)Z @ 24 c2
Event: 17.137 Thread 0x00000153730adb80 DEOPT PACKING pc=0x0000015307ec8a30 sp=0x00000007adcfdb70
Event: 17.137 Thread 0x00000153730adb80 DEOPT UNPACKING pc=0x00000153000523a3 sp=0x00000007adcfdb28 mode 2
Event: 17.139 Thread 0x00000153730adb80 DEOPT PACKING pc=0x0000015300b34dcd sp=0x00000007adcfdb80
Event: 17.139 Thread 0x00000153730adb80 DEOPT UNPACKING pc=0x0000015300052b43 sp=0x00000007adcfd020 mode 0
Event: 17.143 Thread 0x00000153730adb80 DEOPT PACKING pc=0x0000015300b34dcd sp=0x00000007adcfdb80
Event: 17.143 Thread 0x00000153730adb80 DEOPT UNPACKING pc=0x0000015300052b43 sp=0x00000007adcfd020 mode 0
Event: 17.144 Thread 0x00000153730adb80 DEOPT PACKING pc=0x0000015300b34dcd sp=0x00000007adcfdb80
Event: 17.144 Thread 0x00000153730adb80 DEOPT UNPACKING pc=0x0000015300052b43 sp=0x00000007adcfd020 mode 0
Event: 17.150 Thread 0x00000153730adb80 DEOPT PACKING pc=0x0000015300b34dcd sp=0x00000007adcfdb80
Event: 17.150 Thread 0x00000153730adb80 DEOPT UNPACKING pc=0x0000015300052b43 sp=0x00000007adcfd020 mode 0
Event: 17.152 Thread 0x00000153730adb80 DEOPT PACKING pc=0x0000015300b34dcd sp=0x00000007adcfdb80
Event: 17.152 Thread 0x00000153730adb80 DEOPT UNPACKING pc=0x0000015300052b43 sp=0x00000007adcfd020 mode 0
Event: 17.157 Thread 0x00000153730adb80 DEOPT PACKING pc=0x0000015300b34dcd sp=0x00000007adcfdb80
Event: 17.157 Thread 0x00000153730adb80 DEOPT UNPACKING pc=0x0000015300052b43 sp=0x00000007adcfd020 mode 0
Event: 17.176 Thread 0x00000153730adb80 DEOPT PACKING pc=0x0000015300b34dee sp=0x00000007adcfdb80
Event: 17.176 Thread 0x00000153730adb80 DEOPT UNPACKING pc=0x0000015300052b43 sp=0x00000007adcfd020 mode 0

Classes unloaded (0 events):
No events

Classes redefined (0 events):
No events

Internal exceptions (20 events):
Event: 8.472 Thread 0x00000153730adb80 Exception <a 'sun/nio/fs/WindowsException'{0x000000008480b6f8}> (0x000000008480b6f8) 
thrown [e:\jenkins\tmp\workspace\build\src\src\hotspot\share\prims\jni.cpp, line 516]
Event: 8.498 Thread 0x00000153730adb80 Exception <a 'sun/nio/fs/WindowsException'{0x00000000848a7748}> (0x00000000848a7748) 
thrown [e:\jenkins\tmp\workspace\build\src\src\hotspot\share\prims\jni.cpp, line 516]
Event: 8.501 Thread 0x00000153730adb80 Exception <a 'sun/nio/fs/WindowsException'{0x00000000848b6f90}> (0x00000000848b6f90) 
thrown [e:\jenkins\tmp\workspace\build\src\src\hotspot\share\prims\jni.cpp, line 516]
Event: 8.505 Thread 0x00000153730adb80 Exception <a 'sun/nio/fs/WindowsException'{0x00000000848d1808}> (0x00000000848d1808) 
thrown [e:\jenkins\tmp\workspace\build\src\src\hotspot\share\prims\jni.cpp, line 516]
Event: 8.532 Thread 0x00000153730adb80 Exception <a 'sun/nio/fs/WindowsException'{0x00000000847ab1f0}> (0x00000000847ab1f0) 
thrown [e:\jenkins\tmp\workspace\build\src\src\hotspot\share\prims\jni.cpp, line 516]
Event: 8.542 Thread 0x00000153730adb80 Exception <a 'sun/nio/fs/WindowsException'{0x00000000846276b8}> (0x00000000846276b8) 
thrown [e:\jenkins\tmp\workspace\build\src\src\hotspot\share\prims\jni.cpp, line 516]
Event: 8.964 Thread 0x00000153730adb80 Exception <a 'java/lang/NoClassDefFoundError'{0x000000008461f610}: org/sonatype/aether/artifact/ArtifactType> (0x000000008461f610) 
thrown [e:\jenkins\tmp\workspace\build\src\src\hotspot\share\classfile\systemDictionary.cpp, line 245]
Event: 8.973 Thread 0x00000153730adb80 Exception <a 'java/lang/NoClassDefFoundError'{0x000000008468c000}: org/sonatype/aether/artifact/Artifact> (0x000000008468c000) 
thrown [e:\jenkins\tmp\workspace\build\src\src\hotspot\share\classfile\systemDictionary.cpp, line 245]
Event: 8.983 Thread 0x00000153730adb80 Exception <a 'java/lang/NoClassDefFoundError'{0x00000000846bff50}: org/sonatype/aether/installation/InstallationException> (0x00000000846bff50) 
thrown [e:\jenkins\tmp\workspace\build\src\src\hotspot\share\classfile\systemDictionary.cpp, line 245]
Event: 9.111 Thread 0x00000153730adb80 Exception <a 'java/lang/NoClassDefFoundError'{0x0000000087fbb170}: org/sonatype/aether/deployment/DeploymentException> (0x0000000087fbb170) 
thrown [e:\jenkins\tmp\workspace\build\src\src\hotspot\share\classfile\systemDictionary.cpp, line 245]
Event: 9.112 Thread 0x00000153730adb80 Exception <a 'java/lang/NoClassDefFoundError'{0x0000000087fcc698}: org/sonatype/aether/RepositoryCache> (0x0000000087fcc698) 
thrown [e:\jenkins\tmp\workspace\build\src\src\hotspot\share\classfile\systemDictionary.cpp, line 245]
Event: 9.317 Thread 0x00000153730adb80 Exception <a 'java/lang/NoClassDefFoundError'{0x000000008752c6f8}: org/sonatype/aether/resolution/ArtifactDescriptorException> (0x000000008752c6f8) 
thrown [e:\jenkins\tmp\workspace\build\src\src\hotspot\share\classfile\systemDictionary.cpp, line 245]
Event: 9.327 Thread 0x00000153730adb80 Exception <a 'java/lang/NoClassDefFoundError'{0x00000000875bf4b8}: org/sonatype/aether/RepositoryCache> (0x00000000875bf4b8) 
thrown [e:\jenkins\tmp\workspace\build\src\src\hotspot\share\classfile\systemDictionary.cpp, line 245]
Event: 10.264 Thread 0x00000153730adb80 Exception <a 'java/lang/NoClassDefFoundError'{0x00000000873f0140}: org/sonatype/aether/graph/DependencyNode> (0x00000000873f0140) 
thrown [e:\jenkins\tmp\workspace\build\src\src\hotspot\share\classfile\systemDictionary.cpp, line 245]
Event: 11.136 Thread 0x00000153730adb80 Exception <a 'java/lang/NoClassDefFoundError'{0x000000008b597c08}: org/sonatype/aether/graph/DependencyNode> (0x000000008b597c08) 
thrown [e:\jenkins\tmp\workspace\build\src\src\hotspot\share\classfile\systemDictionary.cpp, line 245]
Event: 11.731 Thread 0x00000153730adb80 Exception <a 'java/lang/NoClassDefFoundError'{0x0000000087825218}: com/google/inject/ConfigurationException> (0x0000000087825218) 
thrown [e:\jenkins\tmp\workspace\build\src\src\hotspot\share\classfile\systemDictionary.cpp, line 245]
Event: 12.167 Thread 0x00000153730adb80 Exception <a 'java/lang/NoClassDefFoundError'{0x000000008bf6b6d8}: org/sonatype/aether/graph/DependencyNode> (0x000000008bf6b6d8) 
thrown [e:\jenkins\tmp\workspace\build\src\src\hotspot\share\classfile\systemDictionary.cpp, line 245]
Event: 14.000 Thread 0x00000153730adb80 Exception <a 'java/lang/NoClassDefFoundError'{0x0000000086bb6d98}: org/sonatype/aether/graph/DependencyNode> (0x0000000086bb6d98) 
thrown [e:\jenkins\tmp\workspace\build\src\src\hotspot\share\classfile\systemDictionary.cpp, line 245]
Event: 14.360 Thread 0x00000153730adb80 Exception <a 'java/lang/NoClassDefFoundError'{0x000000008ac85300}: org/sonatype/aether/graph/DependencyNode> (0x000000008ac85300) 
thrown [e:\jenkins\tmp\workspace\build\src\src\hotspot\share\classfile\systemDictionary.cpp, line 245]
Event: 14.529 Thread 0x00000153730adb80 Implicit null exception at 0x0000015307bb7ff4 to 0x0000015307bb82d8

VM Operations (20 events):
Event: 14.119 Executing VM operation: G1CollectForAllocation done
Event: 14.533 Executing VM operation: HandshakeAllThreads
Event: 14.533 Executing VM operation: HandshakeAllThreads done
Event: 15.078 Executing VM operation: G1CollectForAllocation
Event: 15.097 Executing VM operation: G1CollectForAllocation done
Event: 15.965 Executing VM operation: G1CollectForAllocation
Event: 15.994 Executing VM operation: G1CollectForAllocation done
Event: 16.148 Executing VM operation: HandshakeAllThreads
Event: 16.148 Executing VM operation: HandshakeAllThreads done
Event: 16.148 Executing VM operation: HandshakeAllThreads
Event: 16.148 Executing VM operation: HandshakeAllThreads done
Event: 16.171 Executing VM operation: HandshakeAllThreads
Event: 16.171 Executing VM operation: HandshakeAllThreads done
Event: 16.171 Executing VM operation: HandshakeAllThreads
Event: 16.171 Executing VM operation: HandshakeAllThreads done
Event: 16.205 Executing VM operation: HandshakeAllThreads
Event: 16.205 Executing VM operation: HandshakeAllThreads done
Event: 17.211 Executing VM operation: Cleanup
Event: 17.211 Executing VM operation: Cleanup done
Event: 17.354 Executing VM operation: G1TryInitiateConcMark

Events (20 events):
Event: 16.220 Thread 0x000001537d56d5a0 flushing nmethod 0x0000015301867b90
Event: 16.220 Thread 0x000001537d56d5a0 flushing nmethod 0x0000015301873510
Event: 16.285 loading class java/util/Vector$Itr
Event: 16.285 loading class java/util/Vector$Itr done
Event: 16.291 loading class java/util/zip/Deflater
Event: 16.291 loading class java/util/zip/Deflater done
Event: 16.292 loading class java/util/zip/Deflater$DeflaterZStreamRef
Event: 16.292 loading class java/util/zip/Deflater$DeflaterZStreamRef done
Event: 16.299 loading class java/util/concurrent/Executors
Event: 16.299 loading class java/util/concurrent/Executors done
Event: 16.299 loading class java/util/concurrent/Executors$DefaultThreadFactory
Event: 16.299 loading class java/util/concurrent/Executors$DefaultThreadFactory done
Event: 16.300 loading class java/util/concurrent/ConcurrentLinkedDeque
Event: 16.300 loading class java/util/concurrent/ConcurrentLinkedDeque done
Event: 16.300 loading class java/util/concurrent/ConcurrentLinkedDeque$Node
Event: 16.300 loading class java/util/concurrent/ConcurrentLinkedDeque$Node done
Event: 16.301 loading class java/util/Vector$1
Event: 16.301 loading class java/util/Vector$1 done
Event: 16.303 loading class java/io/DataOutputStream
Event: 16.305 loading class java/io/DataOutputStream done


Dynamic libraries:
0x00007ff7771e0000 - 0x00007ff7771ee000 	C:\sts\spring-tool-suite-4-4.15.1.RELEASE-e4.24.0-win32.win32.x86_64.self-extracting\sts-4.15.1.RELEASE\plugins\org.eclipse.justj.openjdk.hotspot.jre.full.win32.x86_64_17.0.3.v20220515-1416\jre\bin\javaw.exe
0x00007ff9977f0000 - 0x00007ff9979e8000 	C:\WINDOWS\SYSTEM32\ntdll.dll
0x00007ff996fc0000 - 0x00007ff99707d000 	C:\WINDOWS\System32\KERNEL32.DLL
0x00007ff995260000 - 0x00007ff99552e000 	C:\WINDOWS\System32\KERNELBASE.dll
0x00007ff994f80000 - 0x00007ff995080000 	C:\WINDOWS\System32\ucrtbase.dll
0x00007ff966850000 - 0x00007ff966868000 	C:\sts\spring-tool-suite-4-4.15.1.RELEASE-e4.24.0-win32.win32.x86_64.self-extracting\sts-4.15.1.RELEASE\plugins\org.eclipse.justj.openjdk.hotspot.jre.full.win32.x86_64_17.0.3.v20220515-1416\jre\bin\jli.dll
0x00007ff995850000 - 0x00007ff9959f0000 	C:\WINDOWS\System32\USER32.dll
0x00007ff995120000 - 0x00007ff995142000 	C:\WINDOWS\System32\win32u.dll
0x00007ff997080000 - 0x00007ff9970aa000 	C:\WINDOWS\System32\GDI32.dll
0x00007ff995150000 - 0x00007ff99525b000 	C:\WINDOWS\System32\gdi32full.dll
0x00007ff995080000 - 0x00007ff99511d000 	C:\WINDOWS\System32\msvcp_win.dll
0x00007ff98b290000 - 0x00007ff98b2a9000 	C:\sts\spring-tool-suite-4-4.15.1.RELEASE-e4.24.0-win32.win32.x86_64.self-extracting\sts-4.15.1.RELEASE\plugins\org.eclipse.justj.openjdk.hotspot.jre.full.win32.x86_64_17.0.3.v20220515-1416\jre\bin\VCRUNTIME140.dll
0x00007ff9751a0000 - 0x00007ff97543a000 	C:\WINDOWS\WinSxS\amd64_microsoft.windows.common-controls_6595b64144ccf1df_6.0.19041.1110_none_60b5254171f9507e\COMCTL32.dll
0x00007ff997620000 - 0x00007ff9976be000 	C:\WINDOWS\System32\msvcrt.dll
0x00007ff996380000 - 0x00007ff9963b0000 	C:\WINDOWS\System32\IMM32.DLL
0x00007ff9925b0000 - 0x00007ff9925bc000 	C:\sts\spring-tool-suite-4-4.15.1.RELEASE-e4.24.0-win32.win32.x86_64.self-extracting\sts-4.15.1.RELEASE\plugins\org.eclipse.justj.openjdk.hotspot.jre.full.win32.x86_64_17.0.3.v20220515-1416\jre\bin\vcruntime140_1.dll
0x00007ff98b1f0000 - 0x00007ff98b281000 	C:\sts\spring-tool-suite-4-4.15.1.RELEASE-e4.24.0-win32.win32.x86_64.self-extracting\sts-4.15.1.RELEASE\plugins\org.eclipse.justj.openjdk.hotspot.jre.full.win32.x86_64_17.0.3.v20220515-1416\jre\bin\msvcp140.dll
0x00007ff947240000 - 0x00007ff947e88000 	C:\sts\spring-tool-suite-4-4.15.1.RELEASE-e4.24.0-win32.win32.x86_64.self-extracting\sts-4.15.1.RELEASE\plugins\org.eclipse.justj.openjdk.hotspot.jre.full.win32.x86_64_17.0.3.v20220515-1416\jre\bin\server\jvm.dll
0x00007ff996f10000 - 0x00007ff996fbe000 	C:\WINDOWS\System32\ADVAPI32.dll
0x00007ff9970b0000 - 0x00007ff99714c000 	C:\WINDOWS\System32\sechost.dll
0x00007ff9961f0000 - 0x00007ff996315000 	C:\WINDOWS\System32\RPCRT4.dll
0x00007ff997720000 - 0x00007ff997728000 	C:\WINDOWS\System32\PSAPI.DLL
0x00007ff9895d0000 - 0x00007ff9895d9000 	C:\WINDOWS\SYSTEM32\WSOCK32.dll
0x00007ff997740000 - 0x00007ff9977ab000 	C:\WINDOWS\System32\WS2_32.dll
0x00007ff9714c0000 - 0x00007ff9714e7000 	C:\WINDOWS\SYSTEM32\WINMM.dll
0x00007ff98c9d0000 - 0x00007ff98c9da000 	C:\WINDOWS\SYSTEM32\VERSION.dll
0x00007ff992e30000 - 0x00007ff992e42000 	C:\WINDOWS\SYSTEM32\kernel.appcore.dll
0x00007ff96fe80000 - 0x00007ff96fe8a000 	C:\sts\spring-tool-suite-4-4.15.1.RELEASE-e4.24.0-win32.win32.x86_64.self-extracting\sts-4.15.1.RELEASE\plugins\org.eclipse.justj.openjdk.hotspot.jre.full.win32.x86_64_17.0.3.v20220515-1416\jre\bin\jimage.dll
0x00007ff986260000 - 0x00007ff986444000 	C:\WINDOWS\SYSTEM32\DBGHELP.DLL
0x00007ff9861f0000 - 0x00007ff98621c000 	C:\WINDOWS\SYSTEM32\dbgcore.DLL
0x00007ff9956c0000 - 0x00007ff995742000 	C:\WINDOWS\System32\bcryptPrimitives.dll
0x00007ff966820000 - 0x00007ff966845000 	C:\sts\spring-tool-suite-4-4.15.1.RELEASE-e4.24.0-win32.win32.x86_64.self-extracting\sts-4.15.1.RELEASE\plugins\org.eclipse.justj.openjdk.hotspot.jre.full.win32.x86_64_17.0.3.v20220515-1416\jre\bin\java.dll
0x00007ff966800000 - 0x00007ff966818000 	C:\sts\spring-tool-suite-4-4.15.1.RELEASE-e4.24.0-win32.win32.x86_64.self-extracting\sts-4.15.1.RELEASE\plugins\org.eclipse.justj.openjdk.hotspot.jre.full.win32.x86_64_17.0.3.v20220515-1416\jre\bin\zip.dll
0x00007ff996590000 - 0x00007ff996cd4000 	C:\WINDOWS\System32\SHELL32.dll
0x00007ff993030000 - 0x00007ff9937c4000 	C:\WINDOWS\SYSTEM32\windows.storage.dll
0x00007ff997150000 - 0x00007ff9974a4000 	C:\WINDOWS\System32\combase.dll
0x00007ff9948a0000 - 0x00007ff9948d0000 	C:\WINDOWS\SYSTEM32\Wldp.dll
0x00007ff995b20000 - 0x00007ff995bcd000 	C:\WINDOWS\System32\SHCORE.dll
0x00007ff996320000 - 0x00007ff996375000 	C:\WINDOWS\System32\shlwapi.dll
0x00007ff994e50000 - 0x00007ff994e6f000 	C:\WINDOWS\SYSTEM32\profapi.dll
0x00007ff966780000 - 0x00007ff966799000 	C:\sts\spring-tool-suite-4-4.15.1.RELEASE-e4.24.0-win32.win32.x86_64.self-extracting\sts-4.15.1.RELEASE\plugins\org.eclipse.justj.openjdk.hotspot.jre.full.win32.x86_64_17.0.3.v20220515-1416\jre\bin\net.dll
0x00007ff987f90000 - 0x00007ff98809a000 	C:\WINDOWS\SYSTEM32\WINHTTP.dll
0x00007ff994600000 - 0x00007ff99466a000 	C:\WINDOWS\system32\mswsock.dll
0x00007ff966700000 - 0x00007ff966715000 	C:\sts\spring-tool-suite-4-4.15.1.RELEASE-e4.24.0-win32.win32.x86_64.self-extracting\sts-4.15.1.RELEASE\plugins\org.eclipse.justj.openjdk.hotspot.jre.full.win32.x86_64_17.0.3.v20220515-1416\jre\bin\nio.dll
0x0000000069ac0000 - 0x0000000069ae4000 	C:\Users\gaurav\AppData\Local\Temp\jansi-2.4.0-f9488c9cfaae87e4-jansi.dll
0x00007ff9667c0000 - 0x00007ff9667d0000 	C:\sts\spring-tool-suite-4-4.15.1.RELEASE-e4.24.0-win32.win32.x86_64.self-extracting\sts-4.15.1.RELEASE\plugins\org.eclipse.justj.openjdk.hotspot.jre.full.win32.x86_64_17.0.3.v20220515-1416\jre\bin\verify.dll

dbghelp: loaded successfully - version: 4.0.5 - missing functions: none
symbol engine: initialized successfully - sym options: 0x614 - pdb path: .;C:\sts\spring-tool-suite-4-4.15.1.RELEASE-e4.24.0-win32.win32.x86_64.self-extracting\sts-4.15.1.RELEASE\plugins\org.eclipse.justj.openjdk.hotspot.jre.full.win32.x86_64_17.0.3.v20220515-1416\jre\bin;C:\WINDOWS\SYSTEM32;C:\WINDOWS\WinSxS\amd64_microsoft.windows.common-controls_6595b64144ccf1df_6.0.19041.1110_none_60b5254171f9507e;C:\sts\spring-tool-suite-4-4.15.1.RELEASE-e4.24.0-win32.win32.x86_64.self-extracting\sts-4.15.1.RELEASE\plugins\org.eclipse.justj.openjdk.hotspot.jre.full.win32.x86_64_17.0.3.v20220515-1416\jre\bin\server;C:\Users\gaurav\AppData\Local\Temp

VM Arguments:
jvm_args: -Dmaven.home=EMBEDDED -Dclassworlds.conf=C:\workspace\.metadata\.plugins\org.eclipse.m2e.launching\launches\m2conf939888146619144751.tmp -Dmaven.multiModuleProjectDirectory=C:\PTC-AWS\Sprint-boot-aws-dynomo -Djansi.force=true -Djansi.passthrough=true -Djansi.passthrough=true -Dfile.encoding=UTF-8 -XX:+ShowCodeDetailsInExceptionMessages 
java_command: org.codehaus.plexus.classworlds.launcher.Launcher -B clean compile assembly:single -Dstyle.color=always -Dstyle.color=always
java_class_path (initial): C:\sts\spring-tool-suite-4-4.15.1.RELEASE-e4.24.0-win32.win32.x86_64.self-extracting\sts-4.15.1.RELEASE\plugins\org.eclipse.m2e.maven.runtime_1.18.3.20220227-1319\jars\plexus-classworlds-2.6.0.jar
Launcher Type: SUN_STANDARD

[Global flags]
     intx CICompilerCount                          = 2                                         {product} {ergonomic}
     uint ConcGCThreads                            = 1                                         {product} {ergonomic}
     uint G1ConcRefinementThreads                  = 2                                         {product} {ergonomic}
   size_t G1HeapRegionSize                         = 1048576                                   {product} {ergonomic}
    uintx GCDrainStackTargetSize                   = 64                                        {product} {ergonomic}
   size_t InitialHeapSize                          = 134217728                                 {product} {ergonomic}
   size_t MarkStackSize                            = 4194304                                   {product} {ergonomic}
   size_t MaxHeapSize                              = 2147483648                                {product} {ergonomic}
   size_t MaxNewSize                               = 1287651328                                {product} {ergonomic}
   size_t MinHeapDeltaBytes                        = 1048576                                   {product} {ergonomic}
   size_t MinHeapSize                              = 8388608                                   {product} {ergonomic}
    uintx NonNMethodCodeHeapSize                   = 5826188                                {pd product} {ergonomic}
    uintx NonProfiledCodeHeapSize                  = 122916026                              {pd product} {ergonomic}
    uintx ProfiledCodeHeapSize                     = 122916026                              {pd product} {ergonomic}
    uintx ReservedCodeCacheSize                    = 251658240                              {pd product} {ergonomic}
     bool SegmentedCodeCache                       = true                                      {product} {ergonomic}
     bool ShowCodeDetailsInExceptionMessages       = true                                   {manageable} {command line}
   size_t SoftMaxHeapSize                          = 2147483648                             {manageable} {ergonomic}
     bool UseCompressedClassPointers               = true                           {product lp64_product} {ergonomic}
     bool UseCompressedOops                        = true                           {product lp64_product} {ergonomic}
     bool UseG1GC                                  = true                                      {product} {ergonomic}
     bool UseLargePagesIndividualAllocation        = false                                  {pd product} {ergonomic}

Logging:
Log output configuration:
 #0: stdout all=warning uptime,level,tags
 #1: stderr all=off uptime,level,tags

Environment Variables:
JAVA_HOME=C:\Program Files\Java\jdk-11
PATH=C:/sts/spring-tool-suite-4-4.15.1.RELEASE-e4.24.0-win32.win32.x86_64.self-extracting/sts-4.15.1.RELEASE//plugins/org.eclipse.justj.openjdk.hotspot.jre.full.win32.x86_64_17.0.3.v20220515-1416/jre/bin/server;C:/sts/spring-tool-suite-4-4.15.1.RELEASE-e4.24.0-win32.win32.x86_64.self-extracting/sts-4.15.1.RELEASE//plugins/org.eclipse.justj.openjdk.hotspot.jre.full.win32.x86_64_17.0.3.v20220515-1416/jre/bin;C:\WINDOWS\system32;C:\WINDOWS;C:\WINDOWS\System32\Wbem;C:\WINDOWS\System32\WindowsPowerShell\v1.0\;C:\WINDOWS\System32\OpenSSH\;C:\Program Files\TortoiseSVN\bin;C:\Program Files\nodejs\;C:\Program Files\Java\jdk-11\bin;C:\Program Files\Amazon\AWSCLIV2\;C:\Program Files\MySQL\MySQL Shell 8.0\bin\;C:\Users\gaurav\AppData\Local\Microsoft\WindowsApps;C:\Users\gaurav\AppData\Local\Programs\Microsoft VS Code\bin;C:\Users\gaurav\AppData\Roaming\npm;C:\Program Files\Java\jdk-11\bin;;C:\sts\spring-tool-suite-4-4.15.1.RELEASE-e4.24.0-win32.win32.x86_64.self-extracting\sts-4.15.1.RELEASE;
USERNAME=gaurav
OS=Windows_NT
PROCESSOR_IDENTIFIER=AMD64 Family 23 Model 49 Stepping 0, AuthenticAMD



---------------  S Y S T E M  ---------------

OS:
 Windows 10 , 64 bit Build 19041 (10.0.19041.1806)
OS uptime: 1 days 23:52 hours
Hyper-V virtualization detected

CPU: total 2 (initial active 2) (2 cores per cpu, 2 threads per core) family 23 model 49 stepping 0 microcode 0x0, cx8, cmov, fxsr, ht, mmx, 3dnowpref, sse, sse2, sse3, ssse3, sse4a, sse4.1, sse4.2, popcnt, lzcnt, tsc, avx, avx2, aes, clmul, bmi1, bmi2, adx, sha, fma, vzeroupper, clflush, clflushopt, hv

Memory: 4k page, system-wide physical 8191M (712M free)
TotalPageFile size 10239M (AvailPageFile size 157M)
current process WorkingSet (physical memory assigned to process): 370M, peak: 375M
current process commit charge ("private bytes"): 394M, peak: 669M

vm_info: OpenJDK 64-Bit Server VM (17.0.3+7) for windows-amd64 JRE (17.0.3+7), built on Apr 19 2022 16:55:35 by "" with MS VC++ 16.7 (VS2019)

END.
